2024-07-09 11:28:54 DEBUG populating 'rein' schema's refsql  with dateref '202412'
2024-07-09 11:28:54 DEBUG Building SSL context
2024-07-09 11:28:54 DEBUG Switching to SSL
2024-07-09 11:28:54 DEBUG SSL has been enabled
2024-07-09 11:28:54 DEBUG Starting authorization phase
2024-07-09 11:28:54 DEBUG The provided initial strategy is caching_sha2_password
2024-07-09 11:28:54 INFO package: mysql.connector.plugins
2024-07-09 11:28:54 INFO plugin_name: caching_sha2_password
2024-07-09 11:28:54 INFO AUTHENTICATION_PLUGIN_CLASS: MySQLCachingSHA2PasswordAuthPlugin
2024-07-09 11:28:54 DEBUG Exchanging further packets
2024-07-09 11:28:54 DEBUG caching_sha2_password completed succesfully
2024-07-09 11:28:54 DEBUG uploaded into database'{
    "idLigne": "200/202412",
    "idObjet": 0,
    "TBD": "BARO_AFRIQUE",
    "PAGE": "1",
    "OBJET": "MAROC",
    "DAT_REF": "202412",
    "PERD": "[M-11]",
    "RA_CODE": "ra20",
    "COLS_CODE": "C000",
    "ROWS_CODE": "R000",
    "SQL_CODE_SRC": "SELECT '[p_DAR_REF]' AS DAR,'[p_objet]' AS idObjet,'[p_RA]' AS RA,'[p_COL]' AS COL,'[p_ROW]' AS `ROW`,'[p_PERD]' AS PERD,Sum([p_INDI]) AS VAL FROM [p_CUBE] WHERE TRUE GROUP BY '[p_DAR_REF]','[p_objet]','[p_RA]','[p_COL]' ,'[p_ROW]' ,'[p_PERD]",
    "SQL_CODE_FINAL": "SELECT '202412' AS DAR,'0' AS idObjet,'ra20' AS RA,'C000' AS COL,'R000' AS `ROW`,'[M-11]' AS PERD,Sum(MT_VERST) AS VAL FROM vw_CUBE_DPLT_ICARE_BPCE_ENCR WHERE TRUE  AND CODE_NIV3_ICARE IN ('3_EPAR_BIL','3_EPAR_SAL','3_EQUIP') AND PERD_ARRT_INFO = 202401 AND CODE_ORGN_FINN IN ('111') GROUP BY '202412','0','ra20','C000' ,'R000' ,'[M-11]'",
    "PERIMETRE": "SOURCE",
    "DATE_TRT": "2024-07-09 11:28:54.580308"
}'
2024-07-09 11:28:54 DEBUG uploaded into database'{
    "idLigne": "201/202412",
    "idObjet": 0,
    "TBD": "BARO_AFRIQUE",
    "PAGE": "1",
    "OBJET": "MAROC",
    "DAT_REF": "202412",
    "PERD": "[M-11]",
    "RA_CODE": "ra20",
    "COLS_CODE": "C000",
    "ROWS_CODE": "R001",
    "SQL_CODE_SRC": "SELECT '[p_DAR_REF]' AS DAR,'[p_objet]' AS idObjet,'[p_RA]' AS RA,'[p_COL]' AS COL,'[p_ROW]' AS `ROW`,'[p_PERD]' AS PERD,Sum([p_INDI]) AS VAL FROM [p_CUBE] WHERE TRUE GROUP BY '[p_DAR_REF]','[p_objet]','[p_RA]','[p_COL]' ,'[p_ROW]' ,'[p_PERD]",
    "SQL_CODE_FINAL": "SELECT '202412' AS DAR,'0' AS idObjet,'ra20' AS RA,'C000' AS COL,'R001' AS `ROW`,'[M-11]' AS PERD,Sum(MT_VERST) AS VAL FROM vw_CUBE_DPLT_ICARE_BPCE_ENCR WHERE TRUE  AND CODE_NIV3_ICARE IN ('3_EPAR_BIL','3_EPAR_SAL','3_EQUIP') AND PERD_ARRT_INFO = 202401 AND CODE_ORGN_FINN IN ('112') GROUP BY '202412','0','ra20','C000' ,'R001' ,'[M-11]'",
    "PERIMETRE": "SOURCE",
    "DATE_TRT": "2024-07-09 11:28:54.587666"
}'
2024-07-09 11:28:54 DEBUG uploaded into database'{
    "idLigne": "202/202412",
    "idObjet": 0,
    "TBD": "BARO_AFRIQUE",
    "PAGE": "1",
    "OBJET": "MAROC",
    "DAT_REF": "202412",
    "PERD": "[M-11]",
    "RA_CODE": "ra20",
    "COLS_CODE": "C000",
    "ROWS_CODE": "R002",
    "SQL_CODE_SRC": "SELECT '[p_DAR_REF]' AS DAR,'[p_objet]' AS idObjet,'[p_RA]' AS RA,'[p_COL]' AS COL,'[p_ROW]' AS `ROW`,'[p_PERD]' AS PERD,Sum([p_INDI]) AS VAL FROM [p_CUBE] WHERE TRUE GROUP BY '[p_DAR_REF]','[p_objet]','[p_RA]','[p_COL]' ,'[p_ROW]' ,'[p_PERD]",
    "SQL_CODE_FINAL": "SELECT '202412' AS DAR,'0' AS idObjet,'ra20' AS RA,'C000' AS COL,'R002' AS `ROW`,'[M-11]' AS PERD,Sum(MT_VERST) AS VAL FROM vw_CUBE_DPLT_ICARE_BPCE_ENCR WHERE TRUE  AND CODE_NIV3_ICARE IN ('3_EPAR_BIL','3_EPAR_SAL','3_EQUIP') AND PERD_ARRT_INFO = 202401 AND CODE_ORGN_FINN IN ('111','112') GROUP BY '202412','0','ra20','C000' ,'R002' ,'[M-11]'",
    "PERIMETRE": "SOURCE",
    "DATE_TRT": "2024-07-09 11:28:54.592494"
}'
2024-07-09 11:28:54 DEBUG uploaded into database'{
    "idLigne": "203/202412",
    "idObjet": 0,
    "TBD": "BARO_AFRIQUE",
    "PAGE": "1",
    "OBJET": "MAROC",
    "DAT_REF": "202412",
    "PERD": "[M-11]",
    "RA_CODE": "ra21",
    "COLS_CODE": "C001",
    "ROWS_CODE": "R000",
    "SQL_CODE_SRC": "SELECT '[p_DAR_REF]' AS DAR,'[p_objet]' AS idObjet,'[p_RA]' AS RA,'[p_COL]' AS COL,'[p_ROW]' AS `ROW`,'[p_PERD]' AS PERD,Sum([p_INDI]) AS VAL FROM [p_CUBE] WHERE TRUE GROUP BY '[p_DAR_REF]','[p_objet]','[p_RA]','[p_COL]' ,'[p_ROW]' ,'[p_PERD]",
    "SQL_CODE_FINAL": "SELECT '202412' AS DAR,'0' AS idObjet,'ra21' AS RA,'C001' AS COL,'R000' AS `ROW`,'[M-11]' AS PERD,Sum(MT_REMB) AS VAL FROM vw_CUBE_DPLT_ICARE_BPCE_ENCR WHERE TRUE  AND CODE_NIV3_ICARE IN ('3_EPAR_BIL','3_EPAR_SAL','3_EQUIP') AND PERD_ARRT_INFO = 202401 AND CODE_ORGN_FINN IN ('111') GROUP BY '202412','0','ra21','C001' ,'R000' ,'[M-11]'",
    "PERIMETRE": "SOURCE",
    "DATE_TRT": "2024-07-09 11:28:54.596903"
}'
2024-07-09 11:28:54 DEBUG uploaded into database'{
    "idLigne": "204/202412",
    "idObjet": 0,
    "TBD": "BARO_AFRIQUE",
    "PAGE": "1",
    "OBJET": "MAROC",
    "DAT_REF": "202412",
    "PERD": "[M-11]",
    "RA_CODE": "ra21",
    "COLS_CODE": "C001",
    "ROWS_CODE": "R001",
    "SQL_CODE_SRC": "SELECT '[p_DAR_REF]' AS DAR,'[p_objet]' AS idObjet,'[p_RA]' AS RA,'[p_COL]' AS COL,'[p_ROW]' AS `ROW`,'[p_PERD]' AS PERD,Sum([p_INDI]) AS VAL FROM [p_CUBE] WHERE TRUE GROUP BY '[p_DAR_REF]','[p_objet]','[p_RA]','[p_COL]' ,'[p_ROW]' ,'[p_PERD]",
    "SQL_CODE_FINAL": "SELECT '202412' AS DAR,'0' AS idObjet,'ra21' AS RA,'C001' AS COL,'R001' AS `ROW`,'[M-11]' AS PERD,Sum(MT_REMB) AS VAL FROM vw_CUBE_DPLT_ICARE_BPCE_ENCR WHERE TRUE  AND CODE_NIV3_ICARE IN ('3_EPAR_BIL','3_EPAR_SAL','3_EQUIP') AND PERD_ARRT_INFO = 202401 AND CODE_ORGN_FINN IN ('112') GROUP BY '202412','0','ra21','C001' ,'R001' ,'[M-11]'",
    "PERIMETRE": "SOURCE",
    "DATE_TRT": "2024-07-09 11:28:54.604759"
}'
2024-07-09 11:28:54 DEBUG uploaded into database'{
    "idLigne": "205/202412",
    "idObjet": 0,
    "TBD": "BARO_AFRIQUE",
    "PAGE": "1",
    "OBJET": "MAROC",
    "DAT_REF": "202412",
    "PERD": "[M-11]",
    "RA_CODE": "ra21",
    "COLS_CODE": "C001",
    "ROWS_CODE": "R002",
    "SQL_CODE_SRC": "SELECT '[p_DAR_REF]' AS DAR,'[p_objet]' AS idObjet,'[p_RA]' AS RA,'[p_COL]' AS COL,'[p_ROW]' AS `ROW`,'[p_PERD]' AS PERD,Sum([p_INDI]) AS VAL FROM [p_CUBE] WHERE TRUE GROUP BY '[p_DAR_REF]','[p_objet]','[p_RA]','[p_COL]' ,'[p_ROW]' ,'[p_PERD]",
    "SQL_CODE_FINAL": "SELECT '202412' AS DAR,'0' AS idObjet,'ra21' AS RA,'C001' AS COL,'R002' AS `ROW`,'[M-11]' AS PERD,Sum(MT_REMB) AS VAL FROM vw_CUBE_DPLT_ICARE_BPCE_ENCR WHERE TRUE  AND CODE_NIV3_ICARE IN ('3_EPAR_BIL','3_EPAR_SAL','3_EQUIP') AND PERD_ARRT_INFO = 202401 AND CODE_ORGN_FINN IN ('111','112') GROUP BY '202412','0','ra21','C001' ,'R002' ,'[M-11]'",
    "PERIMETRE": "SOURCE",
    "DATE_TRT": "2024-07-09 11:28:54.609599"
}'
2024-07-09 11:28:54 DEBUG uploaded into database'{
    "idLigne": "218/202412",
    "idObjet": 1,
    "TBD": "BARO_AFRIQUE",
    "PAGE": "1",
    "OBJET": "EGYPTE",
    "DAT_REF": "202412",
    "PERD": "[M-11]",
    "RA_CODE": "ra20",
    "COLS_CODE": "C000",
    "ROWS_CODE": "R000",
    "SQL_CODE_SRC": "SELECT '[p_DAR_REF]' AS DAR,'[p_objet]' AS idObjet,'[p_RA]' AS RA,'[p_COL]' AS COL,'[p_ROW]' AS `ROW`,'[p_PERD]' AS PERD,Sum([p_INDI]) AS VAL FROM [p_CUBE] WHERE TRUE GROUP BY '[p_DAR_REF]','[p_objet]','[p_RA]','[p_COL]' ,'[p_ROW]' ,'[p_PERD]",
    "SQL_CODE_FINAL": "SELECT '202412' AS DAR,'1' AS idObjet,'ra20' AS RA,'C000' AS COL,'R000' AS `ROW`,'[M-11]' AS PERD,Sum(MT_VERST) AS VAL FROM vw_CUBE_DPLT_ICARE_BPCE_ENCR WHERE TRUE  AND CODE_NIV3_ICARE IN ('3_EPAR_BIL','3_EPAR_SAL','3_EQUIP') AND PERD_ARRT_INFO = 202401 AND CODE_ORGN_FINN IN ('121') GROUP BY '202412','1','ra20','C000' ,'R000' ,'[M-11]'",
    "PERIMETRE": "SOURCE",
    "DATE_TRT": "2024-07-09 11:28:54.615352"
}'
2024-07-09 11:28:54 DEBUG uploaded into database'{
    "idLigne": "219/202412",
    "idObjet": 1,
    "TBD": "BARO_AFRIQUE",
    "PAGE": "1",
    "OBJET": "EGYPTE",
    "DAT_REF": "202412",
    "PERD": "[M-11]",
    "RA_CODE": "ra20",
    "COLS_CODE": "C000",
    "ROWS_CODE": "R001",
    "SQL_CODE_SRC": "SELECT '[p_DAR_REF]' AS DAR,'[p_objet]' AS idObjet,'[p_RA]' AS RA,'[p_COL]' AS COL,'[p_ROW]' AS `ROW`,'[p_PERD]' AS PERD,Sum([p_INDI]) AS VAL FROM [p_CUBE] WHERE TRUE GROUP BY '[p_DAR_REF]','[p_objet]','[p_RA]','[p_COL]' ,'[p_ROW]' ,'[p_PERD]",
    "SQL_CODE_FINAL": "SELECT '202412' AS DAR,'1' AS idObjet,'ra20' AS RA,'C000' AS COL,'R001' AS `ROW`,'[M-11]' AS PERD,Sum(MT_VERST) AS VAL FROM vw_CUBE_DPLT_ICARE_BPCE_ENCR WHERE TRUE  AND CODE_NIV3_ICARE IN ('3_EPAR_BIL','3_EPAR_SAL','3_EQUIP') AND PERD_ARRT_INFO = 202401 AND CODE_ORGN_FINN IN ('122') GROUP BY '202412','1','ra20','C000' ,'R001' ,'[M-11]'",
    "PERIMETRE": "SOURCE",
    "DATE_TRT": "2024-07-09 11:28:54.620350"
}'
2024-07-09 11:28:54 DEBUG uploaded into database'{
    "idLigne": "220/202412",
    "idObjet": 1,
    "TBD": "BARO_AFRIQUE",
    "PAGE": "1",
    "OBJET": "EGYPTE",
    "DAT_REF": "202412",
    "PERD": "[M-11]",
    "RA_CODE": "ra20",
    "COLS_CODE": "C000",
    "ROWS_CODE": "R002",
    "SQL_CODE_SRC": "SELECT '[p_DAR_REF]' AS DAR,'[p_objet]' AS idObjet,'[p_RA]' AS RA,'[p_COL]' AS COL,'[p_ROW]' AS `ROW`,'[p_PERD]' AS PERD,Sum([p_INDI]) AS VAL FROM [p_CUBE] WHERE TRUE GROUP BY '[p_DAR_REF]','[p_objet]','[p_RA]','[p_COL]' ,'[p_ROW]' ,'[p_PERD]",
    "SQL_CODE_FINAL": "SELECT '202412' AS DAR,'1' AS idObjet,'ra20' AS RA,'C000' AS COL,'R002' AS `ROW`,'[M-11]' AS PERD,Sum(MT_VERST) AS VAL FROM vw_CUBE_DPLT_ICARE_BPCE_ENCR WHERE TRUE  AND CODE_NIV3_ICARE IN ('3_EPAR_BIL','3_EPAR_SAL','3_EQUIP') AND PERD_ARRT_INFO = 202401 AND CODE_ORGN_FINN IN ('121','122') GROUP BY '202412','1','ra20','C000' ,'R002' ,'[M-11]'",
    "PERIMETRE": "SOURCE",
    "DATE_TRT": "2024-07-09 11:28:54.626354"
}'
2024-07-09 11:28:54 DEBUG uploaded into database'{
    "idLigne": "221/202412",
    "idObjet": 1,
    "TBD": "BARO_AFRIQUE",
    "PAGE": "1",
    "OBJET": "EGYPTE",
    "DAT_REF": "202412",
    "PERD": "[M-11]",
    "RA_CODE": "ra21",
    "COLS_CODE": "C001",
    "ROWS_CODE": "R000",
    "SQL_CODE_SRC": "SELECT '[p_DAR_REF]' AS DAR,'[p_objet]' AS idObjet,'[p_RA]' AS RA,'[p_COL]' AS COL,'[p_ROW]' AS `ROW`,'[p_PERD]' AS PERD,Sum([p_INDI]) AS VAL FROM [p_CUBE] WHERE TRUE GROUP BY '[p_DAR_REF]','[p_objet]','[p_RA]','[p_COL]' ,'[p_ROW]' ,'[p_PERD]",
    "SQL_CODE_FINAL": "SELECT '202412' AS DAR,'1' AS idObjet,'ra21' AS RA,'C001' AS COL,'R000' AS `ROW`,'[M-11]' AS PERD,Sum(MT_REMB) AS VAL FROM vw_CUBE_DPLT_ICARE_BPCE_ENCR WHERE TRUE  AND CODE_NIV3_ICARE IN ('3_EPAR_BIL','3_EPAR_SAL','3_EQUIP') AND PERD_ARRT_INFO = 202401 AND CODE_ORGN_FINN IN ('121') GROUP BY '202412','1','ra21','C001' ,'R000' ,'[M-11]'",
    "PERIMETRE": "SOURCE",
    "DATE_TRT": "2024-07-09 11:28:54.632285"
}'
2024-07-09 11:28:54 DEBUG uploaded into database'{
    "idLigne": "222/202412",
    "idObjet": 1,
    "TBD": "BARO_AFRIQUE",
    "PAGE": "1",
    "OBJET": "EGYPTE",
    "DAT_REF": "202412",
    "PERD": "[M-11]",
    "RA_CODE": "ra21",
    "COLS_CODE": "C001",
    "ROWS_CODE": "R001",
    "SQL_CODE_SRC": "SELECT '[p_DAR_REF]' AS DAR,'[p_objet]' AS idObjet,'[p_RA]' AS RA,'[p_COL]' AS COL,'[p_ROW]' AS `ROW`,'[p_PERD]' AS PERD,Sum([p_INDI]) AS VAL FROM [p_CUBE] WHERE TRUE GROUP BY '[p_DAR_REF]','[p_objet]','[p_RA]','[p_COL]' ,'[p_ROW]' ,'[p_PERD]",
    "SQL_CODE_FINAL": "SELECT '202412' AS DAR,'1' AS idObjet,'ra21' AS RA,'C001' AS COL,'R001' AS `ROW`,'[M-11]' AS PERD,Sum(MT_REMB) AS VAL FROM vw_CUBE_DPLT_ICARE_BPCE_ENCR WHERE TRUE  AND CODE_NIV3_ICARE IN ('3_EPAR_BIL','3_EPAR_SAL','3_EQUIP') AND PERD_ARRT_INFO = 202401 AND CODE_ORGN_FINN IN ('122') GROUP BY '202412','1','ra21','C001' ,'R001' ,'[M-11]'",
    "PERIMETRE": "SOURCE",
    "DATE_TRT": "2024-07-09 11:28:54.637671"
}'
2024-07-09 11:28:54 DEBUG uploaded into database'{
    "idLigne": "223/202412",
    "idObjet": 1,
    "TBD": "BARO_AFRIQUE",
    "PAGE": "1",
    "OBJET": "EGYPTE",
    "DAT_REF": "202412",
    "PERD": "[M-11]",
    "RA_CODE": "ra21",
    "COLS_CODE": "C001",
    "ROWS_CODE": "R002",
    "SQL_CODE_SRC": "SELECT '[p_DAR_REF]' AS DAR,'[p_objet]' AS idObjet,'[p_RA]' AS RA,'[p_COL]' AS COL,'[p_ROW]' AS `ROW`,'[p_PERD]' AS PERD,Sum([p_INDI]) AS VAL FROM [p_CUBE] WHERE TRUE GROUP BY '[p_DAR_REF]','[p_objet]','[p_RA]','[p_COL]' ,'[p_ROW]' ,'[p_PERD]",
    "SQL_CODE_FINAL": "SELECT '202412' AS DAR,'1' AS idObjet,'ra21' AS RA,'C001' AS COL,'R002' AS `ROW`,'[M-11]' AS PERD,Sum(MT_REMB) AS VAL FROM vw_CUBE_DPLT_ICARE_BPCE_ENCR WHERE TRUE  AND CODE_NIV3_ICARE IN ('3_EPAR_BIL','3_EPAR_SAL','3_EQUIP') AND PERD_ARRT_INFO = 202401 AND CODE_ORGN_FINN IN ('121','122') GROUP BY '202412','1','ra21','C001' ,'R002' ,'[M-11]'",
    "PERIMETRE": "SOURCE",
    "DATE_TRT": "2024-07-09 11:28:54.641865"
}'
2024-07-09 11:28:54 DEBUG uploaded into database'{
    "idLigne": "236/202412",
    "idObjet": 2,
    "TBD": "BARO_AFRIQUE",
    "PAGE": "1",
    "OBJET": "ALGERIE",
    "DAT_REF": "202412",
    "PERD": "[M-11]",
    "RA_CODE": "ra20",
    "COLS_CODE": "C000",
    "ROWS_CODE": "R000",
    "SQL_CODE_SRC": "SELECT '[p_DAR_REF]' AS DAR,'[p_objet]' AS idObjet,'[p_RA]' AS RA,'[p_COL]' AS COL,'[p_ROW]' AS `ROW`,'[p_PERD]' AS PERD,Sum([p_INDI]) AS VAL FROM [p_CUBE] WHERE TRUE GROUP BY '[p_DAR_REF]','[p_objet]','[p_RA]','[p_COL]' ,'[p_ROW]' ,'[p_PERD]",
    "SQL_CODE_FINAL": "SELECT '202412' AS DAR,'2' AS idObjet,'ra20' AS RA,'C000' AS COL,'R000' AS `ROW`,'[M-11]' AS PERD,Sum(MT_VERST) AS VAL FROM vw_CUBE_DPLT_ICARE_BPCE_ENCR WHERE TRUE  AND CODE_NIV3_ICARE IN ('3_EPAR_BIL','3_EPAR_SAL','3_EQUIP') AND PERD_ARRT_INFO = 202401 AND CODE_ORGN_FINN IN ('131') GROUP BY '202412','2','ra20','C000' ,'R000' ,'[M-11]'",
    "PERIMETRE": "SOURCE",
    "DATE_TRT": "2024-07-09 11:28:54.647617"
}'
2024-07-09 11:28:54 DEBUG uploaded into database'{
    "idLigne": "237/202412",
    "idObjet": 2,
    "TBD": "BARO_AFRIQUE",
    "PAGE": "1",
    "OBJET": "ALGERIE",
    "DAT_REF": "202412",
    "PERD": "[M-11]",
    "RA_CODE": "ra20",
    "COLS_CODE": "C000",
    "ROWS_CODE": "R001",
    "SQL_CODE_SRC": "SELECT '[p_DAR_REF]' AS DAR,'[p_objet]' AS idObjet,'[p_RA]' AS RA,'[p_COL]' AS COL,'[p_ROW]' AS `ROW`,'[p_PERD]' AS PERD,Sum([p_INDI]) AS VAL FROM [p_CUBE] WHERE TRUE GROUP BY '[p_DAR_REF]','[p_objet]','[p_RA]','[p_COL]' ,'[p_ROW]' ,'[p_PERD]",
    "SQL_CODE_FINAL": "SELECT '202412' AS DAR,'2' AS idObjet,'ra20' AS RA,'C000' AS COL,'R001' AS `ROW`,'[M-11]' AS PERD,Sum(MT_VERST) AS VAL FROM vw_CUBE_DPLT_ICARE_BPCE_ENCR WHERE TRUE  AND CODE_NIV3_ICARE IN ('3_EPAR_BIL','3_EPAR_SAL','3_EQUIP') AND PERD_ARRT_INFO = 202401 AND CODE_ORGN_FINN IN ('132') GROUP BY '202412','2','ra20','C000' ,'R001' ,'[M-11]'",
    "PERIMETRE": "SOURCE",
    "DATE_TRT": "2024-07-09 11:28:54.652748"
}'
2024-07-09 11:28:54 DEBUG uploaded into database'{
    "idLigne": "238/202412",
    "idObjet": 2,
    "TBD": "BARO_AFRIQUE",
    "PAGE": "1",
    "OBJET": "ALGERIE",
    "DAT_REF": "202412",
    "PERD": "[M-11]",
    "RA_CODE": "ra20",
    "COLS_CODE": "C000",
    "ROWS_CODE": "R002",
    "SQL_CODE_SRC": "SELECT '[p_DAR_REF]' AS DAR,'[p_objet]' AS idObjet,'[p_RA]' AS RA,'[p_COL]' AS COL,'[p_ROW]' AS `ROW`,'[p_PERD]' AS PERD,Sum([p_INDI]) AS VAL FROM [p_CUBE] WHERE TRUE GROUP BY '[p_DAR_REF]','[p_objet]','[p_RA]','[p_COL]' ,'[p_ROW]' ,'[p_PERD]",
    "SQL_CODE_FINAL": "SELECT '202412' AS DAR,'2' AS idObjet,'ra20' AS RA,'C000' AS COL,'R002' AS `ROW`,'[M-11]' AS PERD,Sum(MT_VERST) AS VAL FROM vw_CUBE_DPLT_ICARE_BPCE_ENCR WHERE TRUE  AND CODE_NIV3_ICARE IN ('3_EPAR_BIL','3_EPAR_SAL','3_EQUIP') AND PERD_ARRT_INFO = 202401 AND CODE_ORGN_FINN IN ('131','132') GROUP BY '202412','2','ra20','C000' ,'R002' ,'[M-11]'",
    "PERIMETRE": "SOURCE",
    "DATE_TRT": "2024-07-09 11:28:54.656925"
}'
2024-07-09 11:28:54 DEBUG uploaded into database'{
    "idLigne": "239/202412",
    "idObjet": 2,
    "TBD": "BARO_AFRIQUE",
    "PAGE": "1",
    "OBJET": "ALGERIE",
    "DAT_REF": "202412",
    "PERD": "[M-11]",
    "RA_CODE": "ra21",
    "COLS_CODE": "C001",
    "ROWS_CODE": "R000",
    "SQL_CODE_SRC": "SELECT '[p_DAR_REF]' AS DAR,'[p_objet]' AS idObjet,'[p_RA]' AS RA,'[p_COL]' AS COL,'[p_ROW]' AS `ROW`,'[p_PERD]' AS PERD,Sum([p_INDI]) AS VAL FROM [p_CUBE] WHERE TRUE GROUP BY '[p_DAR_REF]','[p_objet]','[p_RA]','[p_COL]' ,'[p_ROW]' ,'[p_PERD]",
    "SQL_CODE_FINAL": "SELECT '202412' AS DAR,'2' AS idObjet,'ra21' AS RA,'C001' AS COL,'R000' AS `ROW`,'[M-11]' AS PERD,Sum(MT_REMB) AS VAL FROM vw_CUBE_DPLT_ICARE_BPCE_ENCR WHERE TRUE  AND CODE_NIV3_ICARE IN ('3_EPAR_BIL','3_EPAR_SAL','3_EQUIP') AND PERD_ARRT_INFO = 202401 AND CODE_ORGN_FINN IN ('131') GROUP BY '202412','2','ra21','C001' ,'R000' ,'[M-11]'",
    "PERIMETRE": "SOURCE",
    "DATE_TRT": "2024-07-09 11:28:54.661519"
}'
2024-07-09 11:28:54 DEBUG uploaded into database'{
    "idLigne": "240/202412",
    "idObjet": 2,
    "TBD": "BARO_AFRIQUE",
    "PAGE": "1",
    "OBJET": "ALGERIE",
    "DAT_REF": "202412",
    "PERD": "[M-11]",
    "RA_CODE": "ra21",
    "COLS_CODE": "C001",
    "ROWS_CODE": "R001",
    "SQL_CODE_SRC": "SELECT '[p_DAR_REF]' AS DAR,'[p_objet]' AS idObjet,'[p_RA]' AS RA,'[p_COL]' AS COL,'[p_ROW]' AS `ROW`,'[p_PERD]' AS PERD,Sum([p_INDI]) AS VAL FROM [p_CUBE] WHERE TRUE GROUP BY '[p_DAR_REF]','[p_objet]','[p_RA]','[p_COL]' ,'[p_ROW]' ,'[p_PERD]",
    "SQL_CODE_FINAL": "SELECT '202412' AS DAR,'2' AS idObjet,'ra21' AS RA,'C001' AS COL,'R001' AS `ROW`,'[M-11]' AS PERD,Sum(MT_REMB) AS VAL FROM vw_CUBE_DPLT_ICARE_BPCE_ENCR WHERE TRUE  AND CODE_NIV3_ICARE IN ('3_EPAR_BIL','3_EPAR_SAL','3_EQUIP') AND PERD_ARRT_INFO = 202401 AND CODE_ORGN_FINN IN ('132') GROUP BY '202412','2','ra21','C001' ,'R001' ,'[M-11]'",
    "PERIMETRE": "SOURCE",
    "DATE_TRT": "2024-07-09 11:28:54.667951"
}'
2024-07-09 11:28:54 DEBUG uploaded into database'{
    "idLigne": "241/202412",
    "idObjet": 2,
    "TBD": "BARO_AFRIQUE",
    "PAGE": "1",
    "OBJET": "ALGERIE",
    "DAT_REF": "202412",
    "PERD": "[M-11]",
    "RA_CODE": "ra21",
    "COLS_CODE": "C001",
    "ROWS_CODE": "R002",
    "SQL_CODE_SRC": "SELECT '[p_DAR_REF]' AS DAR,'[p_objet]' AS idObjet,'[p_RA]' AS RA,'[p_COL]' AS COL,'[p_ROW]' AS `ROW`,'[p_PERD]' AS PERD,Sum([p_INDI]) AS VAL FROM [p_CUBE] WHERE TRUE GROUP BY '[p_DAR_REF]','[p_objet]','[p_RA]','[p_COL]' ,'[p_ROW]' ,'[p_PERD]",
    "SQL_CODE_FINAL": "SELECT '202412' AS DAR,'2' AS idObjet,'ra21' AS RA,'C001' AS COL,'R002' AS `ROW`,'[M-11]' AS PERD,Sum(MT_REMB) AS VAL FROM vw_CUBE_DPLT_ICARE_BPCE_ENCR WHERE TRUE  AND CODE_NIV3_ICARE IN ('3_EPAR_BIL','3_EPAR_SAL','3_EQUIP') AND PERD_ARRT_INFO = 202401 AND CODE_ORGN_FINN IN ('131','132') GROUP BY '202412','2','ra21','C001' ,'R002' ,'[M-11]'",
    "PERIMETRE": "SOURCE",
    "DATE_TRT": "2024-07-09 11:28:54.673501"
}'
2024-07-09 11:28:54 DEBUG uploaded into database'{
    "idLigne": "254/202412",
    "idObjet": 3,
    "TBD": "BARO_EUROPE",
    "PAGE": "2",
    "OBJET": "FRANCE",
    "DAT_REF": "202412",
    "PERD": "[M-11]",
    "RA_CODE": "ra20",
    "COLS_CODE": "C000",
    "ROWS_CODE": "R000",
    "SQL_CODE_SRC": "SELECT '[p_DAR_REF]' AS DAR,'[p_objet]' AS idObjet,'[p_RA]' AS RA,'[p_COL]' AS COL,'[p_ROW]' AS `ROW`,'[p_PERD]' AS PERD,Sum([p_INDI]) AS VAL FROM [p_CUBE] WHERE TRUE GROUP BY '[p_DAR_REF]','[p_objet]','[p_RA]','[p_COL]' ,'[p_ROW]' ,'[p_PERD]",
    "SQL_CODE_FINAL": "SELECT '202412' AS DAR,'3' AS idObjet,'ra20' AS RA,'C000' AS COL,'R000' AS `ROW`,'[M-11]' AS PERD,Sum(MT_VERST) AS VAL FROM vw_CUBE_DPLT_ICARE_BPCE_ENCR WHERE TRUE  AND CODE_NIV3_ICARE IN ('3_EPAR_BIL','3_EPAR_SAL','3_EQUIP') AND PERD_ARRT_INFO = 202401 AND CODE_ORGN_FINN IN ('211') GROUP BY '202412','3','ra20','C000' ,'R000' ,'[M-11]'",
    "PERIMETRE": "SOURCE",
    "DATE_TRT": "2024-07-09 11:28:54.678341"
}'
2024-07-09 11:28:54 DEBUG uploaded into database'{
    "idLigne": "255/202412",
    "idObjet": 3,
    "TBD": "BARO_EUROPE",
    "PAGE": "2",
    "OBJET": "FRANCE",
    "DAT_REF": "202412",
    "PERD": "[M-11]",
    "RA_CODE": "ra20",
    "COLS_CODE": "C000",
    "ROWS_CODE": "R001",
    "SQL_CODE_SRC": "SELECT '[p_DAR_REF]' AS DAR,'[p_objet]' AS idObjet,'[p_RA]' AS RA,'[p_COL]' AS COL,'[p_ROW]' AS `ROW`,'[p_PERD]' AS PERD,Sum([p_INDI]) AS VAL FROM [p_CUBE] WHERE TRUE GROUP BY '[p_DAR_REF]','[p_objet]','[p_RA]','[p_COL]' ,'[p_ROW]' ,'[p_PERD]",
    "SQL_CODE_FINAL": "SELECT '202412' AS DAR,'3' AS idObjet,'ra20' AS RA,'C000' AS COL,'R001' AS `ROW`,'[M-11]' AS PERD,Sum(MT_VERST) AS VAL FROM vw_CUBE_DPLT_ICARE_BPCE_ENCR WHERE TRUE  AND CODE_NIV3_ICARE IN ('3_EPAR_BIL','3_EPAR_SAL','3_EQUIP') AND PERD_ARRT_INFO = 202401 AND CODE_ORGN_FINN IN ('212') GROUP BY '202412','3','ra20','C000' ,'R001' ,'[M-11]'",
    "PERIMETRE": "SOURCE",
    "DATE_TRT": "2024-07-09 11:28:54.683899"
}'
2024-07-09 11:28:54 DEBUG uploaded into database'{
    "idLigne": "256/202412",
    "idObjet": 3,
    "TBD": "BARO_EUROPE",
    "PAGE": "2",
    "OBJET": "FRANCE",
    "DAT_REF": "202412",
    "PERD": "[M-11]",
    "RA_CODE": "ra20",
    "COLS_CODE": "C000",
    "ROWS_CODE": "R002",
    "SQL_CODE_SRC": "SELECT '[p_DAR_REF]' AS DAR,'[p_objet]' AS idObjet,'[p_RA]' AS RA,'[p_COL]' AS COL,'[p_ROW]' AS `ROW`,'[p_PERD]' AS PERD,Sum([p_INDI]) AS VAL FROM [p_CUBE] WHERE TRUE GROUP BY '[p_DAR_REF]','[p_objet]','[p_RA]','[p_COL]' ,'[p_ROW]' ,'[p_PERD]",
    "SQL_CODE_FINAL": "SELECT '202412' AS DAR,'3' AS idObjet,'ra20' AS RA,'C000' AS COL,'R002' AS `ROW`,'[M-11]' AS PERD,Sum(MT_VERST) AS VAL FROM vw_CUBE_DPLT_ICARE_BPCE_ENCR WHERE TRUE  AND CODE_NIV3_ICARE IN ('3_EPAR_BIL','3_EPAR_SAL','3_EQUIP') AND PERD_ARRT_INFO = 202401 AND CODE_ORGN_FINN IN ('211','212') GROUP BY '202412','3','ra20','C000' ,'R002' ,'[M-11]'",
    "PERIMETRE": "SOURCE",
    "DATE_TRT": "2024-07-09 11:28:54.688140"
}'
2024-07-09 11:28:54 DEBUG uploaded into database'{
    "idLigne": "257/202412",
    "idObjet": 3,
    "TBD": "BARO_EUROPE",
    "PAGE": "2",
    "OBJET": "FRANCE",
    "DAT_REF": "202412",
    "PERD": "[M-11]",
    "RA_CODE": "ra21",
    "COLS_CODE": "C001",
    "ROWS_CODE": "R000",
    "SQL_CODE_SRC": "SELECT '[p_DAR_REF]' AS DAR,'[p_objet]' AS idObjet,'[p_RA]' AS RA,'[p_COL]' AS COL,'[p_ROW]' AS `ROW`,'[p_PERD]' AS PERD,Sum([p_INDI]) AS VAL FROM [p_CUBE] WHERE TRUE GROUP BY '[p_DAR_REF]','[p_objet]','[p_RA]','[p_COL]' ,'[p_ROW]' ,'[p_PERD]",
    "SQL_CODE_FINAL": "SELECT '202412' AS DAR,'3' AS idObjet,'ra21' AS RA,'C001' AS COL,'R000' AS `ROW`,'[M-11]' AS PERD,Sum(MT_REMB) AS VAL FROM vw_CUBE_DPLT_ICARE_BPCE_ENCR WHERE TRUE  AND CODE_NIV3_ICARE IN ('3_EPAR_BIL','3_EPAR_SAL','3_EQUIP') AND PERD_ARRT_INFO = 202401 AND CODE_ORGN_FINN IN ('211') GROUP BY '202412','3','ra21','C001' ,'R000' ,'[M-11]'",
    "PERIMETRE": "SOURCE",
    "DATE_TRT": "2024-07-09 11:28:54.694222"
}'
2024-07-09 11:28:54 DEBUG uploaded into database'{
    "idLigne": "258/202412",
    "idObjet": 3,
    "TBD": "BARO_EUROPE",
    "PAGE": "2",
    "OBJET": "FRANCE",
    "DAT_REF": "202412",
    "PERD": "[M-11]",
    "RA_CODE": "ra21",
    "COLS_CODE": "C001",
    "ROWS_CODE": "R001",
    "SQL_CODE_SRC": "SELECT '[p_DAR_REF]' AS DAR,'[p_objet]' AS idObjet,'[p_RA]' AS RA,'[p_COL]' AS COL,'[p_ROW]' AS `ROW`,'[p_PERD]' AS PERD,Sum([p_INDI]) AS VAL FROM [p_CUBE] WHERE TRUE GROUP BY '[p_DAR_REF]','[p_objet]','[p_RA]','[p_COL]' ,'[p_ROW]' ,'[p_PERD]",
    "SQL_CODE_FINAL": "SELECT '202412' AS DAR,'3' AS idObjet,'ra21' AS RA,'C001' AS COL,'R001' AS `ROW`,'[M-11]' AS PERD,Sum(MT_REMB) AS VAL FROM vw_CUBE_DPLT_ICARE_BPCE_ENCR WHERE TRUE  AND CODE_NIV3_ICARE IN ('3_EPAR_BIL','3_EPAR_SAL','3_EQUIP') AND PERD_ARRT_INFO = 202401 AND CODE_ORGN_FINN IN ('212') GROUP BY '202412','3','ra21','C001' ,'R001' ,'[M-11]'",
    "PERIMETRE": "SOURCE",
    "DATE_TRT": "2024-07-09 11:28:54.700239"
}'
2024-07-09 11:28:54 DEBUG uploaded into database'{
    "idLigne": "259/202412",
    "idObjet": 3,
    "TBD": "BARO_EUROPE",
    "PAGE": "2",
    "OBJET": "FRANCE",
    "DAT_REF": "202412",
    "PERD": "[M-11]",
    "RA_CODE": "ra21",
    "COLS_CODE": "C001",
    "ROWS_CODE": "R002",
    "SQL_CODE_SRC": "SELECT '[p_DAR_REF]' AS DAR,'[p_objet]' AS idObjet,'[p_RA]' AS RA,'[p_COL]' AS COL,'[p_ROW]' AS `ROW`,'[p_PERD]' AS PERD,Sum([p_INDI]) AS VAL FROM [p_CUBE] WHERE TRUE GROUP BY '[p_DAR_REF]','[p_objet]','[p_RA]','[p_COL]' ,'[p_ROW]' ,'[p_PERD]",
    "SQL_CODE_FINAL": "SELECT '202412' AS DAR,'3' AS idObjet,'ra21' AS RA,'C001' AS COL,'R002' AS `ROW`,'[M-11]' AS PERD,Sum(MT_REMB) AS VAL FROM vw_CUBE_DPLT_ICARE_BPCE_ENCR WHERE TRUE  AND CODE_NIV3_ICARE IN ('3_EPAR_BIL','3_EPAR_SAL','3_EQUIP') AND PERD_ARRT_INFO = 202401 AND CODE_ORGN_FINN IN ('211','212') GROUP BY '202412','3','ra21','C001' ,'R002' ,'[M-11]'",
    "PERIMETRE": "SOURCE",
    "DATE_TRT": "2024-07-09 11:28:54.706566"
}'
2024-07-09 11:28:54 DEBUG uploaded into database'{
    "idLigne": "272/202412",
    "idObjet": 4,
    "TBD": "BARO_EUROPE",
    "PAGE": "2",
    "OBJET": "ALLEMANGE",
    "DAT_REF": "202412",
    "PERD": "[M-11]",
    "RA_CODE": "ra20",
    "COLS_CODE": "C000",
    "ROWS_CODE": "R000",
    "SQL_CODE_SRC": "SELECT '[p_DAR_REF]' AS DAR,'[p_objet]' AS idObjet,'[p_RA]' AS RA,'[p_COL]' AS COL,'[p_ROW]' AS `ROW`,'[p_PERD]' AS PERD,Sum([p_INDI]) AS VAL FROM [p_CUBE] WHERE TRUE GROUP BY '[p_DAR_REF]','[p_objet]','[p_RA]','[p_COL]' ,'[p_ROW]' ,'[p_PERD]",
    "SQL_CODE_FINAL": "SELECT '202412' AS DAR,'4' AS idObjet,'ra20' AS RA,'C000' AS COL,'R000' AS `ROW`,'[M-11]' AS PERD,Sum(MT_VERST) AS VAL FROM vw_CUBE_DPLT_ICARE_BPCE_ENCR WHERE TRUE  AND CODE_NIV3_ICARE IN ('3_EPAR_BIL','3_EPAR_SAL','3_EQUIP') AND PERD_ARRT_INFO = 202401 AND CODE_ORGN_FINN IN ('221') GROUP BY '202412','4','ra20','C000' ,'R000' ,'[M-11]'",
    "PERIMETRE": "SOURCE",
    "DATE_TRT": "2024-07-09 11:28:54.711147"
}'
2024-07-09 11:28:54 DEBUG uploaded into database'{
    "idLigne": "273/202412",
    "idObjet": 4,
    "TBD": "BARO_EUROPE",
    "PAGE": "2",
    "OBJET": "ALLEMANGE",
    "DAT_REF": "202412",
    "PERD": "[M-11]",
    "RA_CODE": "ra20",
    "COLS_CODE": "C000",
    "ROWS_CODE": "R001",
    "SQL_CODE_SRC": "SELECT '[p_DAR_REF]' AS DAR,'[p_objet]' AS idObjet,'[p_RA]' AS RA,'[p_COL]' AS COL,'[p_ROW]' AS `ROW`,'[p_PERD]' AS PERD,Sum([p_INDI]) AS VAL FROM [p_CUBE] WHERE TRUE GROUP BY '[p_DAR_REF]','[p_objet]','[p_RA]','[p_COL]' ,'[p_ROW]' ,'[p_PERD]",
    "SQL_CODE_FINAL": "SELECT '202412' AS DAR,'4' AS idObjet,'ra20' AS RA,'C000' AS COL,'R001' AS `ROW`,'[M-11]' AS PERD,Sum(MT_VERST) AS VAL FROM vw_CUBE_DPLT_ICARE_BPCE_ENCR WHERE TRUE  AND CODE_NIV3_ICARE IN ('3_EPAR_BIL','3_EPAR_SAL','3_EQUIP') AND PERD_ARRT_INFO = 202401 AND CODE_ORGN_FINN IN ('222') GROUP BY '202412','4','ra20','C000' ,'R001' ,'[M-11]'",
    "PERIMETRE": "SOURCE",
    "DATE_TRT": "2024-07-09 11:28:54.715891"
}'
2024-07-09 11:28:54 DEBUG uploaded into database'{
    "idLigne": "274/202412",
    "idObjet": 4,
    "TBD": "BARO_EUROPE",
    "PAGE": "2",
    "OBJET": "ALLEMANGE",
    "DAT_REF": "202412",
    "PERD": "[M-11]",
    "RA_CODE": "ra20",
    "COLS_CODE": "C000",
    "ROWS_CODE": "R002",
    "SQL_CODE_SRC": "SELECT '[p_DAR_REF]' AS DAR,'[p_objet]' AS idObjet,'[p_RA]' AS RA,'[p_COL]' AS COL,'[p_ROW]' AS `ROW`,'[p_PERD]' AS PERD,Sum([p_INDI]) AS VAL FROM [p_CUBE] WHERE TRUE GROUP BY '[p_DAR_REF]','[p_objet]','[p_RA]','[p_COL]' ,'[p_ROW]' ,'[p_PERD]",
    "SQL_CODE_FINAL": "SELECT '202412' AS DAR,'4' AS idObjet,'ra20' AS RA,'C000' AS COL,'R002' AS `ROW`,'[M-11]' AS PERD,Sum(MT_VERST) AS VAL FROM vw_CUBE_DPLT_ICARE_BPCE_ENCR WHERE TRUE  AND CODE_NIV3_ICARE IN ('3_EPAR_BIL','3_EPAR_SAL','3_EQUIP') AND PERD_ARRT_INFO = 202401 AND CODE_ORGN_FINN IN ('221','222') GROUP BY '202412','4','ra20','C000' ,'R002' ,'[M-11]'",
    "PERIMETRE": "SOURCE",
    "DATE_TRT": "2024-07-09 11:28:54.720171"
}'
2024-07-09 11:28:54 DEBUG uploaded into database'{
    "idLigne": "275/202412",
    "idObjet": 4,
    "TBD": "BARO_EUROPE",
    "PAGE": "2",
    "OBJET": "ALLEMANGE",
    "DAT_REF": "202412",
    "PERD": "[M-11]",
    "RA_CODE": "ra21",
    "COLS_CODE": "C001",
    "ROWS_CODE": "R000",
    "SQL_CODE_SRC": "SELECT '[p_DAR_REF]' AS DAR,'[p_objet]' AS idObjet,'[p_RA]' AS RA,'[p_COL]' AS COL,'[p_ROW]' AS `ROW`,'[p_PERD]' AS PERD,Sum([p_INDI]) AS VAL FROM [p_CUBE] WHERE TRUE GROUP BY '[p_DAR_REF]','[p_objet]','[p_RA]','[p_COL]' ,'[p_ROW]' ,'[p_PERD]",
    "SQL_CODE_FINAL": "SELECT '202412' AS DAR,'4' AS idObjet,'ra21' AS RA,'C001' AS COL,'R000' AS `ROW`,'[M-11]' AS PERD,Sum(MT_REMB) AS VAL FROM vw_CUBE_DPLT_ICARE_BPCE_ENCR WHERE TRUE  AND CODE_NIV3_ICARE IN ('3_EPAR_BIL','3_EPAR_SAL','3_EQUIP') AND PERD_ARRT_INFO = 202401 AND CODE_ORGN_FINN IN ('221') GROUP BY '202412','4','ra21','C001' ,'R000' ,'[M-11]'",
    "PERIMETRE": "SOURCE",
    "DATE_TRT": "2024-07-09 11:28:54.727480"
}'
2024-07-09 11:28:54 DEBUG uploaded into database'{
    "idLigne": "276/202412",
    "idObjet": 4,
    "TBD": "BARO_EUROPE",
    "PAGE": "2",
    "OBJET": "ALLEMANGE",
    "DAT_REF": "202412",
    "PERD": "[M-11]",
    "RA_CODE": "ra21",
    "COLS_CODE": "C001",
    "ROWS_CODE": "R001",
    "SQL_CODE_SRC": "SELECT '[p_DAR_REF]' AS DAR,'[p_objet]' AS idObjet,'[p_RA]' AS RA,'[p_COL]' AS COL,'[p_ROW]' AS `ROW`,'[p_PERD]' AS PERD,Sum([p_INDI]) AS VAL FROM [p_CUBE] WHERE TRUE GROUP BY '[p_DAR_REF]','[p_objet]','[p_RA]','[p_COL]' ,'[p_ROW]' ,'[p_PERD]",
    "SQL_CODE_FINAL": "SELECT '202412' AS DAR,'4' AS idObjet,'ra21' AS RA,'C001' AS COL,'R001' AS `ROW`,'[M-11]' AS PERD,Sum(MT_REMB) AS VAL FROM vw_CUBE_DPLT_ICARE_BPCE_ENCR WHERE TRUE  AND CODE_NIV3_ICARE IN ('3_EPAR_BIL','3_EPAR_SAL','3_EQUIP') AND PERD_ARRT_INFO = 202401 AND CODE_ORGN_FINN IN ('222') GROUP BY '202412','4','ra21','C001' ,'R001' ,'[M-11]'",
    "PERIMETRE": "SOURCE",
    "DATE_TRT": "2024-07-09 11:28:54.731857"
}'
2024-07-09 11:28:54 DEBUG uploaded into database'{
    "idLigne": "277/202412",
    "idObjet": 4,
    "TBD": "BARO_EUROPE",
    "PAGE": "2",
    "OBJET": "ALLEMANGE",
    "DAT_REF": "202412",
    "PERD": "[M-11]",
    "RA_CODE": "ra21",
    "COLS_CODE": "C001",
    "ROWS_CODE": "R002",
    "SQL_CODE_SRC": "SELECT '[p_DAR_REF]' AS DAR,'[p_objet]' AS idObjet,'[p_RA]' AS RA,'[p_COL]' AS COL,'[p_ROW]' AS `ROW`,'[p_PERD]' AS PERD,Sum([p_INDI]) AS VAL FROM [p_CUBE] WHERE TRUE GROUP BY '[p_DAR_REF]','[p_objet]','[p_RA]','[p_COL]' ,'[p_ROW]' ,'[p_PERD]",
    "SQL_CODE_FINAL": "SELECT '202412' AS DAR,'4' AS idObjet,'ra21' AS RA,'C001' AS COL,'R002' AS `ROW`,'[M-11]' AS PERD,Sum(MT_REMB) AS VAL FROM vw_CUBE_DPLT_ICARE_BPCE_ENCR WHERE TRUE  AND CODE_NIV3_ICARE IN ('3_EPAR_BIL','3_EPAR_SAL','3_EQUIP') AND PERD_ARRT_INFO = 202401 AND CODE_ORGN_FINN IN ('221','222') GROUP BY '202412','4','ra21','C001' ,'R002' ,'[M-11]'",
    "PERIMETRE": "SOURCE",
    "DATE_TRT": "2024-07-09 11:28:54.736684"
}'
2024-07-09 11:28:54 DEBUG uploaded into database'{
    "idLigne": "290/202412",
    "idObjet": 5,
    "TBD": "BARO_EUROPE",
    "PAGE": "2",
    "OBJET": "ESPAGNE",
    "DAT_REF": "202412",
    "PERD": "[M-11]",
    "RA_CODE": "ra20",
    "COLS_CODE": "C000",
    "ROWS_CODE": "R000",
    "SQL_CODE_SRC": "SELECT '[p_DAR_REF]' AS DAR,'[p_objet]' AS idObjet,'[p_RA]' AS RA,'[p_COL]' AS COL,'[p_ROW]' AS `ROW`,'[p_PERD]' AS PERD,Sum([p_INDI]) AS VAL FROM [p_CUBE] WHERE TRUE GROUP BY '[p_DAR_REF]','[p_objet]','[p_RA]','[p_COL]' ,'[p_ROW]' ,'[p_PERD]",
    "SQL_CODE_FINAL": "SELECT '202412' AS DAR,'5' AS idObjet,'ra20' AS RA,'C000' AS COL,'R000' AS `ROW`,'[M-11]' AS PERD,Sum(MT_VERST) AS VAL FROM vw_CUBE_DPLT_ICARE_BPCE_ENCR WHERE TRUE  AND CODE_NIV3_ICARE IN ('3_EPAR_BIL','3_EPAR_SAL','3_EQUIP') AND PERD_ARRT_INFO = 202401 AND CODE_ORGN_FINN IN ('231') GROUP BY '202412','5','ra20','C000' ,'R000' ,'[M-11]'",
    "PERIMETRE": "SOURCE",
    "DATE_TRT": "2024-07-09 11:28:54.740260"
}'
2024-07-09 11:28:54 DEBUG uploaded into database'{
    "idLigne": "291/202412",
    "idObjet": 5,
    "TBD": "BARO_EUROPE",
    "PAGE": "2",
    "OBJET": "ESPAGNE",
    "DAT_REF": "202412",
    "PERD": "[M-11]",
    "RA_CODE": "ra20",
    "COLS_CODE": "C000",
    "ROWS_CODE": "R001",
    "SQL_CODE_SRC": "SELECT '[p_DAR_REF]' AS DAR,'[p_objet]' AS idObjet,'[p_RA]' AS RA,'[p_COL]' AS COL,'[p_ROW]' AS `ROW`,'[p_PERD]' AS PERD,Sum([p_INDI]) AS VAL FROM [p_CUBE] WHERE TRUE GROUP BY '[p_DAR_REF]','[p_objet]','[p_RA]','[p_COL]' ,'[p_ROW]' ,'[p_PERD]",
    "SQL_CODE_FINAL": "SELECT '202412' AS DAR,'5' AS idObjet,'ra20' AS RA,'C000' AS COL,'R001' AS `ROW`,'[M-11]' AS PERD,Sum(MT_VERST) AS VAL FROM vw_CUBE_DPLT_ICARE_BPCE_ENCR WHERE TRUE  AND CODE_NIV3_ICARE IN ('3_EPAR_BIL','3_EPAR_SAL','3_EQUIP') AND PERD_ARRT_INFO = 202401 AND CODE_ORGN_FINN IN ('232') GROUP BY '202412','5','ra20','C000' ,'R001' ,'[M-11]'",
    "PERIMETRE": "SOURCE",
    "DATE_TRT": "2024-07-09 11:28:54.746570"
}'
2024-07-09 11:28:54 DEBUG uploaded into database'{
    "idLigne": "292/202412",
    "idObjet": 5,
    "TBD": "BARO_EUROPE",
    "PAGE": "2",
    "OBJET": "ESPAGNE",
    "DAT_REF": "202412",
    "PERD": "[M-11]",
    "RA_CODE": "ra20",
    "COLS_CODE": "C000",
    "ROWS_CODE": "R002",
    "SQL_CODE_SRC": "SELECT '[p_DAR_REF]' AS DAR,'[p_objet]' AS idObjet,'[p_RA]' AS RA,'[p_COL]' AS COL,'[p_ROW]' AS `ROW`,'[p_PERD]' AS PERD,Sum([p_INDI]) AS VAL FROM [p_CUBE] WHERE TRUE GROUP BY '[p_DAR_REF]','[p_objet]','[p_RA]','[p_COL]' ,'[p_ROW]' ,'[p_PERD]",
    "SQL_CODE_FINAL": "SELECT '202412' AS DAR,'5' AS idObjet,'ra20' AS RA,'C000' AS COL,'R002' AS `ROW`,'[M-11]' AS PERD,Sum(MT_VERST) AS VAL FROM vw_CUBE_DPLT_ICARE_BPCE_ENCR WHERE TRUE  AND CODE_NIV3_ICARE IN ('3_EPAR_BIL','3_EPAR_SAL','3_EQUIP') AND PERD_ARRT_INFO = 202401 AND CODE_ORGN_FINN IN ('231','232') GROUP BY '202412','5','ra20','C000' ,'R002' ,'[M-11]'",
    "PERIMETRE": "SOURCE",
    "DATE_TRT": "2024-07-09 11:28:54.750362"
}'
2024-07-09 11:28:54 DEBUG uploaded into database'{
    "idLigne": "293/202412",
    "idObjet": 5,
    "TBD": "BARO_EUROPE",
    "PAGE": "2",
    "OBJET": "ESPAGNE",
    "DAT_REF": "202412",
    "PERD": "[M-11]",
    "RA_CODE": "ra21",
    "COLS_CODE": "C001",
    "ROWS_CODE": "R000",
    "SQL_CODE_SRC": "SELECT '[p_DAR_REF]' AS DAR,'[p_objet]' AS idObjet,'[p_RA]' AS RA,'[p_COL]' AS COL,'[p_ROW]' AS `ROW`,'[p_PERD]' AS PERD,Sum([p_INDI]) AS VAL FROM [p_CUBE] WHERE TRUE GROUP BY '[p_DAR_REF]','[p_objet]','[p_RA]','[p_COL]' ,'[p_ROW]' ,'[p_PERD]",
    "SQL_CODE_FINAL": "SELECT '202412' AS DAR,'5' AS idObjet,'ra21' AS RA,'C001' AS COL,'R000' AS `ROW`,'[M-11]' AS PERD,Sum(MT_REMB) AS VAL FROM vw_CUBE_DPLT_ICARE_BPCE_ENCR WHERE TRUE  AND CODE_NIV3_ICARE IN ('3_EPAR_BIL','3_EPAR_SAL','3_EQUIP') AND PERD_ARRT_INFO = 202401 AND CODE_ORGN_FINN IN ('231') GROUP BY '202412','5','ra21','C001' ,'R000' ,'[M-11]'",
    "PERIMETRE": "SOURCE",
    "DATE_TRT": "2024-07-09 11:28:54.756198"
}'
2024-07-09 11:28:54 DEBUG uploaded into database'{
    "idLigne": "294/202412",
    "idObjet": 5,
    "TBD": "BARO_EUROPE",
    "PAGE": "2",
    "OBJET": "ESPAGNE",
    "DAT_REF": "202412",
    "PERD": "[M-11]",
    "RA_CODE": "ra21",
    "COLS_CODE": "C001",
    "ROWS_CODE": "R001",
    "SQL_CODE_SRC": "SELECT '[p_DAR_REF]' AS DAR,'[p_objet]' AS idObjet,'[p_RA]' AS RA,'[p_COL]' AS COL,'[p_ROW]' AS `ROW`,'[p_PERD]' AS PERD,Sum([p_INDI]) AS VAL FROM [p_CUBE] WHERE TRUE GROUP BY '[p_DAR_REF]','[p_objet]','[p_RA]','[p_COL]' ,'[p_ROW]' ,'[p_PERD]",
    "SQL_CODE_FINAL": "SELECT '202412' AS DAR,'5' AS idObjet,'ra21' AS RA,'C001' AS COL,'R001' AS `ROW`,'[M-11]' AS PERD,Sum(MT_REMB) AS VAL FROM vw_CUBE_DPLT_ICARE_BPCE_ENCR WHERE TRUE  AND CODE_NIV3_ICARE IN ('3_EPAR_BIL','3_EPAR_SAL','3_EQUIP') AND PERD_ARRT_INFO = 202401 AND CODE_ORGN_FINN IN ('232') GROUP BY '202412','5','ra21','C001' ,'R001' ,'[M-11]'",
    "PERIMETRE": "SOURCE",
    "DATE_TRT": "2024-07-09 11:28:54.760497"
}'
2024-07-09 11:28:54 DEBUG uploaded into database'{
    "idLigne": "295/202412",
    "idObjet": 5,
    "TBD": "BARO_EUROPE",
    "PAGE": "2",
    "OBJET": "ESPAGNE",
    "DAT_REF": "202412",
    "PERD": "[M-11]",
    "RA_CODE": "ra21",
    "COLS_CODE": "C001",
    "ROWS_CODE": "R002",
    "SQL_CODE_SRC": "SELECT '[p_DAR_REF]' AS DAR,'[p_objet]' AS idObjet,'[p_RA]' AS RA,'[p_COL]' AS COL,'[p_ROW]' AS `ROW`,'[p_PERD]' AS PERD,Sum([p_INDI]) AS VAL FROM [p_CUBE] WHERE TRUE GROUP BY '[p_DAR_REF]','[p_objet]','[p_RA]','[p_COL]' ,'[p_ROW]' ,'[p_PERD]",
    "SQL_CODE_FINAL": "SELECT '202412' AS DAR,'5' AS idObjet,'ra21' AS RA,'C001' AS COL,'R002' AS `ROW`,'[M-11]' AS PERD,Sum(MT_REMB) AS VAL FROM vw_CUBE_DPLT_ICARE_BPCE_ENCR WHERE TRUE  AND CODE_NIV3_ICARE IN ('3_EPAR_BIL','3_EPAR_SAL','3_EQUIP') AND PERD_ARRT_INFO = 202401 AND CODE_ORGN_FINN IN ('231','232') GROUP BY '202412','5','ra21','C001' ,'R002' ,'[M-11]'",
    "PERIMETRE": "SOURCE",
    "DATE_TRT": "2024-07-09 11:28:54.766512"
}'
2024-07-09 11:28:54 DEBUG uploaded into database'{
    "idLigne": "308/202412",
    "idObjet": 6,
    "TBD": "BARO_ASIE",
    "PAGE": "3",
    "OBJET": "JAPON",
    "DAT_REF": "202412",
    "PERD": "[M-11]",
    "RA_CODE": "ra20",
    "COLS_CODE": "C000",
    "ROWS_CODE": "R000",
    "SQL_CODE_SRC": "SELECT '[p_DAR_REF]' AS DAR,'[p_objet]' AS idObjet,'[p_RA]' AS RA,'[p_COL]' AS COL,'[p_ROW]' AS `ROW`,'[p_PERD]' AS PERD,Sum([p_INDI]) AS VAL FROM [p_CUBE] WHERE TRUE GROUP BY '[p_DAR_REF]','[p_objet]','[p_RA]','[p_COL]' ,'[p_ROW]' ,'[p_PERD]",
    "SQL_CODE_FINAL": "SELECT '202412' AS DAR,'6' AS idObjet,'ra20' AS RA,'C000' AS COL,'R000' AS `ROW`,'[M-11]' AS PERD,Sum(MT_VERST) AS VAL FROM vw_CUBE_DPLT_ICARE_BPCE_ENCR WHERE TRUE  AND CODE_NIV3_ICARE IN ('3_EPAR_BIL','3_EPAR_SAL','3_EQUIP') AND PERD_ARRT_INFO = 202401 AND CODE_ORGN_FINN IN ('311') GROUP BY '202412','6','ra20','C000' ,'R000' ,'[M-11]'",
    "PERIMETRE": "SOURCE",
    "DATE_TRT": "2024-07-09 11:28:54.772067"
}'
2024-07-09 11:28:54 DEBUG uploaded into database'{
    "idLigne": "309/202412",
    "idObjet": 6,
    "TBD": "BARO_ASIE",
    "PAGE": "3",
    "OBJET": "JAPON",
    "DAT_REF": "202412",
    "PERD": "[M-11]",
    "RA_CODE": "ra20",
    "COLS_CODE": "C000",
    "ROWS_CODE": "R001",
    "SQL_CODE_SRC": "SELECT '[p_DAR_REF]' AS DAR,'[p_objet]' AS idObjet,'[p_RA]' AS RA,'[p_COL]' AS COL,'[p_ROW]' AS `ROW`,'[p_PERD]' AS PERD,Sum([p_INDI]) AS VAL FROM [p_CUBE] WHERE TRUE GROUP BY '[p_DAR_REF]','[p_objet]','[p_RA]','[p_COL]' ,'[p_ROW]' ,'[p_PERD]",
    "SQL_CODE_FINAL": "SELECT '202412' AS DAR,'6' AS idObjet,'ra20' AS RA,'C000' AS COL,'R001' AS `ROW`,'[M-11]' AS PERD,Sum(MT_VERST) AS VAL FROM vw_CUBE_DPLT_ICARE_BPCE_ENCR WHERE TRUE  AND CODE_NIV3_ICARE IN ('3_EPAR_BIL','3_EPAR_SAL','3_EQUIP') AND PERD_ARRT_INFO = 202401 AND CODE_ORGN_FINN IN ('312') GROUP BY '202412','6','ra20','C000' ,'R001' ,'[M-11]'",
    "PERIMETRE": "SOURCE",
    "DATE_TRT": "2024-07-09 11:28:54.776029"
}'
2024-07-09 11:28:54 DEBUG uploaded into database'{
    "idLigne": "310/202412",
    "idObjet": 6,
    "TBD": "BARO_ASIE",
    "PAGE": "3",
    "OBJET": "JAPON",
    "DAT_REF": "202412",
    "PERD": "[M-11]",
    "RA_CODE": "ra20",
    "COLS_CODE": "C000",
    "ROWS_CODE": "R002",
    "SQL_CODE_SRC": "SELECT '[p_DAR_REF]' AS DAR,'[p_objet]' AS idObjet,'[p_RA]' AS RA,'[p_COL]' AS COL,'[p_ROW]' AS `ROW`,'[p_PERD]' AS PERD,Sum([p_INDI]) AS VAL FROM [p_CUBE] WHERE TRUE GROUP BY '[p_DAR_REF]','[p_objet]','[p_RA]','[p_COL]' ,'[p_ROW]' ,'[p_PERD]",
    "SQL_CODE_FINAL": "SELECT '202412' AS DAR,'6' AS idObjet,'ra20' AS RA,'C000' AS COL,'R002' AS `ROW`,'[M-11]' AS PERD,Sum(MT_VERST) AS VAL FROM vw_CUBE_DPLT_ICARE_BPCE_ENCR WHERE TRUE  AND CODE_NIV3_ICARE IN ('3_EPAR_BIL','3_EPAR_SAL','3_EQUIP') AND PERD_ARRT_INFO = 202401 AND CODE_ORGN_FINN IN ('311','312') GROUP BY '202412','6','ra20','C000' ,'R002' ,'[M-11]'",
    "PERIMETRE": "SOURCE",
    "DATE_TRT": "2024-07-09 11:28:54.782019"
}'
2024-07-09 11:28:54 DEBUG uploaded into database'{
    "idLigne": "311/202412",
    "idObjet": 6,
    "TBD": "BARO_ASIE",
    "PAGE": "3",
    "OBJET": "JAPON",
    "DAT_REF": "202412",
    "PERD": "[M-11]",
    "RA_CODE": "ra21",
    "COLS_CODE": "C001",
    "ROWS_CODE": "R000",
    "SQL_CODE_SRC": "SELECT '[p_DAR_REF]' AS DAR,'[p_objet]' AS idObjet,'[p_RA]' AS RA,'[p_COL]' AS COL,'[p_ROW]' AS `ROW`,'[p_PERD]' AS PERD,Sum([p_INDI]) AS VAL FROM [p_CUBE] WHERE TRUE GROUP BY '[p_DAR_REF]','[p_objet]','[p_RA]','[p_COL]' ,'[p_ROW]' ,'[p_PERD]",
    "SQL_CODE_FINAL": "SELECT '202412' AS DAR,'6' AS idObjet,'ra21' AS RA,'C001' AS COL,'R000' AS `ROW`,'[M-11]' AS PERD,Sum(MT_REMB) AS VAL FROM vw_CUBE_DPLT_ICARE_BPCE_ENCR WHERE TRUE  AND CODE_NIV3_ICARE IN ('3_EPAR_BIL','3_EPAR_SAL','3_EQUIP') AND PERD_ARRT_INFO = 202401 AND CODE_ORGN_FINN IN ('311') GROUP BY '202412','6','ra21','C001' ,'R000' ,'[M-11]'",
    "PERIMETRE": "SOURCE",
    "DATE_TRT": "2024-07-09 11:28:54.786775"
}'
2024-07-09 11:28:54 DEBUG uploaded into database'{
    "idLigne": "312/202412",
    "idObjet": 6,
    "TBD": "BARO_ASIE",
    "PAGE": "3",
    "OBJET": "JAPON",
    "DAT_REF": "202412",
    "PERD": "[M-11]",
    "RA_CODE": "ra21",
    "COLS_CODE": "C001",
    "ROWS_CODE": "R001",
    "SQL_CODE_SRC": "SELECT '[p_DAR_REF]' AS DAR,'[p_objet]' AS idObjet,'[p_RA]' AS RA,'[p_COL]' AS COL,'[p_ROW]' AS `ROW`,'[p_PERD]' AS PERD,Sum([p_INDI]) AS VAL FROM [p_CUBE] WHERE TRUE GROUP BY '[p_DAR_REF]','[p_objet]','[p_RA]','[p_COL]' ,'[p_ROW]' ,'[p_PERD]",
    "SQL_CODE_FINAL": "SELECT '202412' AS DAR,'6' AS idObjet,'ra21' AS RA,'C001' AS COL,'R001' AS `ROW`,'[M-11]' AS PERD,Sum(MT_REMB) AS VAL FROM vw_CUBE_DPLT_ICARE_BPCE_ENCR WHERE TRUE  AND CODE_NIV3_ICARE IN ('3_EPAR_BIL','3_EPAR_SAL','3_EQUIP') AND PERD_ARRT_INFO = 202401 AND CODE_ORGN_FINN IN ('312') GROUP BY '202412','6','ra21','C001' ,'R001' ,'[M-11]'",
    "PERIMETRE": "SOURCE",
    "DATE_TRT": "2024-07-09 11:28:54.791408"
}'
2024-07-09 11:28:54 DEBUG uploaded into database'{
    "idLigne": "313/202412",
    "idObjet": 6,
    "TBD": "BARO_ASIE",
    "PAGE": "3",
    "OBJET": "JAPON",
    "DAT_REF": "202412",
    "PERD": "[M-11]",
    "RA_CODE": "ra21",
    "COLS_CODE": "C001",
    "ROWS_CODE": "R002",
    "SQL_CODE_SRC": "SELECT '[p_DAR_REF]' AS DAR,'[p_objet]' AS idObjet,'[p_RA]' AS RA,'[p_COL]' AS COL,'[p_ROW]' AS `ROW`,'[p_PERD]' AS PERD,Sum([p_INDI]) AS VAL FROM [p_CUBE] WHERE TRUE GROUP BY '[p_DAR_REF]','[p_objet]','[p_RA]','[p_COL]' ,'[p_ROW]' ,'[p_PERD]",
    "SQL_CODE_FINAL": "SELECT '202412' AS DAR,'6' AS idObjet,'ra21' AS RA,'C001' AS COL,'R002' AS `ROW`,'[M-11]' AS PERD,Sum(MT_REMB) AS VAL FROM vw_CUBE_DPLT_ICARE_BPCE_ENCR WHERE TRUE  AND CODE_NIV3_ICARE IN ('3_EPAR_BIL','3_EPAR_SAL','3_EQUIP') AND PERD_ARRT_INFO = 202401 AND CODE_ORGN_FINN IN ('311','312') GROUP BY '202412','6','ra21','C001' ,'R002' ,'[M-11]'",
    "PERIMETRE": "SOURCE",
    "DATE_TRT": "2024-07-09 11:28:54.796435"
}'
2024-07-09 11:28:54 DEBUG uploaded into database'{
    "idLigne": "326/202412",
    "idObjet": 7,
    "TBD": "BARO_ASIE",
    "PAGE": "3",
    "OBJET": "COREE",
    "DAT_REF": "202412",
    "PERD": "[M-11]",
    "RA_CODE": "ra20",
    "COLS_CODE": "C000",
    "ROWS_CODE": "R000",
    "SQL_CODE_SRC": "SELECT '[p_DAR_REF]' AS DAR,'[p_objet]' AS idObjet,'[p_RA]' AS RA,'[p_COL]' AS COL,'[p_ROW]' AS `ROW`,'[p_PERD]' AS PERD,Sum([p_INDI]) AS VAL FROM [p_CUBE] WHERE TRUE GROUP BY '[p_DAR_REF]','[p_objet]','[p_RA]','[p_COL]' ,'[p_ROW]' ,'[p_PERD]",
    "SQL_CODE_FINAL": "SELECT '202412' AS DAR,'7' AS idObjet,'ra20' AS RA,'C000' AS COL,'R000' AS `ROW`,'[M-11]' AS PERD,Sum(MT_VERST) AS VAL FROM vw_CUBE_DPLT_ICARE_BPCE_ENCR WHERE TRUE  AND CODE_NIV3_ICARE IN ('3_EPAR_BIL','3_EPAR_SAL','3_EQUIP') AND PERD_ARRT_INFO = 202401 AND CODE_ORGN_FINN IN ('321') GROUP BY '202412','7','ra20','C000' ,'R000' ,'[M-11]'",
    "PERIMETRE": "SOURCE",
    "DATE_TRT": "2024-07-09 11:28:54.801335"
}'
2024-07-09 11:28:54 DEBUG uploaded into database'{
    "idLigne": "327/202412",
    "idObjet": 7,
    "TBD": "BARO_ASIE",
    "PAGE": "3",
    "OBJET": "COREE",
    "DAT_REF": "202412",
    "PERD": "[M-11]",
    "RA_CODE": "ra20",
    "COLS_CODE": "C000",
    "ROWS_CODE": "R001",
    "SQL_CODE_SRC": "SELECT '[p_DAR_REF]' AS DAR,'[p_objet]' AS idObjet,'[p_RA]' AS RA,'[p_COL]' AS COL,'[p_ROW]' AS `ROW`,'[p_PERD]' AS PERD,Sum([p_INDI]) AS VAL FROM [p_CUBE] WHERE TRUE GROUP BY '[p_DAR_REF]','[p_objet]','[p_RA]','[p_COL]' ,'[p_ROW]' ,'[p_PERD]",
    "SQL_CODE_FINAL": "SELECT '202412' AS DAR,'7' AS idObjet,'ra20' AS RA,'C000' AS COL,'R001' AS `ROW`,'[M-11]' AS PERD,Sum(MT_VERST) AS VAL FROM vw_CUBE_DPLT_ICARE_BPCE_ENCR WHERE TRUE  AND CODE_NIV3_ICARE IN ('3_EPAR_BIL','3_EPAR_SAL','3_EQUIP') AND PERD_ARRT_INFO = 202401 AND CODE_ORGN_FINN IN ('322') GROUP BY '202412','7','ra20','C000' ,'R001' ,'[M-11]'",
    "PERIMETRE": "SOURCE",
    "DATE_TRT": "2024-07-09 11:28:54.806638"
}'
2024-07-09 11:28:54 DEBUG uploaded into database'{
    "idLigne": "328/202412",
    "idObjet": 7,
    "TBD": "BARO_ASIE",
    "PAGE": "3",
    "OBJET": "COREE",
    "DAT_REF": "202412",
    "PERD": "[M-11]",
    "RA_CODE": "ra20",
    "COLS_CODE": "C000",
    "ROWS_CODE": "R002",
    "SQL_CODE_SRC": "SELECT '[p_DAR_REF]' AS DAR,'[p_objet]' AS idObjet,'[p_RA]' AS RA,'[p_COL]' AS COL,'[p_ROW]' AS `ROW`,'[p_PERD]' AS PERD,Sum([p_INDI]) AS VAL FROM [p_CUBE] WHERE TRUE GROUP BY '[p_DAR_REF]','[p_objet]','[p_RA]','[p_COL]' ,'[p_ROW]' ,'[p_PERD]",
    "SQL_CODE_FINAL": "SELECT '202412' AS DAR,'7' AS idObjet,'ra20' AS RA,'C000' AS COL,'R002' AS `ROW`,'[M-11]' AS PERD,Sum(MT_VERST) AS VAL FROM vw_CUBE_DPLT_ICARE_BPCE_ENCR WHERE TRUE  AND CODE_NIV3_ICARE IN ('3_EPAR_BIL','3_EPAR_SAL','3_EQUIP') AND PERD_ARRT_INFO = 202401 AND CODE_ORGN_FINN IN ('321','322') GROUP BY '202412','7','ra20','C000' ,'R002' ,'[M-11]'",
    "PERIMETRE": "SOURCE",
    "DATE_TRT": "2024-07-09 11:28:54.812996"
}'
2024-07-09 11:28:54 DEBUG uploaded into database'{
    "idLigne": "329/202412",
    "idObjet": 7,
    "TBD": "BARO_ASIE",
    "PAGE": "3",
    "OBJET": "COREE",
    "DAT_REF": "202412",
    "PERD": "[M-11]",
    "RA_CODE": "ra21",
    "COLS_CODE": "C001",
    "ROWS_CODE": "R000",
    "SQL_CODE_SRC": "SELECT '[p_DAR_REF]' AS DAR,'[p_objet]' AS idObjet,'[p_RA]' AS RA,'[p_COL]' AS COL,'[p_ROW]' AS `ROW`,'[p_PERD]' AS PERD,Sum([p_INDI]) AS VAL FROM [p_CUBE] WHERE TRUE GROUP BY '[p_DAR_REF]','[p_objet]','[p_RA]','[p_COL]' ,'[p_ROW]' ,'[p_PERD]",
    "SQL_CODE_FINAL": "SELECT '202412' AS DAR,'7' AS idObjet,'ra21' AS RA,'C001' AS COL,'R000' AS `ROW`,'[M-11]' AS PERD,Sum(MT_REMB) AS VAL FROM vw_CUBE_DPLT_ICARE_BPCE_ENCR WHERE TRUE  AND CODE_NIV3_ICARE IN ('3_EPAR_BIL','3_EPAR_SAL','3_EQUIP') AND PERD_ARRT_INFO = 202401 AND CODE_ORGN_FINN IN ('321') GROUP BY '202412','7','ra21','C001' ,'R000' ,'[M-11]'",
    "PERIMETRE": "SOURCE",
    "DATE_TRT": "2024-07-09 11:28:54.815931"
}'
2024-07-09 11:28:54 DEBUG uploaded into database'{
    "idLigne": "330/202412",
    "idObjet": 7,
    "TBD": "BARO_ASIE",
    "PAGE": "3",
    "OBJET": "COREE",
    "DAT_REF": "202412",
    "PERD": "[M-11]",
    "RA_CODE": "ra21",
    "COLS_CODE": "C001",
    "ROWS_CODE": "R001",
    "SQL_CODE_SRC": "SELECT '[p_DAR_REF]' AS DAR,'[p_objet]' AS idObjet,'[p_RA]' AS RA,'[p_COL]' AS COL,'[p_ROW]' AS `ROW`,'[p_PERD]' AS PERD,Sum([p_INDI]) AS VAL FROM [p_CUBE] WHERE TRUE GROUP BY '[p_DAR_REF]','[p_objet]','[p_RA]','[p_COL]' ,'[p_ROW]' ,'[p_PERD]",
    "SQL_CODE_FINAL": "SELECT '202412' AS DAR,'7' AS idObjet,'ra21' AS RA,'C001' AS COL,'R001' AS `ROW`,'[M-11]' AS PERD,Sum(MT_REMB) AS VAL FROM vw_CUBE_DPLT_ICARE_BPCE_ENCR WHERE TRUE  AND CODE_NIV3_ICARE IN ('3_EPAR_BIL','3_EPAR_SAL','3_EQUIP') AND PERD_ARRT_INFO = 202401 AND CODE_ORGN_FINN IN ('322') GROUP BY '202412','7','ra21','C001' ,'R001' ,'[M-11]'",
    "PERIMETRE": "SOURCE",
    "DATE_TRT": "2024-07-09 11:28:54.821793"
}'
2024-07-09 11:28:54 DEBUG uploaded into database'{
    "idLigne": "331/202412",
    "idObjet": 7,
    "TBD": "BARO_ASIE",
    "PAGE": "3",
    "OBJET": "COREE",
    "DAT_REF": "202412",
    "PERD": "[M-11]",
    "RA_CODE": "ra21",
    "COLS_CODE": "C001",
    "ROWS_CODE": "R002",
    "SQL_CODE_SRC": "SELECT '[p_DAR_REF]' AS DAR,'[p_objet]' AS idObjet,'[p_RA]' AS RA,'[p_COL]' AS COL,'[p_ROW]' AS `ROW`,'[p_PERD]' AS PERD,Sum([p_INDI]) AS VAL FROM [p_CUBE] WHERE TRUE GROUP BY '[p_DAR_REF]','[p_objet]','[p_RA]','[p_COL]' ,'[p_ROW]' ,'[p_PERD]",
    "SQL_CODE_FINAL": "SELECT '202412' AS DAR,'7' AS idObjet,'ra21' AS RA,'C001' AS COL,'R002' AS `ROW`,'[M-11]' AS PERD,Sum(MT_REMB) AS VAL FROM vw_CUBE_DPLT_ICARE_BPCE_ENCR WHERE TRUE  AND CODE_NIV3_ICARE IN ('3_EPAR_BIL','3_EPAR_SAL','3_EQUIP') AND PERD_ARRT_INFO = 202401 AND CODE_ORGN_FINN IN ('321','322') GROUP BY '202412','7','ra21','C001' ,'R002' ,'[M-11]'",
    "PERIMETRE": "SOURCE",
    "DATE_TRT": "2024-07-09 11:28:54.825747"
}'
2024-07-09 11:28:54 DEBUG uploaded into database'{
    "idLigne": "344/202412",
    "idObjet": 8,
    "TBD": "BARO_ASIE",
    "PAGE": "3",
    "OBJET": "CHINE",
    "DAT_REF": "202412",
    "PERD": "[M-11]",
    "RA_CODE": "ra20",
    "COLS_CODE": "C000",
    "ROWS_CODE": "R000",
    "SQL_CODE_SRC": "SELECT '[p_DAR_REF]' AS DAR,'[p_objet]' AS idObjet,'[p_RA]' AS RA,'[p_COL]' AS COL,'[p_ROW]' AS `ROW`,'[p_PERD]' AS PERD,Sum([p_INDI]) AS VAL FROM [p_CUBE] WHERE TRUE GROUP BY '[p_DAR_REF]','[p_objet]','[p_RA]','[p_COL]' ,'[p_ROW]' ,'[p_PERD]",
    "SQL_CODE_FINAL": "SELECT '202412' AS DAR,'8' AS idObjet,'ra20' AS RA,'C000' AS COL,'R000' AS `ROW`,'[M-11]' AS PERD,Sum(MT_VERST) AS VAL FROM vw_CUBE_DPLT_ICARE_BPCE_ENCR WHERE TRUE  AND CODE_NIV3_ICARE IN ('3_EPAR_BIL','3_EPAR_SAL','3_EQUIP') AND PERD_ARRT_INFO = 202401 AND CODE_ORGN_FINN IN ('331') GROUP BY '202412','8','ra20','C000' ,'R000' ,'[M-11]'",
    "PERIMETRE": "SOURCE",
    "DATE_TRT": "2024-07-09 11:28:54.832819"
}'
2024-07-09 11:28:54 DEBUG uploaded into database'{
    "idLigne": "345/202412",
    "idObjet": 8,
    "TBD": "BARO_ASIE",
    "PAGE": "3",
    "OBJET": "CHINE",
    "DAT_REF": "202412",
    "PERD": "[M-11]",
    "RA_CODE": "ra20",
    "COLS_CODE": "C000",
    "ROWS_CODE": "R001",
    "SQL_CODE_SRC": "SELECT '[p_DAR_REF]' AS DAR,'[p_objet]' AS idObjet,'[p_RA]' AS RA,'[p_COL]' AS COL,'[p_ROW]' AS `ROW`,'[p_PERD]' AS PERD,Sum([p_INDI]) AS VAL FROM [p_CUBE] WHERE TRUE GROUP BY '[p_DAR_REF]','[p_objet]','[p_RA]','[p_COL]' ,'[p_ROW]' ,'[p_PERD]",
    "SQL_CODE_FINAL": "SELECT '202412' AS DAR,'8' AS idObjet,'ra20' AS RA,'C000' AS COL,'R001' AS `ROW`,'[M-11]' AS PERD,Sum(MT_VERST) AS VAL FROM vw_CUBE_DPLT_ICARE_BPCE_ENCR WHERE TRUE  AND CODE_NIV3_ICARE IN ('3_EPAR_BIL','3_EPAR_SAL','3_EQUIP') AND PERD_ARRT_INFO = 202401 AND CODE_ORGN_FINN IN ('332') GROUP BY '202412','8','ra20','C000' ,'R001' ,'[M-11]'",
    "PERIMETRE": "SOURCE",
    "DATE_TRT": "2024-07-09 11:28:54.837815"
}'
2024-07-09 11:28:54 DEBUG uploaded into database'{
    "idLigne": "346/202412",
    "idObjet": 8,
    "TBD": "BARO_ASIE",
    "PAGE": "3",
    "OBJET": "CHINE",
    "DAT_REF": "202412",
    "PERD": "[M-11]",
    "RA_CODE": "ra20",
    "COLS_CODE": "C000",
    "ROWS_CODE": "R002",
    "SQL_CODE_SRC": "SELECT '[p_DAR_REF]' AS DAR,'[p_objet]' AS idObjet,'[p_RA]' AS RA,'[p_COL]' AS COL,'[p_ROW]' AS `ROW`,'[p_PERD]' AS PERD,Sum([p_INDI]) AS VAL FROM [p_CUBE] WHERE TRUE GROUP BY '[p_DAR_REF]','[p_objet]','[p_RA]','[p_COL]' ,'[p_ROW]' ,'[p_PERD]",
    "SQL_CODE_FINAL": "SELECT '202412' AS DAR,'8' AS idObjet,'ra20' AS RA,'C000' AS COL,'R002' AS `ROW`,'[M-11]' AS PERD,Sum(MT_VERST) AS VAL FROM vw_CUBE_DPLT_ICARE_BPCE_ENCR WHERE TRUE  AND CODE_NIV3_ICARE IN ('3_EPAR_BIL','3_EPAR_SAL','3_EQUIP') AND PERD_ARRT_INFO = 202401 AND CODE_ORGN_FINN IN ('331','332') GROUP BY '202412','8','ra20','C000' ,'R002' ,'[M-11]'",
    "PERIMETRE": "SOURCE",
    "DATE_TRT": "2024-07-09 11:28:54.842724"
}'
2024-07-09 11:28:54 DEBUG uploaded into database'{
    "idLigne": "347/202412",
    "idObjet": 8,
    "TBD": "BARO_ASIE",
    "PAGE": "3",
    "OBJET": "CHINE",
    "DAT_REF": "202412",
    "PERD": "[M-11]",
    "RA_CODE": "ra21",
    "COLS_CODE": "C001",
    "ROWS_CODE": "R000",
    "SQL_CODE_SRC": "SELECT '[p_DAR_REF]' AS DAR,'[p_objet]' AS idObjet,'[p_RA]' AS RA,'[p_COL]' AS COL,'[p_ROW]' AS `ROW`,'[p_PERD]' AS PERD,Sum([p_INDI]) AS VAL FROM [p_CUBE] WHERE TRUE GROUP BY '[p_DAR_REF]','[p_objet]','[p_RA]','[p_COL]' ,'[p_ROW]' ,'[p_PERD]",
    "SQL_CODE_FINAL": "SELECT '202412' AS DAR,'8' AS idObjet,'ra21' AS RA,'C001' AS COL,'R000' AS `ROW`,'[M-11]' AS PERD,Sum(MT_REMB) AS VAL FROM vw_CUBE_DPLT_ICARE_BPCE_ENCR WHERE TRUE  AND CODE_NIV3_ICARE IN ('3_EPAR_BIL','3_EPAR_SAL','3_EQUIP') AND PERD_ARRT_INFO = 202401 AND CODE_ORGN_FINN IN ('331') GROUP BY '202412','8','ra21','C001' ,'R000' ,'[M-11]'",
    "PERIMETRE": "SOURCE",
    "DATE_TRT": "2024-07-09 11:28:54.847663"
}'
2024-07-09 11:28:54 DEBUG uploaded into database'{
    "idLigne": "348/202412",
    "idObjet": 8,
    "TBD": "BARO_ASIE",
    "PAGE": "3",
    "OBJET": "CHINE",
    "DAT_REF": "202412",
    "PERD": "[M-11]",
    "RA_CODE": "ra21",
    "COLS_CODE": "C001",
    "ROWS_CODE": "R001",
    "SQL_CODE_SRC": "SELECT '[p_DAR_REF]' AS DAR,'[p_objet]' AS idObjet,'[p_RA]' AS RA,'[p_COL]' AS COL,'[p_ROW]' AS `ROW`,'[p_PERD]' AS PERD,Sum([p_INDI]) AS VAL FROM [p_CUBE] WHERE TRUE GROUP BY '[p_DAR_REF]','[p_objet]','[p_RA]','[p_COL]' ,'[p_ROW]' ,'[p_PERD]",
    "SQL_CODE_FINAL": "SELECT '202412' AS DAR,'8' AS idObjet,'ra21' AS RA,'C001' AS COL,'R001' AS `ROW`,'[M-11]' AS PERD,Sum(MT_REMB) AS VAL FROM vw_CUBE_DPLT_ICARE_BPCE_ENCR WHERE TRUE  AND CODE_NIV3_ICARE IN ('3_EPAR_BIL','3_EPAR_SAL','3_EQUIP') AND PERD_ARRT_INFO = 202401 AND CODE_ORGN_FINN IN ('332') GROUP BY '202412','8','ra21','C001' ,'R001' ,'[M-11]'",
    "PERIMETRE": "SOURCE",
    "DATE_TRT": "2024-07-09 11:28:54.853575"
}'
2024-07-09 11:28:54 DEBUG uploaded into database'{
    "idLigne": "349/202412",
    "idObjet": 8,
    "TBD": "BARO_ASIE",
    "PAGE": "3",
    "OBJET": "CHINE",
    "DAT_REF": "202412",
    "PERD": "[M-11]",
    "RA_CODE": "ra21",
    "COLS_CODE": "C001",
    "ROWS_CODE": "R002",
    "SQL_CODE_SRC": "SELECT '[p_DAR_REF]' AS DAR,'[p_objet]' AS idObjet,'[p_RA]' AS RA,'[p_COL]' AS COL,'[p_ROW]' AS `ROW`,'[p_PERD]' AS PERD,Sum([p_INDI]) AS VAL FROM [p_CUBE] WHERE TRUE GROUP BY '[p_DAR_REF]','[p_objet]','[p_RA]','[p_COL]' ,'[p_ROW]' ,'[p_PERD]",
    "SQL_CODE_FINAL": "SELECT '202412' AS DAR,'8' AS idObjet,'ra21' AS RA,'C001' AS COL,'R002' AS `ROW`,'[M-11]' AS PERD,Sum(MT_REMB) AS VAL FROM vw_CUBE_DPLT_ICARE_BPCE_ENCR WHERE TRUE  AND CODE_NIV3_ICARE IN ('3_EPAR_BIL','3_EPAR_SAL','3_EQUIP') AND PERD_ARRT_INFO = 202401 AND CODE_ORGN_FINN IN ('331','332') GROUP BY '202412','8','ra21','C001' ,'R002' ,'[M-11]'",
    "PERIMETRE": "SOURCE",
    "DATE_TRT": "2024-07-09 11:28:54.858481"
}'
2024-07-09 11:28:54 DEBUG uploaded into database'{
    "idLigne": "362/202412",
    "idObjet": 9,
    "TBD": "BARO_MONDE",
    "PAGE": "4",
    "OBJET": "AFRIQUE",
    "DAT_REF": "202412",
    "PERD": "[M-11]",
    "RA_CODE": "ra20",
    "COLS_CODE": "C000",
    "ROWS_CODE": "R000",
    "SQL_CODE_SRC": "SELECT '[p_DAR_REF]' AS DAR,'[p_objet]' AS idObjet,'[p_RA]' AS RA,'[p_COL]' AS COL,'[p_ROW]' AS `ROW`,'[p_PERD]' AS PERD,Sum([p_INDI]) AS VAL FROM [p_CUBE] WHERE TRUE GROUP BY '[p_DAR_REF]','[p_objet]','[p_RA]','[p_COL]' ,'[p_ROW]' ,'[p_PERD]",
    "SQL_CODE_FINAL": "SELECT '202412' AS DAR,'9' AS idObjet,'ra20' AS RA,'C000' AS COL,'R000' AS `ROW`,'[M-11]' AS PERD,Sum(MT_VERST) AS VAL FROM vw_CUBE_DPLT_ICARE_BPCE_ENCR WHERE TRUE  AND CODE_NIV3_ICARE IN ('3_EPAR_BIL','3_EPAR_SAL','3_EQUIP') AND PERD_ARRT_INFO = 202401 AND CODE_ORGN_FINN IN ('111','112') GROUP BY '202412','9','ra20','C000' ,'R000' ,'[M-11]'",
    "PERIMETRE": "SOURCE",
    "DATE_TRT": "2024-07-09 11:28:54.864877"
}'
2024-07-09 11:28:54 DEBUG uploaded into database'{
    "idLigne": "363/202412",
    "idObjet": 9,
    "TBD": "BARO_MONDE",
    "PAGE": "4",
    "OBJET": "AFRIQUE",
    "DAT_REF": "202412",
    "PERD": "[M-11]",
    "RA_CODE": "ra20",
    "COLS_CODE": "C000",
    "ROWS_CODE": "R001",
    "SQL_CODE_SRC": "SELECT '[p_DAR_REF]' AS DAR,'[p_objet]' AS idObjet,'[p_RA]' AS RA,'[p_COL]' AS COL,'[p_ROW]' AS `ROW`,'[p_PERD]' AS PERD,Sum([p_INDI]) AS VAL FROM [p_CUBE] WHERE TRUE GROUP BY '[p_DAR_REF]','[p_objet]','[p_RA]','[p_COL]' ,'[p_ROW]' ,'[p_PERD]",
    "SQL_CODE_FINAL": "SELECT '202412' AS DAR,'9' AS idObjet,'ra20' AS RA,'C000' AS COL,'R001' AS `ROW`,'[M-11]' AS PERD,Sum(MT_VERST) AS VAL FROM vw_CUBE_DPLT_ICARE_BPCE_ENCR WHERE TRUE  AND CODE_NIV3_ICARE IN ('3_EPAR_BIL','3_EPAR_SAL','3_EQUIP') AND PERD_ARRT_INFO = 202401 AND CODE_ORGN_FINN IN ('121','122') GROUP BY '202412','9','ra20','C000' ,'R001' ,'[M-11]'",
    "PERIMETRE": "SOURCE",
    "DATE_TRT": "2024-07-09 11:28:54.868577"
}'
2024-07-09 11:28:54 DEBUG uploaded into database'{
    "idLigne": "364/202412",
    "idObjet": 9,
    "TBD": "BARO_MONDE",
    "PAGE": "4",
    "OBJET": "AFRIQUE",
    "DAT_REF": "202412",
    "PERD": "[M-11]",
    "RA_CODE": "ra20",
    "COLS_CODE": "C000",
    "ROWS_CODE": "R002",
    "SQL_CODE_SRC": "SELECT '[p_DAR_REF]' AS DAR,'[p_objet]' AS idObjet,'[p_RA]' AS RA,'[p_COL]' AS COL,'[p_ROW]' AS `ROW`,'[p_PERD]' AS PERD,Sum([p_INDI]) AS VAL FROM [p_CUBE] WHERE TRUE GROUP BY '[p_DAR_REF]','[p_objet]','[p_RA]','[p_COL]' ,'[p_ROW]' ,'[p_PERD]",
    "SQL_CODE_FINAL": "SELECT '202412' AS DAR,'9' AS idObjet,'ra20' AS RA,'C000' AS COL,'R002' AS `ROW`,'[M-11]' AS PERD,Sum(MT_VERST) AS VAL FROM vw_CUBE_DPLT_ICARE_BPCE_ENCR WHERE TRUE  AND CODE_NIV3_ICARE IN ('3_EPAR_BIL','3_EPAR_SAL','3_EQUIP') AND PERD_ARRT_INFO = 202401 AND CODE_ORGN_FINN IN ('131','132') GROUP BY '202412','9','ra20','C000' ,'R002' ,'[M-11]'",
    "PERIMETRE": "SOURCE",
    "DATE_TRT": "2024-07-09 11:28:54.872748"
}'
2024-07-09 11:28:54 DEBUG uploaded into database'{
    "idLigne": "365/202412",
    "idObjet": 9,
    "TBD": "BARO_MONDE",
    "PAGE": "4",
    "OBJET": "AFRIQUE",
    "DAT_REF": "202412",
    "PERD": "[M-11]",
    "RA_CODE": "ra21",
    "COLS_CODE": "C000",
    "ROWS_CODE": "R003",
    "SQL_CODE_SRC": "SELECT '[p_DAR_REF]' AS DAR,'[p_objet]' AS idObjet,'[p_RA]' AS RA,'[p_COL]' AS COL,'[p_ROW]' AS `ROW`,'[p_PERD]' AS PERD,Sum([p_INDI]) AS VAL FROM [p_CUBE] WHERE TRUE GROUP BY '[p_DAR_REF]','[p_objet]','[p_RA]','[p_COL]' ,'[p_ROW]' ,'[p_PERD]",
    "SQL_CODE_FINAL": "SELECT '202412' AS DAR,'9' AS idObjet,'ra21' AS RA,'C000' AS COL,'R003' AS `ROW`,'[M-11]' AS PERD,Sum(MT_VERST) AS VAL FROM vw_CUBE_DPLT_ICARE_BPCE_ENCR WHERE TRUE  AND CODE_NIV3_ICARE IN ('3_EPAR_BIL','3_EPAR_SAL','3_EQUIP') AND PERD_ARRT_INFO = 202401 AND CODE_ORGN_FINN IN ('111','112','121','122','131','132') GROUP BY '202412','9','ra21','C000' ,'R003' ,'[M-11]'",
    "PERIMETRE": "SOURCE",
    "DATE_TRT": "2024-07-09 11:28:54.877896"
}'
2024-07-09 11:28:54 DEBUG uploaded into database'{
    "idLigne": "366/202412",
    "idObjet": 9,
    "TBD": "BARO_MONDE",
    "PAGE": "4",
    "OBJET": "AFRIQUE",
    "DAT_REF": "202412",
    "PERD": "[M-11]",
    "RA_CODE": "ra21",
    "COLS_CODE": "C001",
    "ROWS_CODE": "R000",
    "SQL_CODE_SRC": "SELECT '[p_DAR_REF]' AS DAR,'[p_objet]' AS idObjet,'[p_RA]' AS RA,'[p_COL]' AS COL,'[p_ROW]' AS `ROW`,'[p_PERD]' AS PERD,Sum([p_INDI]) AS VAL FROM [p_CUBE] WHERE TRUE GROUP BY '[p_DAR_REF]','[p_objet]','[p_RA]','[p_COL]' ,'[p_ROW]' ,'[p_PERD]",
    "SQL_CODE_FINAL": "SELECT '202412' AS DAR,'9' AS idObjet,'ra21' AS RA,'C001' AS COL,'R000' AS `ROW`,'[M-11]' AS PERD,Sum(MT_REMB) AS VAL FROM vw_CUBE_DPLT_ICARE_BPCE_ENCR WHERE TRUE  AND CODE_NIV3_ICARE IN ('3_EPAR_BIL','3_EPAR_SAL','3_EQUIP') AND PERD_ARRT_INFO = 202401 AND CODE_ORGN_FINN IN ('111','112') GROUP BY '202412','9','ra21','C001' ,'R000' ,'[M-11]'",
    "PERIMETRE": "SOURCE",
    "DATE_TRT": "2024-07-09 11:28:54.883885"
}'
2024-07-09 11:28:54 DEBUG uploaded into database'{
    "idLigne": "367/202412",
    "idObjet": 9,
    "TBD": "BARO_MONDE",
    "PAGE": "4",
    "OBJET": "AFRIQUE",
    "DAT_REF": "202412",
    "PERD": "[M-11]",
    "RA_CODE": "ra21",
    "COLS_CODE": "C001",
    "ROWS_CODE": "R001",
    "SQL_CODE_SRC": "SELECT '[p_DAR_REF]' AS DAR,'[p_objet]' AS idObjet,'[p_RA]' AS RA,'[p_COL]' AS COL,'[p_ROW]' AS `ROW`,'[p_PERD]' AS PERD,Sum([p_INDI]) AS VAL FROM [p_CUBE] WHERE TRUE GROUP BY '[p_DAR_REF]','[p_objet]','[p_RA]','[p_COL]' ,'[p_ROW]' ,'[p_PERD]",
    "SQL_CODE_FINAL": "SELECT '202412' AS DAR,'9' AS idObjet,'ra21' AS RA,'C001' AS COL,'R001' AS `ROW`,'[M-11]' AS PERD,Sum(MT_REMB) AS VAL FROM vw_CUBE_DPLT_ICARE_BPCE_ENCR WHERE TRUE  AND CODE_NIV3_ICARE IN ('3_EPAR_BIL','3_EPAR_SAL','3_EQUIP') AND PERD_ARRT_INFO = 202401 AND CODE_ORGN_FINN IN ('121','122') GROUP BY '202412','9','ra21','C001' ,'R001' ,'[M-11]'",
    "PERIMETRE": "SOURCE",
    "DATE_TRT": "2024-07-09 11:28:54.887315"
}'
2024-07-09 11:28:54 DEBUG uploaded into database'{
    "idLigne": "368/202412",
    "idObjet": 9,
    "TBD": "BARO_MONDE",
    "PAGE": "4",
    "OBJET": "AFRIQUE",
    "DAT_REF": "202412",
    "PERD": "[M-11]",
    "RA_CODE": "ra22",
    "COLS_CODE": "C001",
    "ROWS_CODE": "R002",
    "SQL_CODE_SRC": "SELECT '[p_DAR_REF]' AS DAR,'[p_objet]' AS idObjet,'[p_RA]' AS RA,'[p_COL]' AS COL,'[p_ROW]' AS `ROW`,'[p_PERD]' AS PERD,Sum([p_INDI]) AS VAL FROM [p_CUBE] WHERE TRUE GROUP BY '[p_DAR_REF]','[p_objet]','[p_RA]','[p_COL]' ,'[p_ROW]' ,'[p_PERD]",
    "SQL_CODE_FINAL": "SELECT '202412' AS DAR,'9' AS idObjet,'ra22' AS RA,'C001' AS COL,'R002' AS `ROW`,'[M-11]' AS PERD,Sum(MT_REMB) AS VAL FROM vw_CUBE_DPLT_ICARE_BPCE_ENCR WHERE TRUE  AND CODE_NIV3_ICARE IN ('3_EPAR_BIL','3_EPAR_SAL','3_EQUIP') AND PERD_ARRT_INFO = 202401 AND CODE_ORGN_FINN IN ('131','132') GROUP BY '202412','9','ra22','C001' ,'R002' ,'[M-11]'",
    "PERIMETRE": "SOURCE",
    "DATE_TRT": "2024-07-09 11:28:54.891340"
}'
2024-07-09 11:28:54 DEBUG uploaded into database'{
    "idLigne": "369/202412",
    "idObjet": 9,
    "TBD": "BARO_MONDE",
    "PAGE": "4",
    "OBJET": "AFRIQUE",
    "DAT_REF": "202412",
    "PERD": "[M-11]",
    "RA_CODE": "ra22",
    "COLS_CODE": "C001",
    "ROWS_CODE": "R003",
    "SQL_CODE_SRC": "SELECT '[p_DAR_REF]' AS DAR,'[p_objet]' AS idObjet,'[p_RA]' AS RA,'[p_COL]' AS COL,'[p_ROW]' AS `ROW`,'[p_PERD]' AS PERD,Sum([p_INDI]) AS VAL FROM [p_CUBE] WHERE TRUE GROUP BY '[p_DAR_REF]','[p_objet]','[p_RA]','[p_COL]' ,'[p_ROW]' ,'[p_PERD]",
    "SQL_CODE_FINAL": "SELECT '202412' AS DAR,'9' AS idObjet,'ra22' AS RA,'C001' AS COL,'R003' AS `ROW`,'[M-11]' AS PERD,Sum(MT_REMB) AS VAL FROM vw_CUBE_DPLT_ICARE_BPCE_ENCR WHERE TRUE  AND CODE_NIV3_ICARE IN ('3_EPAR_BIL','3_EPAR_SAL','3_EQUIP') AND PERD_ARRT_INFO = 202401 AND CODE_ORGN_FINN IN ('111','112','121','122','131','132') GROUP BY '202412','9','ra22','C001' ,'R003' ,'[M-11]'",
    "PERIMETRE": "SOURCE",
    "DATE_TRT": "2024-07-09 11:28:54.896681"
}'
2024-07-09 11:28:54 DEBUG uploaded into database'{
    "idLigne": "386/202412",
    "idObjet": 10,
    "TBD": "BARO_MONDE",
    "PAGE": "4",
    "OBJET": "EUROPE",
    "DAT_REF": "202412",
    "PERD": "[M-11]",
    "RA_CODE": "ra22",
    "COLS_CODE": "C000",
    "ROWS_CODE": "R000",
    "SQL_CODE_SRC": "SELECT '[p_DAR_REF]' AS DAR,'[p_objet]' AS idObjet,'[p_RA]' AS RA,'[p_COL]' AS COL,'[p_ROW]' AS `ROW`,'[p_PERD]' AS PERD,Sum([p_INDI]) AS VAL FROM [p_CUBE] WHERE TRUE GROUP BY '[p_DAR_REF]','[p_objet]','[p_RA]','[p_COL]' ,'[p_ROW]' ,'[p_PERD]",
    "SQL_CODE_FINAL": "SELECT '202412' AS DAR,'10' AS idObjet,'ra22' AS RA,'C000' AS COL,'R000' AS `ROW`,'[M-11]' AS PERD,Sum(MT_VERST) AS VAL FROM vw_CUBE_DPLT_ICARE_BPCE_ENCR WHERE TRUE  AND CODE_NIV3_ICARE IN ('3_EPAR_BIL','3_EPAR_SAL','3_EQUIP') AND PERD_ARRT_INFO = 202401 AND CODE_ORGN_FINN IN ('211','212') GROUP BY '202412','10','ra22','C000' ,'R000' ,'[M-11]'",
    "PERIMETRE": "SOURCE",
    "DATE_TRT": "2024-07-09 11:28:54.902235"
}'
2024-07-09 11:28:54 DEBUG uploaded into database'{
    "idLigne": "387/202412",
    "idObjet": 10,
    "TBD": "BARO_MONDE",
    "PAGE": "4",
    "OBJET": "EUROPE",
    "DAT_REF": "202412",
    "PERD": "[M-11]",
    "RA_CODE": "ra22",
    "COLS_CODE": "C000",
    "ROWS_CODE": "R001",
    "SQL_CODE_SRC": "SELECT '[p_DAR_REF]' AS DAR,'[p_objet]' AS idObjet,'[p_RA]' AS RA,'[p_COL]' AS COL,'[p_ROW]' AS `ROW`,'[p_PERD]' AS PERD,Sum([p_INDI]) AS VAL FROM [p_CUBE] WHERE TRUE GROUP BY '[p_DAR_REF]','[p_objet]','[p_RA]','[p_COL]' ,'[p_ROW]' ,'[p_PERD]",
    "SQL_CODE_FINAL": "SELECT '202412' AS DAR,'10' AS idObjet,'ra22' AS RA,'C000' AS COL,'R001' AS `ROW`,'[M-11]' AS PERD,Sum(MT_VERST) AS VAL FROM vw_CUBE_DPLT_ICARE_BPCE_ENCR WHERE TRUE  AND CODE_NIV3_ICARE IN ('3_EPAR_BIL','3_EPAR_SAL','3_EQUIP') AND PERD_ARRT_INFO = 202401 AND CODE_ORGN_FINN IN ('221','222') GROUP BY '202412','10','ra22','C000' ,'R001' ,'[M-11]'",
    "PERIMETRE": "SOURCE",
    "DATE_TRT": "2024-07-09 11:28:54.910442"
}'
2024-07-09 11:28:54 DEBUG uploaded into database'{
    "idLigne": "388/202412",
    "idObjet": 10,
    "TBD": "BARO_MONDE",
    "PAGE": "4",
    "OBJET": "EUROPE",
    "DAT_REF": "202412",
    "PERD": "[M-11]",
    "RA_CODE": "ra22",
    "COLS_CODE": "C000",
    "ROWS_CODE": "R002",
    "SQL_CODE_SRC": "SELECT '[p_DAR_REF]' AS DAR,'[p_objet]' AS idObjet,'[p_RA]' AS RA,'[p_COL]' AS COL,'[p_ROW]' AS `ROW`,'[p_PERD]' AS PERD,Sum([p_INDI]) AS VAL FROM [p_CUBE] WHERE TRUE GROUP BY '[p_DAR_REF]','[p_objet]','[p_RA]','[p_COL]' ,'[p_ROW]' ,'[p_PERD]",
    "SQL_CODE_FINAL": "SELECT '202412' AS DAR,'10' AS idObjet,'ra22' AS RA,'C000' AS COL,'R002' AS `ROW`,'[M-11]' AS PERD,Sum(MT_VERST) AS VAL FROM vw_CUBE_DPLT_ICARE_BPCE_ENCR WHERE TRUE  AND CODE_NIV3_ICARE IN ('3_EPAR_BIL','3_EPAR_SAL','3_EQUIP') AND PERD_ARRT_INFO = 202401 AND CODE_ORGN_FINN IN ('231','232') GROUP BY '202412','10','ra22','C000' ,'R002' ,'[M-11]'",
    "PERIMETRE": "SOURCE",
    "DATE_TRT": "2024-07-09 11:28:54.915971"
}'
2024-07-09 11:28:54 DEBUG uploaded into database'{
    "idLigne": "389/202412",
    "idObjet": 10,
    "TBD": "BARO_MONDE",
    "PAGE": "4",
    "OBJET": "EUROPE",
    "DAT_REF": "202412",
    "PERD": "[M-11]",
    "RA_CODE": "ra23",
    "COLS_CODE": "C000",
    "ROWS_CODE": "R003",
    "SQL_CODE_SRC": "SELECT '[p_DAR_REF]' AS DAR,'[p_objet]' AS idObjet,'[p_RA]' AS RA,'[p_COL]' AS COL,'[p_ROW]' AS `ROW`,'[p_PERD]' AS PERD,Sum([p_INDI]) AS VAL FROM [p_CUBE] WHERE TRUE GROUP BY '[p_DAR_REF]','[p_objet]','[p_RA]','[p_COL]' ,'[p_ROW]' ,'[p_PERD]",
    "SQL_CODE_FINAL": "SELECT '202412' AS DAR,'10' AS idObjet,'ra23' AS RA,'C000' AS COL,'R003' AS `ROW`,'[M-11]' AS PERD,Sum(MT_VERST) AS VAL FROM vw_CUBE_DPLT_ICARE_BPCE_ENCR WHERE TRUE  AND CODE_NIV3_ICARE IN ('3_EPAR_BIL','3_EPAR_SAL','3_EQUIP') AND PERD_ARRT_INFO = 202401 AND CODE_ORGN_FINN IN ('211','212','221','222','231','232') GROUP BY '202412','10','ra23','C000' ,'R003' ,'[M-11]'",
    "PERIMETRE": "SOURCE",
    "DATE_TRT": "2024-07-09 11:28:54.919021"
}'
2024-07-09 11:28:54 DEBUG uploaded into database'{
    "idLigne": "390/202412",
    "idObjet": 10,
    "TBD": "BARO_MONDE",
    "PAGE": "4",
    "OBJET": "EUROPE",
    "DAT_REF": "202412",
    "PERD": "[M-11]",
    "RA_CODE": "ra23",
    "COLS_CODE": "C001",
    "ROWS_CODE": "R000",
    "SQL_CODE_SRC": "SELECT '[p_DAR_REF]' AS DAR,'[p_objet]' AS idObjet,'[p_RA]' AS RA,'[p_COL]' AS COL,'[p_ROW]' AS `ROW`,'[p_PERD]' AS PERD,Sum([p_INDI]) AS VAL FROM [p_CUBE] WHERE TRUE GROUP BY '[p_DAR_REF]','[p_objet]','[p_RA]','[p_COL]' ,'[p_ROW]' ,'[p_PERD]",
    "SQL_CODE_FINAL": "SELECT '202412' AS DAR,'10' AS idObjet,'ra23' AS RA,'C001' AS COL,'R000' AS `ROW`,'[M-11]' AS PERD,Sum(MT_REMB) AS VAL FROM vw_CUBE_DPLT_ICARE_BPCE_ENCR WHERE TRUE  AND CODE_NIV3_ICARE IN ('3_EPAR_BIL','3_EPAR_SAL','3_EQUIP') AND PERD_ARRT_INFO = 202401 AND CODE_ORGN_FINN IN ('211','212') GROUP BY '202412','10','ra23','C001' ,'R000' ,'[M-11]'",
    "PERIMETRE": "SOURCE",
    "DATE_TRT": "2024-07-09 11:28:54.925696"
}'
2024-07-09 11:28:54 DEBUG uploaded into database'{
    "idLigne": "391/202412",
    "idObjet": 10,
    "TBD": "BARO_MONDE",
    "PAGE": "4",
    "OBJET": "EUROPE",
    "DAT_REF": "202412",
    "PERD": "[M-11]",
    "RA_CODE": "ra23",
    "COLS_CODE": "C001",
    "ROWS_CODE": "R001",
    "SQL_CODE_SRC": "SELECT '[p_DAR_REF]' AS DAR,'[p_objet]' AS idObjet,'[p_RA]' AS RA,'[p_COL]' AS COL,'[p_ROW]' AS `ROW`,'[p_PERD]' AS PERD,Sum([p_INDI]) AS VAL FROM [p_CUBE] WHERE TRUE GROUP BY '[p_DAR_REF]','[p_objet]','[p_RA]','[p_COL]' ,'[p_ROW]' ,'[p_PERD]",
    "SQL_CODE_FINAL": "SELECT '202412' AS DAR,'10' AS idObjet,'ra23' AS RA,'C001' AS COL,'R001' AS `ROW`,'[M-11]' AS PERD,Sum(MT_REMB) AS VAL FROM vw_CUBE_DPLT_ICARE_BPCE_ENCR WHERE TRUE  AND CODE_NIV3_ICARE IN ('3_EPAR_BIL','3_EPAR_SAL','3_EQUIP') AND PERD_ARRT_INFO = 202401 AND CODE_ORGN_FINN IN ('221','222') GROUP BY '202412','10','ra23','C001' ,'R001' ,'[M-11]'",
    "PERIMETRE": "SOURCE",
    "DATE_TRT": "2024-07-09 11:28:54.931212"
}'
2024-07-09 11:28:54 DEBUG uploaded into database'{
    "idLigne": "392/202412",
    "idObjet": 10,
    "TBD": "BARO_MONDE",
    "PAGE": "4",
    "OBJET": "EUROPE",
    "DAT_REF": "202412",
    "PERD": "[M-11]",
    "RA_CODE": "ra24",
    "COLS_CODE": "C001",
    "ROWS_CODE": "R002",
    "SQL_CODE_SRC": "SELECT '[p_DAR_REF]' AS DAR,'[p_objet]' AS idObjet,'[p_RA]' AS RA,'[p_COL]' AS COL,'[p_ROW]' AS `ROW`,'[p_PERD]' AS PERD,Sum([p_INDI]) AS VAL FROM [p_CUBE] WHERE TRUE GROUP BY '[p_DAR_REF]','[p_objet]','[p_RA]','[p_COL]' ,'[p_ROW]' ,'[p_PERD]",
    "SQL_CODE_FINAL": "SELECT '202412' AS DAR,'10' AS idObjet,'ra24' AS RA,'C001' AS COL,'R002' AS `ROW`,'[M-11]' AS PERD,Sum(MT_REMB) AS VAL FROM vw_CUBE_DPLT_ICARE_BPCE_ENCR WHERE TRUE  AND CODE_NIV3_ICARE IN ('3_EPAR_BIL','3_EPAR_SAL','3_EQUIP') AND PERD_ARRT_INFO = 202401 AND CODE_ORGN_FINN IN ('231','232') GROUP BY '202412','10','ra24','C001' ,'R002' ,'[M-11]'",
    "PERIMETRE": "SOURCE",
    "DATE_TRT": "2024-07-09 11:28:54.935498"
}'
2024-07-09 11:28:54 DEBUG uploaded into database'{
    "idLigne": "393/202412",
    "idObjet": 10,
    "TBD": "BARO_MONDE",
    "PAGE": "4",
    "OBJET": "EUROPE",
    "DAT_REF": "202412",
    "PERD": "[M-11]",
    "RA_CODE": "ra24",
    "COLS_CODE": "C001",
    "ROWS_CODE": "R003",
    "SQL_CODE_SRC": "SELECT '[p_DAR_REF]' AS DAR,'[p_objet]' AS idObjet,'[p_RA]' AS RA,'[p_COL]' AS COL,'[p_ROW]' AS `ROW`,'[p_PERD]' AS PERD,Sum([p_INDI]) AS VAL FROM [p_CUBE] WHERE TRUE GROUP BY '[p_DAR_REF]','[p_objet]','[p_RA]','[p_COL]' ,'[p_ROW]' ,'[p_PERD]",
    "SQL_CODE_FINAL": "SELECT '202412' AS DAR,'10' AS idObjet,'ra24' AS RA,'C001' AS COL,'R003' AS `ROW`,'[M-11]' AS PERD,Sum(MT_REMB) AS VAL FROM vw_CUBE_DPLT_ICARE_BPCE_ENCR WHERE TRUE  AND CODE_NIV3_ICARE IN ('3_EPAR_BIL','3_EPAR_SAL','3_EQUIP') AND PERD_ARRT_INFO = 202401 AND CODE_ORGN_FINN IN ('211','212','221','222','231','232') GROUP BY '202412','10','ra24','C001' ,'R003' ,'[M-11]'",
    "PERIMETRE": "SOURCE",
    "DATE_TRT": "2024-07-09 11:28:54.939113"
}'
2024-07-09 11:28:54 DEBUG uploaded into database'{
    "idLigne": "410/202412",
    "idObjet": 11,
    "TBD": "BARO_MONDE",
    "PAGE": "4",
    "OBJET": "ASIE",
    "DAT_REF": "202412",
    "PERD": "[M-11]",
    "RA_CODE": "ra24",
    "COLS_CODE": "C000",
    "ROWS_CODE": "R000",
    "SQL_CODE_SRC": "SELECT '[p_DAR_REF]' AS DAR,'[p_objet]' AS idObjet,'[p_RA]' AS RA,'[p_COL]' AS COL,'[p_ROW]' AS `ROW`,'[p_PERD]' AS PERD,Sum([p_INDI]) AS VAL FROM [p_CUBE] WHERE TRUE GROUP BY '[p_DAR_REF]','[p_objet]','[p_RA]','[p_COL]' ,'[p_ROW]' ,'[p_PERD]",
    "SQL_CODE_FINAL": "SELECT '202412' AS DAR,'11' AS idObjet,'ra24' AS RA,'C000' AS COL,'R000' AS `ROW`,'[M-11]' AS PERD,Sum(MT_VERST) AS VAL FROM vw_CUBE_DPLT_ICARE_BPCE_ENCR WHERE TRUE  AND CODE_NIV3_ICARE IN ('3_EPAR_BIL','3_EPAR_SAL','3_EQUIP') AND PERD_ARRT_INFO = 202401 AND CODE_ORGN_FINN IN ('311','312') GROUP BY '202412','11','ra24','C000' ,'R000' ,'[M-11]'",
    "PERIMETRE": "SOURCE",
    "DATE_TRT": "2024-07-09 11:28:54.942422"
}'
2024-07-09 11:28:54 DEBUG uploaded into database'{
    "idLigne": "411/202412",
    "idObjet": 11,
    "TBD": "BARO_MONDE",
    "PAGE": "4",
    "OBJET": "ASIE",
    "DAT_REF": "202412",
    "PERD": "[M-11]",
    "RA_CODE": "ra24",
    "COLS_CODE": "C000",
    "ROWS_CODE": "R001",
    "SQL_CODE_SRC": "SELECT '[p_DAR_REF]' AS DAR,'[p_objet]' AS idObjet,'[p_RA]' AS RA,'[p_COL]' AS COL,'[p_ROW]' AS `ROW`,'[p_PERD]' AS PERD,Sum([p_INDI]) AS VAL FROM [p_CUBE] WHERE TRUE GROUP BY '[p_DAR_REF]','[p_objet]','[p_RA]','[p_COL]' ,'[p_ROW]' ,'[p_PERD]",
    "SQL_CODE_FINAL": "SELECT '202412' AS DAR,'11' AS idObjet,'ra24' AS RA,'C000' AS COL,'R001' AS `ROW`,'[M-11]' AS PERD,Sum(MT_VERST) AS VAL FROM vw_CUBE_DPLT_ICARE_BPCE_ENCR WHERE TRUE  AND CODE_NIV3_ICARE IN ('3_EPAR_BIL','3_EPAR_SAL','3_EQUIP') AND PERD_ARRT_INFO = 202401 AND CODE_ORGN_FINN IN ('321','322') GROUP BY '202412','11','ra24','C000' ,'R001' ,'[M-11]'",
    "PERIMETRE": "SOURCE",
    "DATE_TRT": "2024-07-09 11:28:54.942422"
}'
2024-07-09 11:28:54 DEBUG uploaded into database'{
    "idLigne": "412/202412",
    "idObjet": 11,
    "TBD": "BARO_MONDE",
    "PAGE": "4",
    "OBJET": "ASIE",
    "DAT_REF": "202412",
    "PERD": "[M-11]",
    "RA_CODE": "ra24",
    "COLS_CODE": "C000",
    "ROWS_CODE": "R002",
    "SQL_CODE_SRC": "SELECT '[p_DAR_REF]' AS DAR,'[p_objet]' AS idObjet,'[p_RA]' AS RA,'[p_COL]' AS COL,'[p_ROW]' AS `ROW`,'[p_PERD]' AS PERD,Sum([p_INDI]) AS VAL FROM [p_CUBE] WHERE TRUE GROUP BY '[p_DAR_REF]','[p_objet]','[p_RA]','[p_COL]' ,'[p_ROW]' ,'[p_PERD]",
    "SQL_CODE_FINAL": "SELECT '202412' AS DAR,'11' AS idObjet,'ra24' AS RA,'C000' AS COL,'R002' AS `ROW`,'[M-11]' AS PERD,Sum(MT_VERST) AS VAL FROM vw_CUBE_DPLT_ICARE_BPCE_ENCR WHERE TRUE  AND CODE_NIV3_ICARE IN ('3_EPAR_BIL','3_EPAR_SAL','3_EQUIP') AND PERD_ARRT_INFO = 202401 AND CODE_ORGN_FINN IN ('331','332') GROUP BY '202412','11','ra24','C000' ,'R002' ,'[M-11]'",
    "PERIMETRE": "SOURCE",
    "DATE_TRT": "2024-07-09 11:28:54.950451"
}'
2024-07-09 11:28:54 DEBUG uploaded into database'{
    "idLigne": "413/202412",
    "idObjet": 11,
    "TBD": "BARO_MONDE",
    "PAGE": "4",
    "OBJET": "ASIE",
    "DAT_REF": "202412",
    "PERD": "[M-11]",
    "RA_CODE": "ra25",
    "COLS_CODE": "C000",
    "ROWS_CODE": "R003",
    "SQL_CODE_SRC": "SELECT '[p_DAR_REF]' AS DAR,'[p_objet]' AS idObjet,'[p_RA]' AS RA,'[p_COL]' AS COL,'[p_ROW]' AS `ROW`,'[p_PERD]' AS PERD,Sum([p_INDI]) AS VAL FROM [p_CUBE] WHERE TRUE GROUP BY '[p_DAR_REF]','[p_objet]','[p_RA]','[p_COL]' ,'[p_ROW]' ,'[p_PERD]",
    "SQL_CODE_FINAL": "SELECT '202412' AS DAR,'11' AS idObjet,'ra25' AS RA,'C000' AS COL,'R003' AS `ROW`,'[M-11]' AS PERD,Sum(MT_VERST) AS VAL FROM vw_CUBE_DPLT_ICARE_BPCE_ENCR WHERE TRUE  AND CODE_NIV3_ICARE IN ('3_EPAR_BIL','3_EPAR_SAL','3_EQUIP') AND PERD_ARRT_INFO = 202401 AND CODE_ORGN_FINN IN ('311','312','321','322','331','332') GROUP BY '202412','11','ra25','C000' ,'R003' ,'[M-11]'",
    "PERIMETRE": "SOURCE",
    "DATE_TRT": "2024-07-09 11:28:54.958165"
}'
2024-07-09 11:28:54 DEBUG uploaded into database'{
    "idLigne": "414/202412",
    "idObjet": 11,
    "TBD": "BARO_MONDE",
    "PAGE": "4",
    "OBJET": "ASIE",
    "DAT_REF": "202412",
    "PERD": "[M-11]",
    "RA_CODE": "ra25",
    "COLS_CODE": "C001",
    "ROWS_CODE": "R000",
    "SQL_CODE_SRC": "SELECT '[p_DAR_REF]' AS DAR,'[p_objet]' AS idObjet,'[p_RA]' AS RA,'[p_COL]' AS COL,'[p_ROW]' AS `ROW`,'[p_PERD]' AS PERD,Sum([p_INDI]) AS VAL FROM [p_CUBE] WHERE TRUE GROUP BY '[p_DAR_REF]','[p_objet]','[p_RA]','[p_COL]' ,'[p_ROW]' ,'[p_PERD]",
    "SQL_CODE_FINAL": "SELECT '202412' AS DAR,'11' AS idObjet,'ra25' AS RA,'C001' AS COL,'R000' AS `ROW`,'[M-11]' AS PERD,Sum(MT_REMB) AS VAL FROM vw_CUBE_DPLT_ICARE_BPCE_ENCR WHERE TRUE  AND CODE_NIV3_ICARE IN ('3_EPAR_BIL','3_EPAR_SAL','3_EQUIP') AND PERD_ARRT_INFO = 202401 AND CODE_ORGN_FINN IN ('311','312') GROUP BY '202412','11','ra25','C001' ,'R000' ,'[M-11]'",
    "PERIMETRE": "SOURCE",
    "DATE_TRT": "2024-07-09 11:28:54.960168"
}'
2024-07-09 11:28:54 DEBUG uploaded into database'{
    "idLigne": "415/202412",
    "idObjet": 11,
    "TBD": "BARO_MONDE",
    "PAGE": "4",
    "OBJET": "ASIE",
    "DAT_REF": "202412",
    "PERD": "[M-11]",
    "RA_CODE": "ra25",
    "COLS_CODE": "C001",
    "ROWS_CODE": "R001",
    "SQL_CODE_SRC": "SELECT '[p_DAR_REF]' AS DAR,'[p_objet]' AS idObjet,'[p_RA]' AS RA,'[p_COL]' AS COL,'[p_ROW]' AS `ROW`,'[p_PERD]' AS PERD,Sum([p_INDI]) AS VAL FROM [p_CUBE] WHERE TRUE GROUP BY '[p_DAR_REF]','[p_objet]','[p_RA]','[p_COL]' ,'[p_ROW]' ,'[p_PERD]",
    "SQL_CODE_FINAL": "SELECT '202412' AS DAR,'11' AS idObjet,'ra25' AS RA,'C001' AS COL,'R001' AS `ROW`,'[M-11]' AS PERD,Sum(MT_REMB) AS VAL FROM vw_CUBE_DPLT_ICARE_BPCE_ENCR WHERE TRUE  AND CODE_NIV3_ICARE IN ('3_EPAR_BIL','3_EPAR_SAL','3_EQUIP') AND PERD_ARRT_INFO = 202401 AND CODE_ORGN_FINN IN ('321','322') GROUP BY '202412','11','ra25','C001' ,'R001' ,'[M-11]'",
    "PERIMETRE": "SOURCE",
    "DATE_TRT": "2024-07-09 11:28:54.960168"
}'
2024-07-09 11:28:54 DEBUG uploaded into database'{
    "idLigne": "416/202412",
    "idObjet": 11,
    "TBD": "BARO_MONDE",
    "PAGE": "4",
    "OBJET": "ASIE",
    "DAT_REF": "202412",
    "PERD": "[M-11]",
    "RA_CODE": "ra20",
    "COLS_CODE": "C001",
    "ROWS_CODE": "R002",
    "SQL_CODE_SRC": "SELECT '[p_DAR_REF]' AS DAR,'[p_objet]' AS idObjet,'[p_RA]' AS RA,'[p_COL]' AS COL,'[p_ROW]' AS `ROW`,'[p_PERD]' AS PERD,Sum([p_INDI]) AS VAL FROM [p_CUBE] WHERE TRUE GROUP BY '[p_DAR_REF]','[p_objet]','[p_RA]','[p_COL]' ,'[p_ROW]' ,'[p_PERD]",
    "SQL_CODE_FINAL": "SELECT '202412' AS DAR,'11' AS idObjet,'ra20' AS RA,'C001' AS COL,'R002' AS `ROW`,'[M-11]' AS PERD,Sum(MT_REMB) AS VAL FROM vw_CUBE_DPLT_ICARE_BPCE_ENCR WHERE TRUE  AND CODE_NIV3_ICARE IN ('3_EPAR_BIL','3_EPAR_SAL','3_EQUIP') AND PERD_ARRT_INFO = 202401 AND CODE_ORGN_FINN IN ('331','332') GROUP BY '202412','11','ra20','C001' ,'R002' ,'[M-11]'",
    "PERIMETRE": "SOURCE",
    "DATE_TRT": "2024-07-09 11:28:54.970475"
}'
2024-07-09 11:28:54 DEBUG uploaded into database'{
    "idLigne": "417/202412",
    "idObjet": 11,
    "TBD": "BARO_MONDE",
    "PAGE": "4",
    "OBJET": "ASIE",
    "DAT_REF": "202412",
    "PERD": "[M-11]",
    "RA_CODE": "ra20",
    "COLS_CODE": "C001",
    "ROWS_CODE": "R003",
    "SQL_CODE_SRC": "SELECT '[p_DAR_REF]' AS DAR,'[p_objet]' AS idObjet,'[p_RA]' AS RA,'[p_COL]' AS COL,'[p_ROW]' AS `ROW`,'[p_PERD]' AS PERD,Sum([p_INDI]) AS VAL FROM [p_CUBE] WHERE TRUE GROUP BY '[p_DAR_REF]','[p_objet]','[p_RA]','[p_COL]' ,'[p_ROW]' ,'[p_PERD]",
    "SQL_CODE_FINAL": "SELECT '202412' AS DAR,'11' AS idObjet,'ra20' AS RA,'C001' AS COL,'R003' AS `ROW`,'[M-11]' AS PERD,Sum(MT_REMB) AS VAL FROM vw_CUBE_DPLT_ICARE_BPCE_ENCR WHERE TRUE  AND CODE_NIV3_ICARE IN ('3_EPAR_BIL','3_EPAR_SAL','3_EQUIP') AND PERD_ARRT_INFO = 202401 AND CODE_ORGN_FINN IN ('311','312','321','322','331','332') GROUP BY '202412','11','ra20','C001' ,'R003' ,'[M-11]'",
    "PERIMETRE": "SOURCE",
    "DATE_TRT": "2024-07-09 11:28:54.973991"
}'
2024-07-09 11:28:54 DEBUG uploaded into database'{
    "idLigne": "434/202412",
    "idObjet": 12,
    "TBD": "BARO_MONDE",
    "PAGE": "5",
    "OBJET": "GLOBAL",
    "DAT_REF": "202412",
    "PERD": "[M-11]",
    "RA_CODE": "ra20",
    "COLS_CODE": "C000",
    "ROWS_CODE": "R000",
    "SQL_CODE_SRC": "SELECT '[p_DAR_REF]' AS DAR,'[p_objet]' AS idObjet,'[p_RA]' AS RA,'[p_COL]' AS COL,'[p_ROW]' AS `ROW`,'[p_PERD]' AS PERD,Sum([p_INDI]) AS VAL FROM [p_CUBE] WHERE TRUE GROUP BY '[p_DAR_REF]','[p_objet]','[p_RA]','[p_COL]' ,'[p_ROW]' ,'[p_PERD]",
    "SQL_CODE_FINAL": "SELECT '202412' AS DAR,'12' AS idObjet,'ra20' AS RA,'C000' AS COL,'R000' AS `ROW`,'[M-11]' AS PERD,Sum(MT_VERST) AS VAL FROM vw_CUBE_DPLT_ICARE_BPCE_ENCR WHERE TRUE  AND CODE_NIV3_ICARE IN ('3_EPAR_BIL','3_EPAR_SAL','3_EQUIP') AND PERD_ARRT_INFO = 202401 AND CODE_ORGN_FINN IN ('111','112','121','122','131','132') GROUP BY '202412','12','ra20','C000' ,'R000' ,'[M-11]'",
    "PERIMETRE": "SOURCE",
    "DATE_TRT": "2024-07-09 11:28:54.980495"
}'
2024-07-09 11:28:54 DEBUG uploaded into database'{
    "idLigne": "435/202412",
    "idObjet": 12,
    "TBD": "BARO_MONDE",
    "PAGE": "5",
    "OBJET": "GLOBAL",
    "DAT_REF": "202412",
    "PERD": "[M-11]",
    "RA_CODE": "ra20",
    "COLS_CODE": "C000",
    "ROWS_CODE": "R001",
    "SQL_CODE_SRC": "SELECT '[p_DAR_REF]' AS DAR,'[p_objet]' AS idObjet,'[p_RA]' AS RA,'[p_COL]' AS COL,'[p_ROW]' AS `ROW`,'[p_PERD]' AS PERD,Sum([p_INDI]) AS VAL FROM [p_CUBE] WHERE TRUE GROUP BY '[p_DAR_REF]','[p_objet]','[p_RA]','[p_COL]' ,'[p_ROW]' ,'[p_PERD]",
    "SQL_CODE_FINAL": "SELECT '202412' AS DAR,'12' AS idObjet,'ra20' AS RA,'C000' AS COL,'R001' AS `ROW`,'[M-11]' AS PERD,Sum(MT_VERST) AS VAL FROM vw_CUBE_DPLT_ICARE_BPCE_ENCR WHERE TRUE  AND CODE_NIV3_ICARE IN ('3_EPAR_BIL','3_EPAR_SAL','3_EQUIP') AND PERD_ARRT_INFO = 202401 AND CODE_ORGN_FINN IN ('211','212','221','222','231','232') GROUP BY '202412','12','ra20','C000' ,'R001' ,'[M-11]'",
    "PERIMETRE": "SOURCE",
    "DATE_TRT": "2024-07-09 11:28:54.980495"
}'
2024-07-09 11:28:54 DEBUG uploaded into database'{
    "idLigne": "436/202412",
    "idObjet": 12,
    "TBD": "BARO_MONDE",
    "PAGE": "5",
    "OBJET": "GLOBAL",
    "DAT_REF": "202412",
    "PERD": "[M-11]",
    "RA_CODE": "ra20",
    "COLS_CODE": "C000",
    "ROWS_CODE": "R002",
    "SQL_CODE_SRC": "SELECT '[p_DAR_REF]' AS DAR,'[p_objet]' AS idObjet,'[p_RA]' AS RA,'[p_COL]' AS COL,'[p_ROW]' AS `ROW`,'[p_PERD]' AS PERD,Sum([p_INDI]) AS VAL FROM [p_CUBE] WHERE TRUE GROUP BY '[p_DAR_REF]','[p_objet]','[p_RA]','[p_COL]' ,'[p_ROW]' ,'[p_PERD]",
    "SQL_CODE_FINAL": "SELECT '202412' AS DAR,'12' AS idObjet,'ra20' AS RA,'C000' AS COL,'R002' AS `ROW`,'[M-11]' AS PERD,Sum(MT_VERST) AS VAL FROM vw_CUBE_DPLT_ICARE_BPCE_ENCR WHERE TRUE  AND CODE_NIV3_ICARE IN ('3_EPAR_BIL','3_EPAR_SAL','3_EQUIP') AND PERD_ARRT_INFO = 202401 AND CODE_ORGN_FINN IN ('311','312','321','322','331','332') GROUP BY '202412','12','ra20','C000' ,'R002' ,'[M-11]'",
    "PERIMETRE": "SOURCE",
    "DATE_TRT": "2024-07-09 11:28:54.990503"
}'
2024-07-09 11:28:55 DEBUG uploaded into database'{
    "idLigne": "437/202412",
    "idObjet": 12,
    "TBD": "BARO_MONDE",
    "PAGE": "5",
    "OBJET": "GLOBAL",
    "DAT_REF": "202412",
    "PERD": "[M-11]",
    "RA_CODE": "ra21",
    "COLS_CODE": "C000",
    "ROWS_CODE": "R003",
    "SQL_CODE_SRC": "SELECT '[p_DAR_REF]' AS DAR,'[p_objet]' AS idObjet,'[p_RA]' AS RA,'[p_COL]' AS COL,'[p_ROW]' AS `ROW`,'[p_PERD]' AS PERD,Sum([p_INDI]) AS VAL FROM [p_CUBE] WHERE TRUE GROUP BY '[p_DAR_REF]','[p_objet]','[p_RA]','[p_COL]' ,'[p_ROW]' ,'[p_PERD]",
    "SQL_CODE_FINAL": "SELECT '202412' AS DAR,'12' AS idObjet,'ra21' AS RA,'C000' AS COL,'R003' AS `ROW`,'[M-11]' AS PERD,Sum(MT_VERST) AS VAL FROM vw_CUBE_DPLT_ICARE_BPCE_ENCR WHERE TRUE  AND CODE_NIV3_ICARE IN ('3_EPAR_BIL','3_EPAR_SAL','3_EQUIP') AND PERD_ARRT_INFO = 202401 AND CODE_ORGN_FINN IN ('111','112','121','122','131','132','211','212','221','222','231','232','311','312','321','322','331','332') GROUP BY '202412','12','ra21','C000' ,'R003' ,'[M-11]'",
    "PERIMETRE": "SOURCE",
    "DATE_TRT": "2024-07-09 11:28:54.990503"
}'
2024-07-09 11:28:55 DEBUG uploaded into database'{
    "idLigne": "438/202412",
    "idObjet": 12,
    "TBD": "BARO_MONDE",
    "PAGE": "5",
    "OBJET": "GLOBAL",
    "DAT_REF": "202412",
    "PERD": "[M-11]",
    "RA_CODE": "ra21",
    "COLS_CODE": "C001",
    "ROWS_CODE": "R000",
    "SQL_CODE_SRC": "SELECT '[p_DAR_REF]' AS DAR,'[p_objet]' AS idObjet,'[p_RA]' AS RA,'[p_COL]' AS COL,'[p_ROW]' AS `ROW`,'[p_PERD]' AS PERD,Sum([p_INDI]) AS VAL FROM [p_CUBE] WHERE TRUE GROUP BY '[p_DAR_REF]','[p_objet]','[p_RA]','[p_COL]' ,'[p_ROW]' ,'[p_PERD]",
    "SQL_CODE_FINAL": "SELECT '202412' AS DAR,'12' AS idObjet,'ra21' AS RA,'C001' AS COL,'R000' AS `ROW`,'[M-11]' AS PERD,Sum(MT_REMB) AS VAL FROM vw_CUBE_DPLT_ICARE_BPCE_ENCR WHERE TRUE  AND CODE_NIV3_ICARE IN ('3_EPAR_BIL','3_EPAR_SAL','3_EQUIP') AND PERD_ARRT_INFO = 202401 AND CODE_ORGN_FINN IN ('111','112','121','122','131','132') GROUP BY '202412','12','ra21','C001' ,'R000' ,'[M-11]'",
    "PERIMETRE": "SOURCE",
    "DATE_TRT": "2024-07-09 11:28:55.000288"
}'
2024-07-09 11:28:55 DEBUG uploaded into database'{
    "idLigne": "439/202412",
    "idObjet": 12,
    "TBD": "BARO_MONDE",
    "PAGE": "5",
    "OBJET": "GLOBAL",
    "DAT_REF": "202412",
    "PERD": "[M-11]",
    "RA_CODE": "ra21",
    "COLS_CODE": "C001",
    "ROWS_CODE": "R001",
    "SQL_CODE_SRC": "SELECT '[p_DAR_REF]' AS DAR,'[p_objet]' AS idObjet,'[p_RA]' AS RA,'[p_COL]' AS COL,'[p_ROW]' AS `ROW`,'[p_PERD]' AS PERD,Sum([p_INDI]) AS VAL FROM [p_CUBE] WHERE TRUE GROUP BY '[p_DAR_REF]','[p_objet]','[p_RA]','[p_COL]' ,'[p_ROW]' ,'[p_PERD]",
    "SQL_CODE_FINAL": "SELECT '202412' AS DAR,'12' AS idObjet,'ra21' AS RA,'C001' AS COL,'R001' AS `ROW`,'[M-11]' AS PERD,Sum(MT_REMB) AS VAL FROM vw_CUBE_DPLT_ICARE_BPCE_ENCR WHERE TRUE  AND CODE_NIV3_ICARE IN ('3_EPAR_BIL','3_EPAR_SAL','3_EQUIP') AND PERD_ARRT_INFO = 202401 AND CODE_ORGN_FINN IN ('211','212','221','222','231','232') GROUP BY '202412','12','ra21','C001' ,'R001' ,'[M-11]'",
    "PERIMETRE": "SOURCE",
    "DATE_TRT": "2024-07-09 11:28:55.006619"
}'
2024-07-09 11:28:55 DEBUG uploaded into database'{
    "idLigne": "440/202412",
    "idObjet": 12,
    "TBD": "BARO_MONDE",
    "PAGE": "5",
    "OBJET": "GLOBAL",
    "DAT_REF": "202412",
    "PERD": "[M-11]",
    "RA_CODE": "ra22",
    "COLS_CODE": "C001",
    "ROWS_CODE": "R002",
    "SQL_CODE_SRC": "SELECT '[p_DAR_REF]' AS DAR,'[p_objet]' AS idObjet,'[p_RA]' AS RA,'[p_COL]' AS COL,'[p_ROW]' AS `ROW`,'[p_PERD]' AS PERD,Sum([p_INDI]) AS VAL FROM [p_CUBE] WHERE TRUE GROUP BY '[p_DAR_REF]','[p_objet]','[p_RA]','[p_COL]' ,'[p_ROW]' ,'[p_PERD]",
    "SQL_CODE_FINAL": "SELECT '202412' AS DAR,'12' AS idObjet,'ra22' AS RA,'C001' AS COL,'R002' AS `ROW`,'[M-11]' AS PERD,Sum(MT_REMB) AS VAL FROM vw_CUBE_DPLT_ICARE_BPCE_ENCR WHERE TRUE  AND CODE_NIV3_ICARE IN ('3_EPAR_BIL','3_EPAR_SAL','3_EQUIP') AND PERD_ARRT_INFO = 202401 AND CODE_ORGN_FINN IN ('311','312','321','322','331','332') GROUP BY '202412','12','ra22','C001' ,'R002' ,'[M-11]'",
    "PERIMETRE": "SOURCE",
    "DATE_TRT": "2024-07-09 11:28:55.010127"
}'
2024-07-09 11:28:55 DEBUG uploaded into database'{
    "idLigne": "441/202412",
    "idObjet": 12,
    "TBD": "BARO_MONDE",
    "PAGE": "5",
    "OBJET": "GLOBAL",
    "DAT_REF": "202412",
    "PERD": "[M-11]",
    "RA_CODE": "ra22",
    "COLS_CODE": "C001",
    "ROWS_CODE": "R003",
    "SQL_CODE_SRC": "SELECT '[p_DAR_REF]' AS DAR,'[p_objet]' AS idObjet,'[p_RA]' AS RA,'[p_COL]' AS COL,'[p_ROW]' AS `ROW`,'[p_PERD]' AS PERD,Sum([p_INDI]) AS VAL FROM [p_CUBE] WHERE TRUE GROUP BY '[p_DAR_REF]','[p_objet]','[p_RA]','[p_COL]' ,'[p_ROW]' ,'[p_PERD]",
    "SQL_CODE_FINAL": "SELECT '202412' AS DAR,'12' AS idObjet,'ra22' AS RA,'C001' AS COL,'R003' AS `ROW`,'[M-11]' AS PERD,Sum(MT_REMB) AS VAL FROM vw_CUBE_DPLT_ICARE_BPCE_ENCR WHERE TRUE  AND CODE_NIV3_ICARE IN ('3_EPAR_BIL','3_EPAR_SAL','3_EQUIP') AND PERD_ARRT_INFO = 202401 AND CODE_ORGN_FINN IN ('111','112','121','122','131','132','211','212','221','222','231','232','311','312','321','322','331','332') GROUP BY '202412','12','ra22','C001' ,'R003' ,'[M-11]'",
    "PERIMETRE": "SOURCE",
    "DATE_TRT": "2024-07-09 11:28:55.016263"
}'
