2024-07-09 11:28:55 DEBUG Building SSL context
2024-07-09 11:28:55 DEBUG Switching to SSL
2024-07-09 11:28:55 DEBUG SSL has been enabled
2024-07-09 11:28:55 DEBUG Starting authorization phase
2024-07-09 11:28:55 DEBUG The provided initial strategy is caching_sha2_password
2024-07-09 11:28:55 INFO package: mysql.connector.plugins
2024-07-09 11:28:55 INFO plugin_name: caching_sha2_password
2024-07-09 11:28:55 INFO AUTHENTICATION_PLUGIN_CLASS: MySQLCachingSHA2PasswordAuthPlugin
2024-07-09 11:28:55 DEBUG Exchanging further packets
2024-07-09 11:28:55 DEBUG caching_sha2_password completed succesfully
2024-07-09 11:28:55 DEBUG uploaded into database line '206/202412' with value '225.0' '{
    "idLigne": "206/202412",
    "idObjet": 0,
    "TBD": "BARO_AFRIQUE",
    "PAGE": "1",
    "OBJET": "MAROC",
    "DAT_REF": "202412",
    "PERD": "[M-11]",
    "RA_CODE": 22,
    "COLS_CODE": "C002",
    "ROWS_CODE": "R000",
    "SQL_CODE_SRC": " ",
    "SQL_CODE_FINAL": " ",
    "PERIMETRE": "CALCUL",
    "DATE_TRT": "2024-07-09 11:28:55.670954",
    "VALEUR": "225.0",
    "FORMULE": "MAX",
    "MSG": "GOOD",
    "NIV": 1
}'
2024-07-09 11:28:55 DEBUG uploaded into database line '207/202412' with value '225.0' '{
    "idLigne": "207/202412",
    "idObjet": 0,
    "TBD": "BARO_AFRIQUE",
    "PAGE": "1",
    "OBJET": "MAROC",
    "DAT_REF": "202412",
    "PERD": "[M-11]",
    "RA_CODE": 22,
    "COLS_CODE": "C002",
    "ROWS_CODE": "R001",
    "SQL_CODE_SRC": " ",
    "SQL_CODE_FINAL": " ",
    "PERIMETRE": "CALCUL",
    "DATE_TRT": "2024-07-09 11:28:55.676006",
    "VALEUR": "225.0",
    "FORMULE": "MAX",
    "MSG": "GOOD",
    "NIV": 1
}'
2024-07-09 11:28:55 DEBUG uploaded into database line '208/202412' with value '225.0' '{
    "idLigne": "208/202412",
    "idObjet": 0,
    "TBD": "BARO_AFRIQUE",
    "PAGE": "1",
    "OBJET": "MAROC",
    "DAT_REF": "202412",
    "PERD": "[M-11]",
    "RA_CODE": 22,
    "COLS_CODE": "C002",
    "ROWS_CODE": "R002",
    "SQL_CODE_SRC": " ",
    "SQL_CODE_FINAL": " ",
    "PERIMETRE": "CALCUL",
    "DATE_TRT": "2024-07-09 11:28:55.680751",
    "VALEUR": "225.0",
    "FORMULE": "MAX",
    "MSG": "GOOD",
    "NIV": 1
}'
2024-07-09 11:28:55 DEBUG uploaded into database line '209/202412' with value '150.0' '{
    "idLigne": "209/202412",
    "idObjet": 0,
    "TBD": "BARO_AFRIQUE",
    "PAGE": "1",
    "OBJET": "MAROC",
    "DAT_REF": "202412",
    "PERD": "[M-11]",
    "RA_CODE": 23,
    "COLS_CODE": "C003",
    "ROWS_CODE": "R000",
    "SQL_CODE_SRC": " ",
    "SQL_CODE_FINAL": " ",
    "PERIMETRE": "CALCUL",
    "DATE_TRT": "2024-07-09 11:28:55.685387",
    "VALEUR": "150.0",
    "FORMULE": "MIN",
    "MSG": "GOOD",
    "NIV": 1
}'
2024-07-09 11:28:55 DEBUG uploaded into database line '210/202412' with value '150.0' '{
    "idLigne": "210/202412",
    "idObjet": 0,
    "TBD": "BARO_AFRIQUE",
    "PAGE": "1",
    "OBJET": "MAROC",
    "DAT_REF": "202412",
    "PERD": "[M-11]",
    "RA_CODE": 23,
    "COLS_CODE": "C003",
    "ROWS_CODE": "R001",
    "SQL_CODE_SRC": " ",
    "SQL_CODE_FINAL": " ",
    "PERIMETRE": "CALCUL",
    "DATE_TRT": "2024-07-09 11:28:55.692174",
    "VALEUR": "150.0",
    "FORMULE": "MIN",
    "MSG": "GOOD",
    "NIV": 1
}'
2024-07-09 11:28:55 DEBUG uploaded into database line '211/202412' with value '150.0' '{
    "idLigne": "211/202412",
    "idObjet": 0,
    "TBD": "BARO_AFRIQUE",
    "PAGE": "1",
    "OBJET": "MAROC",
    "DAT_REF": "202412",
    "PERD": "[M-11]",
    "RA_CODE": 23,
    "COLS_CODE": "C003",
    "ROWS_CODE": "R002",
    "SQL_CODE_SRC": " ",
    "SQL_CODE_FINAL": " ",
    "PERIMETRE": "CALCUL",
    "DATE_TRT": "2024-07-09 11:28:55.694856",
    "VALEUR": "150.0",
    "FORMULE": "MIN",
    "MSG": "GOOD",
    "NIV": 1
}'
2024-07-09 11:28:55 DEBUG uploaded into database line '212/202412' with value '150.0' '{
    "idLigne": "212/202412",
    "idObjet": 0,
    "TBD": "BARO_AFRIQUE",
    "PAGE": "1",
    "OBJET": "MAROC",
    "DAT_REF": "202412",
    "PERD": "[M-11]",
    "RA_CODE": 24,
    "COLS_CODE": "C004",
    "ROWS_CODE": "R000",
    "SQL_CODE_SRC": " ",
    "SQL_CODE_FINAL": " ",
    "PERIMETRE": "CALCUL",
    "DATE_TRT": "2024-07-09 11:28:55.701166",
    "VALEUR": "150.0",
    "FORMULE": "RANG",
    "MSG": "GOOD",
    "NIV": 1
}'
2024-07-09 11:28:55 DEBUG uploaded into database line '213/202412' with value '150.0' '{
    "idLigne": "213/202412",
    "idObjet": 0,
    "TBD": "BARO_AFRIQUE",
    "PAGE": "1",
    "OBJET": "MAROC",
    "DAT_REF": "202412",
    "PERD": "[M-11]",
    "RA_CODE": 24,
    "COLS_CODE": "C004",
    "ROWS_CODE": "R001",
    "SQL_CODE_SRC": " ",
    "SQL_CODE_FINAL": " ",
    "PERIMETRE": "CALCUL",
    "DATE_TRT": "2024-07-09 11:28:55.708401",
    "VALEUR": "150.0",
    "FORMULE": "RANG",
    "MSG": "GOOD",
    "NIV": 1
}'
2024-07-09 11:28:55 DEBUG uploaded into database line '215/202412' with value '0.4' '{
    "idLigne": "215/202412",
    "idObjet": 0,
    "TBD": "BARO_AFRIQUE",
    "PAGE": "1",
    "OBJET": "MAROC",
    "DAT_REF": "202412",
    "PERD": "[M-11]",
    "RA_CODE": 25,
    "COLS_CODE": "C005",
    "ROWS_CODE": "R000",
    "SQL_CODE_SRC": " ",
    "SQL_CODE_FINAL": " ",
    "PERIMETRE": "CALCUL",
    "DATE_TRT": "2024-07-09 11:28:55.715301",
    "VALEUR": 0.4,
    "FORMULE": "POIDS",
    "MSG": "GOOD",
    "NIV": 1
}'
2024-07-09 11:28:55 DEBUG uploaded into database line '216/202412' with value '0.6' '{
    "idLigne": "216/202412",
    "idObjet": 0,
    "TBD": "BARO_AFRIQUE",
    "PAGE": "1",
    "OBJET": "MAROC",
    "DAT_REF": "202412",
    "PERD": "[M-11]",
    "RA_CODE": 25,
    "COLS_CODE": "C005",
    "ROWS_CODE": "R001",
    "SQL_CODE_SRC": " ",
    "SQL_CODE_FINAL": " ",
    "PERIMETRE": "CALCUL",
    "DATE_TRT": "2024-07-09 11:28:55.720455",
    "VALEUR": 0.6,
    "FORMULE": "POIDS",
    "MSG": "GOOD",
    "NIV": 1
}'
2024-07-09 11:28:55 ERROR Can not calculate value for line with id '224/202412'name 'B' is not defined
2024-07-09 11:28:55 ERROR Can not calculate value for line with id '225/202412'name 'B' is not defined
2024-07-09 11:28:55 ERROR Can not calculate value for line with id '226/202412'name 'B' is not defined
2024-07-09 11:28:55 DEBUG uploaded into database line '227/202412' with value '300.0' '{
    "idLigne": "227/202412",
    "idObjet": 1,
    "TBD": "BARO_AFRIQUE",
    "PAGE": "1",
    "OBJET": "EGYPTE",
    "DAT_REF": "202412",
    "PERD": "[M-11]",
    "RA_CODE": 23,
    "COLS_CODE": "C003",
    "ROWS_CODE": "R000",
    "SQL_CODE_SRC": " ",
    "SQL_CODE_FINAL": " ",
    "PERIMETRE": "CALCUL",
    "DATE_TRT": "2024-07-09 11:28:55.733162",
    "VALEUR": "300.0",
    "FORMULE": "MIN",
    "MSG": "GOOD",
    "NIV": 1
}'
2024-07-09 11:28:55 DEBUG uploaded into database line '228/202412' with value '300.0' '{
    "idLigne": "228/202412",
    "idObjet": 1,
    "TBD": "BARO_AFRIQUE",
    "PAGE": "1",
    "OBJET": "EGYPTE",
    "DAT_REF": "202412",
    "PERD": "[M-11]",
    "RA_CODE": 23,
    "COLS_CODE": "C003",
    "ROWS_CODE": "R001",
    "SQL_CODE_SRC": " ",
    "SQL_CODE_FINAL": " ",
    "PERIMETRE": "CALCUL",
    "DATE_TRT": "2024-07-09 11:28:55.735045",
    "VALEUR": "300.0",
    "FORMULE": "MIN",
    "MSG": "GOOD",
    "NIV": 1
}'
2024-07-09 11:28:55 DEBUG uploaded into database line '229/202412' with value '300.0' '{
    "idLigne": "229/202412",
    "idObjet": 1,
    "TBD": "BARO_AFRIQUE",
    "PAGE": "1",
    "OBJET": "EGYPTE",
    "DAT_REF": "202412",
    "PERD": "[M-11]",
    "RA_CODE": 23,
    "COLS_CODE": "C003",
    "ROWS_CODE": "R002",
    "SQL_CODE_SRC": " ",
    "SQL_CODE_FINAL": " ",
    "PERIMETRE": "CALCUL",
    "DATE_TRT": "2024-07-09 11:28:55.742220",
    "VALEUR": "300.0",
    "FORMULE": "MIN",
    "MSG": "GOOD",
    "NIV": 1
}'
2024-07-09 11:28:55 DEBUG uploaded into database line '230/202412' with value '300.0' '{
    "idLigne": "230/202412",
    "idObjet": 1,
    "TBD": "BARO_AFRIQUE",
    "PAGE": "1",
    "OBJET": "EGYPTE",
    "DAT_REF": "202412",
    "PERD": "[M-11]",
    "RA_CODE": 24,
    "COLS_CODE": "C004",
    "ROWS_CODE": "R000",
    "SQL_CODE_SRC": " ",
    "SQL_CODE_FINAL": " ",
    "PERIMETRE": "CALCUL",
    "DATE_TRT": "2024-07-09 11:28:55.746473",
    "VALEUR": "300.0",
    "FORMULE": "RANG",
    "MSG": "GOOD",
    "NIV": 1
}'
2024-07-09 11:28:55 DEBUG uploaded into database line '231/202412' with value '300.0' '{
    "idLigne": "231/202412",
    "idObjet": 1,
    "TBD": "BARO_AFRIQUE",
    "PAGE": "1",
    "OBJET": "EGYPTE",
    "DAT_REF": "202412",
    "PERD": "[M-11]",
    "RA_CODE": 24,
    "COLS_CODE": "C004",
    "ROWS_CODE": "R001",
    "SQL_CODE_SRC": " ",
    "SQL_CODE_FINAL": " ",
    "PERIMETRE": "CALCUL",
    "DATE_TRT": "2024-07-09 11:28:55.750177",
    "VALEUR": "300.0",
    "FORMULE": "RANG",
    "MSG": "GOOD",
    "NIV": 1
}'
2024-07-09 11:28:55 DEBUG uploaded into database line '233/202412' with value '0.4' '{
    "idLigne": "233/202412",
    "idObjet": 1,
    "TBD": "BARO_AFRIQUE",
    "PAGE": "1",
    "OBJET": "EGYPTE",
    "DAT_REF": "202412",
    "PERD": "[M-11]",
    "RA_CODE": 25,
    "COLS_CODE": "C005",
    "ROWS_CODE": "R000",
    "SQL_CODE_SRC": " ",
    "SQL_CODE_FINAL": " ",
    "PERIMETRE": "CALCUL",
    "DATE_TRT": "2024-07-09 11:28:55.757833",
    "VALEUR": 0.4,
    "FORMULE": "POIDS",
    "MSG": "GOOD",
    "NIV": 1
}'
2024-07-09 11:28:55 DEBUG uploaded into database line '234/202412' with value '0.6' '{
    "idLigne": "234/202412",
    "idObjet": 1,
    "TBD": "BARO_AFRIQUE",
    "PAGE": "1",
    "OBJET": "EGYPTE",
    "DAT_REF": "202412",
    "PERD": "[M-11]",
    "RA_CODE": 25,
    "COLS_CODE": "C005",
    "ROWS_CODE": "R001",
    "SQL_CODE_SRC": " ",
    "SQL_CODE_FINAL": " ",
    "PERIMETRE": "CALCUL",
    "DATE_TRT": "2024-07-09 11:28:55.762261",
    "VALEUR": 0.6,
    "FORMULE": "POIDS",
    "MSG": "GOOD",
    "NIV": 1
}'
2024-07-09 11:28:55 DEBUG uploaded into database line '242/202412' with value '900.0' '{
    "idLigne": "242/202412",
    "idObjet": 2,
    "TBD": "BARO_AFRIQUE",
    "PAGE": "1",
    "OBJET": "ALGERIE",
    "DAT_REF": "202412",
    "PERD": "[M-11]",
    "RA_CODE": 22,
    "COLS_CODE": "C002",
    "ROWS_CODE": "R000",
    "SQL_CODE_SRC": " ",
    "SQL_CODE_FINAL": " ",
    "PERIMETRE": "CALCUL",
    "DATE_TRT": "2024-07-09 11:28:55.768523",
    "VALEUR": "900.0",
    "FORMULE": "MAX",
    "MSG": "GOOD",
    "NIV": 1
}'
2024-07-09 11:28:55 DEBUG uploaded into database line '243/202412' with value '900.0' '{
    "idLigne": "243/202412",
    "idObjet": 2,
    "TBD": "BARO_AFRIQUE",
    "PAGE": "1",
    "OBJET": "ALGERIE",
    "DAT_REF": "202412",
    "PERD": "[M-11]",
    "RA_CODE": 22,
    "COLS_CODE": "C002",
    "ROWS_CODE": "R001",
    "SQL_CODE_SRC": " ",
    "SQL_CODE_FINAL": " ",
    "PERIMETRE": "CALCUL",
    "DATE_TRT": "2024-07-09 11:28:55.772576",
    "VALEUR": "900.0",
    "FORMULE": "MAX",
    "MSG": "GOOD",
    "NIV": 1
}'
2024-07-09 11:28:55 DEBUG uploaded into database line '244/202412' with value '900.0' '{
    "idLigne": "244/202412",
    "idObjet": 2,
    "TBD": "BARO_AFRIQUE",
    "PAGE": "1",
    "OBJET": "ALGERIE",
    "DAT_REF": "202412",
    "PERD": "[M-11]",
    "RA_CODE": 22,
    "COLS_CODE": "C002",
    "ROWS_CODE": "R002",
    "SQL_CODE_SRC": " ",
    "SQL_CODE_FINAL": " ",
    "PERIMETRE": "CALCUL",
    "DATE_TRT": "2024-07-09 11:28:55.777408",
    "VALEUR": "900.0",
    "FORMULE": "MAX",
    "MSG": "GOOD",
    "NIV": 1
}'
2024-07-09 11:28:55 DEBUG uploaded into database line '245/202412' with value '600.0' '{
    "idLigne": "245/202412",
    "idObjet": 2,
    "TBD": "BARO_AFRIQUE",
    "PAGE": "1",
    "OBJET": "ALGERIE",
    "DAT_REF": "202412",
    "PERD": "[M-11]",
    "RA_CODE": 23,
    "COLS_CODE": "C003",
    "ROWS_CODE": "R000",
    "SQL_CODE_SRC": " ",
    "SQL_CODE_FINAL": " ",
    "PERIMETRE": "CALCUL",
    "DATE_TRT": "2024-07-09 11:28:55.782523",
    "VALEUR": "600.0",
    "FORMULE": "MIN",
    "MSG": "GOOD",
    "NIV": 1
}'
2024-07-09 11:28:55 DEBUG uploaded into database line '246/202412' with value '600.0' '{
    "idLigne": "246/202412",
    "idObjet": 2,
    "TBD": "BARO_AFRIQUE",
    "PAGE": "1",
    "OBJET": "ALGERIE",
    "DAT_REF": "202412",
    "PERD": "[M-11]",
    "RA_CODE": 23,
    "COLS_CODE": "C003",
    "ROWS_CODE": "R001",
    "SQL_CODE_SRC": " ",
    "SQL_CODE_FINAL": " ",
    "PERIMETRE": "CALCUL",
    "DATE_TRT": "2024-07-09 11:28:55.786800",
    "VALEUR": "600.0",
    "FORMULE": "MIN",
    "MSG": "GOOD",
    "NIV": 1
}'
2024-07-09 11:28:55 DEBUG uploaded into database line '247/202412' with value '600.0' '{
    "idLigne": "247/202412",
    "idObjet": 2,
    "TBD": "BARO_AFRIQUE",
    "PAGE": "1",
    "OBJET": "ALGERIE",
    "DAT_REF": "202412",
    "PERD": "[M-11]",
    "RA_CODE": 23,
    "COLS_CODE": "C003",
    "ROWS_CODE": "R002",
    "SQL_CODE_SRC": " ",
    "SQL_CODE_FINAL": " ",
    "PERIMETRE": "CALCUL",
    "DATE_TRT": "2024-07-09 11:28:55.791735",
    "VALEUR": "600.0",
    "FORMULE": "MIN",
    "MSG": "GOOD",
    "NIV": 1
}'
2024-07-09 11:28:55 DEBUG uploaded into database line '248/202412' with value '600.0' '{
    "idLigne": "248/202412",
    "idObjet": 2,
    "TBD": "BARO_AFRIQUE",
    "PAGE": "1",
    "OBJET": "ALGERIE",
    "DAT_REF": "202412",
    "PERD": "[M-11]",
    "RA_CODE": 24,
    "COLS_CODE": "C004",
    "ROWS_CODE": "R000",
    "SQL_CODE_SRC": " ",
    "SQL_CODE_FINAL": " ",
    "PERIMETRE": "CALCUL",
    "DATE_TRT": "2024-07-09 11:28:55.795586",
    "VALEUR": "600.0",
    "FORMULE": "RANG",
    "MSG": "GOOD",
    "NIV": 1
}'
2024-07-09 11:28:55 DEBUG uploaded into database line '249/202412' with value '600.0' '{
    "idLigne": "249/202412",
    "idObjet": 2,
    "TBD": "BARO_AFRIQUE",
    "PAGE": "1",
    "OBJET": "ALGERIE",
    "DAT_REF": "202412",
    "PERD": "[M-11]",
    "RA_CODE": 24,
    "COLS_CODE": "C004",
    "ROWS_CODE": "R001",
    "SQL_CODE_SRC": " ",
    "SQL_CODE_FINAL": " ",
    "PERIMETRE": "CALCUL",
    "DATE_TRT": "2024-07-09 11:28:55.799456",
    "VALEUR": "600.0",
    "FORMULE": "RANG",
    "MSG": "GOOD",
    "NIV": 1
}'
2024-07-09 11:28:55 DEBUG uploaded into database line '251/202412' with value '0.4' '{
    "idLigne": "251/202412",
    "idObjet": 2,
    "TBD": "BARO_AFRIQUE",
    "PAGE": "1",
    "OBJET": "ALGERIE",
    "DAT_REF": "202412",
    "PERD": "[M-11]",
    "RA_CODE": 25,
    "COLS_CODE": "C005",
    "ROWS_CODE": "R000",
    "SQL_CODE_SRC": " ",
    "SQL_CODE_FINAL": " ",
    "PERIMETRE": "CALCUL",
    "DATE_TRT": "2024-07-09 11:28:55.807338",
    "VALEUR": 0.4,
    "FORMULE": "POIDS",
    "MSG": "GOOD",
    "NIV": 1
}'
2024-07-09 11:28:55 DEBUG uploaded into database line '252/202412' with value '0.6' '{
    "idLigne": "252/202412",
    "idObjet": 2,
    "TBD": "BARO_AFRIQUE",
    "PAGE": "1",
    "OBJET": "ALGERIE",
    "DAT_REF": "202412",
    "PERD": "[M-11]",
    "RA_CODE": 25,
    "COLS_CODE": "C005",
    "ROWS_CODE": "R001",
    "SQL_CODE_SRC": " ",
    "SQL_CODE_FINAL": " ",
    "PERIMETRE": "CALCUL",
    "DATE_TRT": "2024-07-09 11:28:55.812241",
    "VALEUR": 0.6,
    "FORMULE": "POIDS",
    "MSG": "GOOD",
    "NIV": 1
}'
2024-07-09 11:28:55 DEBUG uploaded into database line '260/202412' with value '2250.0' '{
    "idLigne": "260/202412",
    "idObjet": 3,
    "TBD": "BARO_EUROPE",
    "PAGE": "2",
    "OBJET": "FRANCE",
    "DAT_REF": "202412",
    "PERD": "[M-11]",
    "RA_CODE": 22,
    "COLS_CODE": "C002",
    "ROWS_CODE": "R000",
    "SQL_CODE_SRC": " ",
    "SQL_CODE_FINAL": " ",
    "PERIMETRE": "CALCUL",
    "DATE_TRT": "2024-07-09 11:28:55.819290",
    "VALEUR": "2250.0",
    "FORMULE": "MAX",
    "MSG": "GOOD",
    "NIV": 1
}'
2024-07-09 11:28:55 DEBUG uploaded into database line '261/202412' with value '2250.0' '{
    "idLigne": "261/202412",
    "idObjet": 3,
    "TBD": "BARO_EUROPE",
    "PAGE": "2",
    "OBJET": "FRANCE",
    "DAT_REF": "202412",
    "PERD": "[M-11]",
    "RA_CODE": 22,
    "COLS_CODE": "C002",
    "ROWS_CODE": "R001",
    "SQL_CODE_SRC": " ",
    "SQL_CODE_FINAL": " ",
    "PERIMETRE": "CALCUL",
    "DATE_TRT": "2024-07-09 11:28:55.821405",
    "VALEUR": "2250.0",
    "FORMULE": "MAX",
    "MSG": "GOOD",
    "NIV": 1
}'
2024-07-09 11:28:55 DEBUG uploaded into database line '262/202412' with value '2250.0' '{
    "idLigne": "262/202412",
    "idObjet": 3,
    "TBD": "BARO_EUROPE",
    "PAGE": "2",
    "OBJET": "FRANCE",
    "DAT_REF": "202412",
    "PERD": "[M-11]",
    "RA_CODE": 22,
    "COLS_CODE": "C002",
    "ROWS_CODE": "R002",
    "SQL_CODE_SRC": " ",
    "SQL_CODE_FINAL": " ",
    "PERIMETRE": "CALCUL",
    "DATE_TRT": "2024-07-09 11:28:55.826986",
    "VALEUR": "2250.0",
    "FORMULE": "MAX",
    "MSG": "GOOD",
    "NIV": 1
}'
2024-07-09 11:28:55 DEBUG uploaded into database line '263/202412' with value '1500.0' '{
    "idLigne": "263/202412",
    "idObjet": 3,
    "TBD": "BARO_EUROPE",
    "PAGE": "2",
    "OBJET": "FRANCE",
    "DAT_REF": "202412",
    "PERD": "[M-11]",
    "RA_CODE": 23,
    "COLS_CODE": "C003",
    "ROWS_CODE": "R000",
    "SQL_CODE_SRC": " ",
    "SQL_CODE_FINAL": " ",
    "PERIMETRE": "CALCUL",
    "DATE_TRT": "2024-07-09 11:28:55.831101",
    "VALEUR": "1500.0",
    "FORMULE": "MIN",
    "MSG": "GOOD",
    "NIV": 1
}'
2024-07-09 11:28:55 DEBUG uploaded into database line '264/202412' with value '1500.0' '{
    "idLigne": "264/202412",
    "idObjet": 3,
    "TBD": "BARO_EUROPE",
    "PAGE": "2",
    "OBJET": "FRANCE",
    "DAT_REF": "202412",
    "PERD": "[M-11]",
    "RA_CODE": 23,
    "COLS_CODE": "C003",
    "ROWS_CODE": "R001",
    "SQL_CODE_SRC": " ",
    "SQL_CODE_FINAL": " ",
    "PERIMETRE": "CALCUL",
    "DATE_TRT": "2024-07-09 11:28:55.835224",
    "VALEUR": "1500.0",
    "FORMULE": "MIN",
    "MSG": "GOOD",
    "NIV": 1
}'
2024-07-09 11:28:55 DEBUG uploaded into database line '265/202412' with value '1500.0' '{
    "idLigne": "265/202412",
    "idObjet": 3,
    "TBD": "BARO_EUROPE",
    "PAGE": "2",
    "OBJET": "FRANCE",
    "DAT_REF": "202412",
    "PERD": "[M-11]",
    "RA_CODE": 23,
    "COLS_CODE": "C003",
    "ROWS_CODE": "R002",
    "SQL_CODE_SRC": " ",
    "SQL_CODE_FINAL": " ",
    "PERIMETRE": "CALCUL",
    "DATE_TRT": "2024-07-09 11:28:55.840548",
    "VALEUR": "1500.0",
    "FORMULE": "MIN",
    "MSG": "GOOD",
    "NIV": 1
}'
2024-07-09 11:28:55 DEBUG uploaded into database line '266/202412' with value '1500.0' '{
    "idLigne": "266/202412",
    "idObjet": 3,
    "TBD": "BARO_EUROPE",
    "PAGE": "2",
    "OBJET": "FRANCE",
    "DAT_REF": "202412",
    "PERD": "[M-11]",
    "RA_CODE": 24,
    "COLS_CODE": "C004",
    "ROWS_CODE": "R000",
    "SQL_CODE_SRC": " ",
    "SQL_CODE_FINAL": " ",
    "PERIMETRE": "CALCUL",
    "DATE_TRT": "2024-07-09 11:28:55.845316",
    "VALEUR": "1500.0",
    "FORMULE": "RANG",
    "MSG": "GOOD",
    "NIV": 1
}'
2024-07-09 11:28:55 DEBUG uploaded into database line '267/202412' with value '1500.0' '{
    "idLigne": "267/202412",
    "idObjet": 3,
    "TBD": "BARO_EUROPE",
    "PAGE": "2",
    "OBJET": "FRANCE",
    "DAT_REF": "202412",
    "PERD": "[M-11]",
    "RA_CODE": 24,
    "COLS_CODE": "C004",
    "ROWS_CODE": "R001",
    "SQL_CODE_SRC": " ",
    "SQL_CODE_FINAL": " ",
    "PERIMETRE": "CALCUL",
    "DATE_TRT": "2024-07-09 11:28:55.850167",
    "VALEUR": "1500.0",
    "FORMULE": "RANG",
    "MSG": "GOOD",
    "NIV": 1
}'
2024-07-09 11:28:55 DEBUG uploaded into database line '269/202412' with value '0.4' '{
    "idLigne": "269/202412",
    "idObjet": 3,
    "TBD": "BARO_EUROPE",
    "PAGE": "2",
    "OBJET": "FRANCE",
    "DAT_REF": "202412",
    "PERD": "[M-11]",
    "RA_CODE": 25,
    "COLS_CODE": "C005",
    "ROWS_CODE": "R000",
    "SQL_CODE_SRC": " ",
    "SQL_CODE_FINAL": " ",
    "PERIMETRE": "CALCUL",
    "DATE_TRT": "2024-07-09 11:28:55.855621",
    "VALEUR": 0.4,
    "FORMULE": "POIDS",
    "MSG": "GOOD",
    "NIV": 1
}'
2024-07-09 11:28:55 DEBUG uploaded into database line '270/202412' with value '0.6' '{
    "idLigne": "270/202412",
    "idObjet": 3,
    "TBD": "BARO_EUROPE",
    "PAGE": "2",
    "OBJET": "FRANCE",
    "DAT_REF": "202412",
    "PERD": "[M-11]",
    "RA_CODE": 25,
    "COLS_CODE": "C005",
    "ROWS_CODE": "R001",
    "SQL_CODE_SRC": " ",
    "SQL_CODE_FINAL": " ",
    "PERIMETRE": "CALCUL",
    "DATE_TRT": "2024-07-09 11:28:55.861343",
    "VALEUR": 0.6,
    "FORMULE": "POIDS",
    "MSG": "GOOD",
    "NIV": 1
}'
2024-07-09 11:28:55 DEBUG uploaded into database line '278/202412' with value '4500.0' '{
    "idLigne": "278/202412",
    "idObjet": 4,
    "TBD": "BARO_EUROPE",
    "PAGE": "2",
    "OBJET": "ALLEMANGE",
    "DAT_REF": "202412",
    "PERD": "[M-11]",
    "RA_CODE": 22,
    "COLS_CODE": "C002",
    "ROWS_CODE": "R000",
    "SQL_CODE_SRC": " ",
    "SQL_CODE_FINAL": " ",
    "PERIMETRE": "CALCUL",
    "DATE_TRT": "2024-07-09 11:28:55.865806",
    "VALEUR": "4500.0",
    "FORMULE": "MAX",
    "MSG": "GOOD",
    "NIV": 1
}'
2024-07-09 11:28:55 DEBUG uploaded into database line '279/202412' with value '4500.0' '{
    "idLigne": "279/202412",
    "idObjet": 4,
    "TBD": "BARO_EUROPE",
    "PAGE": "2",
    "OBJET": "ALLEMANGE",
    "DAT_REF": "202412",
    "PERD": "[M-11]",
    "RA_CODE": 22,
    "COLS_CODE": "C002",
    "ROWS_CODE": "R001",
    "SQL_CODE_SRC": " ",
    "SQL_CODE_FINAL": " ",
    "PERIMETRE": "CALCUL",
    "DATE_TRT": "2024-07-09 11:28:55.871379",
    "VALEUR": "4500.0",
    "FORMULE": "MAX",
    "MSG": "GOOD",
    "NIV": 1
}'
2024-07-09 11:28:55 DEBUG uploaded into database line '280/202412' with value '4500.0' '{
    "idLigne": "280/202412",
    "idObjet": 4,
    "TBD": "BARO_EUROPE",
    "PAGE": "2",
    "OBJET": "ALLEMANGE",
    "DAT_REF": "202412",
    "PERD": "[M-11]",
    "RA_CODE": 22,
    "COLS_CODE": "C002",
    "ROWS_CODE": "R002",
    "SQL_CODE_SRC": " ",
    "SQL_CODE_FINAL": " ",
    "PERIMETRE": "CALCUL",
    "DATE_TRT": "2024-07-09 11:28:55.876035",
    "VALEUR": "4500.0",
    "FORMULE": "MAX",
    "MSG": "GOOD",
    "NIV": 1
}'
2024-07-09 11:28:55 DEBUG uploaded into database line '281/202412' with value '3000.0' '{
    "idLigne": "281/202412",
    "idObjet": 4,
    "TBD": "BARO_EUROPE",
    "PAGE": "2",
    "OBJET": "ALLEMANGE",
    "DAT_REF": "202412",
    "PERD": "[M-11]",
    "RA_CODE": 23,
    "COLS_CODE": "C003",
    "ROWS_CODE": "R000",
    "SQL_CODE_SRC": " ",
    "SQL_CODE_FINAL": " ",
    "PERIMETRE": "CALCUL",
    "DATE_TRT": "2024-07-09 11:28:55.880097",
    "VALEUR": "3000.0",
    "FORMULE": "MIN",
    "MSG": "GOOD",
    "NIV": 1
}'
2024-07-09 11:28:55 DEBUG uploaded into database line '282/202412' with value '3000.0' '{
    "idLigne": "282/202412",
    "idObjet": 4,
    "TBD": "BARO_EUROPE",
    "PAGE": "2",
    "OBJET": "ALLEMANGE",
    "DAT_REF": "202412",
    "PERD": "[M-11]",
    "RA_CODE": 23,
    "COLS_CODE": "C003",
    "ROWS_CODE": "R001",
    "SQL_CODE_SRC": " ",
    "SQL_CODE_FINAL": " ",
    "PERIMETRE": "CALCUL",
    "DATE_TRT": "2024-07-09 11:28:55.883267",
    "VALEUR": "3000.0",
    "FORMULE": "MIN",
    "MSG": "GOOD",
    "NIV": 1
}'
2024-07-09 11:28:55 DEBUG uploaded into database line '283/202412' with value '3000.0' '{
    "idLigne": "283/202412",
    "idObjet": 4,
    "TBD": "BARO_EUROPE",
    "PAGE": "2",
    "OBJET": "ALLEMANGE",
    "DAT_REF": "202412",
    "PERD": "[M-11]",
    "RA_CODE": 23,
    "COLS_CODE": "C003",
    "ROWS_CODE": "R002",
    "SQL_CODE_SRC": " ",
    "SQL_CODE_FINAL": " ",
    "PERIMETRE": "CALCUL",
    "DATE_TRT": "2024-07-09 11:28:55.887788",
    "VALEUR": "3000.0",
    "FORMULE": "MIN",
    "MSG": "GOOD",
    "NIV": 1
}'
2024-07-09 11:28:55 DEBUG uploaded into database line '284/202412' with value '3000.0' '{
    "idLigne": "284/202412",
    "idObjet": 4,
    "TBD": "BARO_EUROPE",
    "PAGE": "2",
    "OBJET": "ALLEMANGE",
    "DAT_REF": "202412",
    "PERD": "[M-11]",
    "RA_CODE": 24,
    "COLS_CODE": "C004",
    "ROWS_CODE": "R000",
    "SQL_CODE_SRC": " ",
    "SQL_CODE_FINAL": " ",
    "PERIMETRE": "CALCUL",
    "DATE_TRT": "2024-07-09 11:28:55.891354",
    "VALEUR": "3000.0",
    "FORMULE": "RANG",
    "MSG": "GOOD",
    "NIV": 1
}'
2024-07-09 11:28:55 DEBUG uploaded into database line '285/202412' with value '3000.0' '{
    "idLigne": "285/202412",
    "idObjet": 4,
    "TBD": "BARO_EUROPE",
    "PAGE": "2",
    "OBJET": "ALLEMANGE",
    "DAT_REF": "202412",
    "PERD": "[M-11]",
    "RA_CODE": 24,
    "COLS_CODE": "C004",
    "ROWS_CODE": "R001",
    "SQL_CODE_SRC": " ",
    "SQL_CODE_FINAL": " ",
    "PERIMETRE": "CALCUL",
    "DATE_TRT": "2024-07-09 11:28:55.895609",
    "VALEUR": "3000.0",
    "FORMULE": "RANG",
    "MSG": "GOOD",
    "NIV": 1
}'
2024-07-09 11:28:55 DEBUG uploaded into database line '287/202412' with value '0.4' '{
    "idLigne": "287/202412",
    "idObjet": 4,
    "TBD": "BARO_EUROPE",
    "PAGE": "2",
    "OBJET": "ALLEMANGE",
    "DAT_REF": "202412",
    "PERD": "[M-11]",
    "RA_CODE": 25,
    "COLS_CODE": "C005",
    "ROWS_CODE": "R000",
    "SQL_CODE_SRC": " ",
    "SQL_CODE_FINAL": " ",
    "PERIMETRE": "CALCUL",
    "DATE_TRT": "2024-07-09 11:28:55.903924",
    "VALEUR": 0.4,
    "FORMULE": "POIDS",
    "MSG": "GOOD",
    "NIV": 1
}'
2024-07-09 11:28:55 DEBUG uploaded into database line '288/202412' with value '0.6' '{
    "idLigne": "288/202412",
    "idObjet": 4,
    "TBD": "BARO_EUROPE",
    "PAGE": "2",
    "OBJET": "ALLEMANGE",
    "DAT_REF": "202412",
    "PERD": "[M-11]",
    "RA_CODE": 25,
    "COLS_CODE": "C005",
    "ROWS_CODE": "R001",
    "SQL_CODE_SRC": " ",
    "SQL_CODE_FINAL": " ",
    "PERIMETRE": "CALCUL",
    "DATE_TRT": "2024-07-09 11:28:55.908740",
    "VALEUR": 0.6,
    "FORMULE": "POIDS",
    "MSG": "GOOD",
    "NIV": 1
}'
2024-07-09 11:28:55 DEBUG uploaded into database line '296/202412' with value '9000.0' '{
    "idLigne": "296/202412",
    "idObjet": 5,
    "TBD": "BARO_EUROPE",
    "PAGE": "2",
    "OBJET": "ESPAGNE",
    "DAT_REF": "202412",
    "PERD": "[M-11]",
    "RA_CODE": 22,
    "COLS_CODE": "C002",
    "ROWS_CODE": "R000",
    "SQL_CODE_SRC": " ",
    "SQL_CODE_FINAL": " ",
    "PERIMETRE": "CALCUL",
    "DATE_TRT": "2024-07-09 11:28:55.915244",
    "VALEUR": "9000.0",
    "FORMULE": "MAX",
    "MSG": "GOOD",
    "NIV": 1
}'
2024-07-09 11:28:55 DEBUG uploaded into database line '297/202412' with value '9000.0' '{
    "idLigne": "297/202412",
    "idObjet": 5,
    "TBD": "BARO_EUROPE",
    "PAGE": "2",
    "OBJET": "ESPAGNE",
    "DAT_REF": "202412",
    "PERD": "[M-11]",
    "RA_CODE": 22,
    "COLS_CODE": "C002",
    "ROWS_CODE": "R001",
    "SQL_CODE_SRC": " ",
    "SQL_CODE_FINAL": " ",
    "PERIMETRE": "CALCUL",
    "DATE_TRT": "2024-07-09 11:28:55.919318",
    "VALEUR": "9000.0",
    "FORMULE": "MAX",
    "MSG": "GOOD",
    "NIV": 1
}'
2024-07-09 11:28:55 DEBUG uploaded into database line '298/202412' with value '9000.0' '{
    "idLigne": "298/202412",
    "idObjet": 5,
    "TBD": "BARO_EUROPE",
    "PAGE": "2",
    "OBJET": "ESPAGNE",
    "DAT_REF": "202412",
    "PERD": "[M-11]",
    "RA_CODE": 22,
    "COLS_CODE": "C002",
    "ROWS_CODE": "R002",
    "SQL_CODE_SRC": " ",
    "SQL_CODE_FINAL": " ",
    "PERIMETRE": "CALCUL",
    "DATE_TRT": "2024-07-09 11:28:55.924660",
    "VALEUR": "9000.0",
    "FORMULE": "MAX",
    "MSG": "GOOD",
    "NIV": 1
}'
2024-07-09 11:28:55 DEBUG uploaded into database line '299/202412' with value '6000.0' '{
    "idLigne": "299/202412",
    "idObjet": 5,
    "TBD": "BARO_EUROPE",
    "PAGE": "2",
    "OBJET": "ESPAGNE",
    "DAT_REF": "202412",
    "PERD": "[M-11]",
    "RA_CODE": 23,
    "COLS_CODE": "C003",
    "ROWS_CODE": "R000",
    "SQL_CODE_SRC": " ",
    "SQL_CODE_FINAL": " ",
    "PERIMETRE": "CALCUL",
    "DATE_TRT": "2024-07-09 11:28:55.928351",
    "VALEUR": "6000.0",
    "FORMULE": "MIN",
    "MSG": "GOOD",
    "NIV": 1
}'
2024-07-09 11:28:55 DEBUG uploaded into database line '300/202412' with value '6000.0' '{
    "idLigne": "300/202412",
    "idObjet": 5,
    "TBD": "BARO_EUROPE",
    "PAGE": "2",
    "OBJET": "ESPAGNE",
    "DAT_REF": "202412",
    "PERD": "[M-11]",
    "RA_CODE": 23,
    "COLS_CODE": "C003",
    "ROWS_CODE": "R001",
    "SQL_CODE_SRC": " ",
    "SQL_CODE_FINAL": " ",
    "PERIMETRE": "CALCUL",
    "DATE_TRT": "2024-07-09 11:28:55.934501",
    "VALEUR": "6000.0",
    "FORMULE": "MIN",
    "MSG": "GOOD",
    "NIV": 1
}'
2024-07-09 11:28:55 DEBUG uploaded into database line '301/202412' with value '6000.0' '{
    "idLigne": "301/202412",
    "idObjet": 5,
    "TBD": "BARO_EUROPE",
    "PAGE": "2",
    "OBJET": "ESPAGNE",
    "DAT_REF": "202412",
    "PERD": "[M-11]",
    "RA_CODE": 23,
    "COLS_CODE": "C003",
    "ROWS_CODE": "R002",
    "SQL_CODE_SRC": " ",
    "SQL_CODE_FINAL": " ",
    "PERIMETRE": "CALCUL",
    "DATE_TRT": "2024-07-09 11:28:55.937972",
    "VALEUR": "6000.0",
    "FORMULE": "MIN",
    "MSG": "GOOD",
    "NIV": 1
}'
2024-07-09 11:28:55 DEBUG uploaded into database line '302/202412' with value '6000.0' '{
    "idLigne": "302/202412",
    "idObjet": 5,
    "TBD": "BARO_EUROPE",
    "PAGE": "2",
    "OBJET": "ESPAGNE",
    "DAT_REF": "202412",
    "PERD": "[M-11]",
    "RA_CODE": 24,
    "COLS_CODE": "C004",
    "ROWS_CODE": "R000",
    "SQL_CODE_SRC": " ",
    "SQL_CODE_FINAL": " ",
    "PERIMETRE": "CALCUL",
    "DATE_TRT": "2024-07-09 11:28:55.943425",
    "VALEUR": "6000.0",
    "FORMULE": "RANG",
    "MSG": "GOOD",
    "NIV": 1
}'
2024-07-09 11:28:55 DEBUG uploaded into database line '303/202412' with value '6000.0' '{
    "idLigne": "303/202412",
    "idObjet": 5,
    "TBD": "BARO_EUROPE",
    "PAGE": "2",
    "OBJET": "ESPAGNE",
    "DAT_REF": "202412",
    "PERD": "[M-11]",
    "RA_CODE": 24,
    "COLS_CODE": "C004",
    "ROWS_CODE": "R001",
    "SQL_CODE_SRC": " ",
    "SQL_CODE_FINAL": " ",
    "PERIMETRE": "CALCUL",
    "DATE_TRT": "2024-07-09 11:28:55.947438",
    "VALEUR": "6000.0",
    "FORMULE": "RANG",
    "MSG": "GOOD",
    "NIV": 1
}'
2024-07-09 11:28:55 DEBUG uploaded into database line '305/202412' with value '0.4' '{
    "idLigne": "305/202412",
    "idObjet": 5,
    "TBD": "BARO_EUROPE",
    "PAGE": "2",
    "OBJET": "ESPAGNE",
    "DAT_REF": "202412",
    "PERD": "[M-11]",
    "RA_CODE": 25,
    "COLS_CODE": "C005",
    "ROWS_CODE": "R000",
    "SQL_CODE_SRC": " ",
    "SQL_CODE_FINAL": " ",
    "PERIMETRE": "CALCUL",
    "DATE_TRT": "2024-07-09 11:28:55.955147",
    "VALEUR": 0.4,
    "FORMULE": "POIDS",
    "MSG": "GOOD",
    "NIV": 1
}'
2024-07-09 11:28:55 DEBUG uploaded into database line '306/202412' with value '0.6' '{
    "idLigne": "306/202412",
    "idObjet": 5,
    "TBD": "BARO_EUROPE",
    "PAGE": "2",
    "OBJET": "ESPAGNE",
    "DAT_REF": "202412",
    "PERD": "[M-11]",
    "RA_CODE": 25,
    "COLS_CODE": "C005",
    "ROWS_CODE": "R001",
    "SQL_CODE_SRC": " ",
    "SQL_CODE_FINAL": " ",
    "PERIMETRE": "CALCUL",
    "DATE_TRT": "2024-07-09 11:28:55.960320",
    "VALEUR": 0.6,
    "FORMULE": "POIDS",
    "MSG": "GOOD",
    "NIV": 1
}'
2024-07-09 11:28:55 DEBUG uploaded into database line '314/202412' with value '20175.0' '{
    "idLigne": "314/202412",
    "idObjet": 6,
    "TBD": "BARO_ASIE",
    "PAGE": "3",
    "OBJET": "JAPON",
    "DAT_REF": "202412",
    "PERD": "[M-11]",
    "RA_CODE": 22,
    "COLS_CODE": "C002",
    "ROWS_CODE": "R000",
    "SQL_CODE_SRC": " ",
    "SQL_CODE_FINAL": " ",
    "PERIMETRE": "CALCUL",
    "DATE_TRT": "2024-07-09 11:28:55.967425",
    "VALEUR": "20175.0",
    "FORMULE": "MAX",
    "MSG": "GOOD",
    "NIV": 1
}'
2024-07-09 11:28:55 DEBUG uploaded into database line '315/202412' with value '20175.0' '{
    "idLigne": "315/202412",
    "idObjet": 6,
    "TBD": "BARO_ASIE",
    "PAGE": "3",
    "OBJET": "JAPON",
    "DAT_REF": "202412",
    "PERD": "[M-11]",
    "RA_CODE": 22,
    "COLS_CODE": "C002",
    "ROWS_CODE": "R001",
    "SQL_CODE_SRC": " ",
    "SQL_CODE_FINAL": " ",
    "PERIMETRE": "CALCUL",
    "DATE_TRT": "2024-07-09 11:28:55.970495",
    "VALEUR": "20175.0",
    "FORMULE": "MAX",
    "MSG": "GOOD",
    "NIV": 1
}'
2024-07-09 11:28:55 DEBUG uploaded into database line '316/202412' with value '20175.0' '{
    "idLigne": "316/202412",
    "idObjet": 6,
    "TBD": "BARO_ASIE",
    "PAGE": "3",
    "OBJET": "JAPON",
    "DAT_REF": "202412",
    "PERD": "[M-11]",
    "RA_CODE": 22,
    "COLS_CODE": "C002",
    "ROWS_CODE": "R002",
    "SQL_CODE_SRC": " ",
    "SQL_CODE_FINAL": " ",
    "PERIMETRE": "CALCUL",
    "DATE_TRT": "2024-07-09 11:28:55.975691",
    "VALEUR": "20175.0",
    "FORMULE": "MAX",
    "MSG": "GOOD",
    "NIV": 1
}'
2024-07-09 11:28:55 DEBUG uploaded into database line '317/202412' with value '13500.0' '{
    "idLigne": "317/202412",
    "idObjet": 6,
    "TBD": "BARO_ASIE",
    "PAGE": "3",
    "OBJET": "JAPON",
    "DAT_REF": "202412",
    "PERD": "[M-11]",
    "RA_CODE": 23,
    "COLS_CODE": "C003",
    "ROWS_CODE": "R000",
    "SQL_CODE_SRC": " ",
    "SQL_CODE_FINAL": " ",
    "PERIMETRE": "CALCUL",
    "DATE_TRT": "2024-07-09 11:28:55.980278",
    "VALEUR": "13500.0",
    "FORMULE": "MIN",
    "MSG": "GOOD",
    "NIV": 1
}'
2024-07-09 11:28:55 DEBUG uploaded into database line '318/202412' with value '13500.0' '{
    "idLigne": "318/202412",
    "idObjet": 6,
    "TBD": "BARO_ASIE",
    "PAGE": "3",
    "OBJET": "JAPON",
    "DAT_REF": "202412",
    "PERD": "[M-11]",
    "RA_CODE": 23,
    "COLS_CODE": "C003",
    "ROWS_CODE": "R001",
    "SQL_CODE_SRC": " ",
    "SQL_CODE_FINAL": " ",
    "PERIMETRE": "CALCUL",
    "DATE_TRT": "2024-07-09 11:28:55.983789",
    "VALEUR": "13500.0",
    "FORMULE": "MIN",
    "MSG": "GOOD",
    "NIV": 1
}'
2024-07-09 11:28:55 DEBUG uploaded into database line '319/202412' with value '13500.0' '{
    "idLigne": "319/202412",
    "idObjet": 6,
    "TBD": "BARO_ASIE",
    "PAGE": "3",
    "OBJET": "JAPON",
    "DAT_REF": "202412",
    "PERD": "[M-11]",
    "RA_CODE": 23,
    "COLS_CODE": "C003",
    "ROWS_CODE": "R002",
    "SQL_CODE_SRC": " ",
    "SQL_CODE_FINAL": " ",
    "PERIMETRE": "CALCUL",
    "DATE_TRT": "2024-07-09 11:28:55.988331",
    "VALEUR": "13500.0",
    "FORMULE": "MIN",
    "MSG": "GOOD",
    "NIV": 1
}'
2024-07-09 11:28:55 DEBUG uploaded into database line '320/202412' with value '13500.0' '{
    "idLigne": "320/202412",
    "idObjet": 6,
    "TBD": "BARO_ASIE",
    "PAGE": "3",
    "OBJET": "JAPON",
    "DAT_REF": "202412",
    "PERD": "[M-11]",
    "RA_CODE": 24,
    "COLS_CODE": "C004",
    "ROWS_CODE": "R000",
    "SQL_CODE_SRC": " ",
    "SQL_CODE_FINAL": " ",
    "PERIMETRE": "CALCUL",
    "DATE_TRT": "2024-07-09 11:28:55.992298",
    "VALEUR": "13500.0",
    "FORMULE": "RANG",
    "MSG": "GOOD",
    "NIV": 1
}'
2024-07-09 11:28:56 DEBUG uploaded into database line '321/202412' with value '13500.0' '{
    "idLigne": "321/202412",
    "idObjet": 6,
    "TBD": "BARO_ASIE",
    "PAGE": "3",
    "OBJET": "JAPON",
    "DAT_REF": "202412",
    "PERD": "[M-11]",
    "RA_CODE": 24,
    "COLS_CODE": "C004",
    "ROWS_CODE": "R001",
    "SQL_CODE_SRC": " ",
    "SQL_CODE_FINAL": " ",
    "PERIMETRE": "CALCUL",
    "DATE_TRT": "2024-07-09 11:28:55.997746",
    "VALEUR": "13500.0",
    "FORMULE": "RANG",
    "MSG": "GOOD",
    "NIV": 1
}'
2024-07-09 11:28:56 DEBUG uploaded into database line '323/202412' with value '0.40089086859688194' '{
    "idLigne": "323/202412",
    "idObjet": 6,
    "TBD": "BARO_ASIE",
    "PAGE": "3",
    "OBJET": "JAPON",
    "DAT_REF": "202412",
    "PERD": "[M-11]",
    "RA_CODE": 25,
    "COLS_CODE": "C005",
    "ROWS_CODE": "R000",
    "SQL_CODE_SRC": " ",
    "SQL_CODE_FINAL": " ",
    "PERIMETRE": "CALCUL",
    "DATE_TRT": "2024-07-09 11:28:56.002355",
    "VALEUR": 0.40089086859688194,
    "FORMULE": "POIDS",
    "MSG": "GOOD",
    "NIV": 1
}'
2024-07-09 11:28:56 DEBUG uploaded into database line '324/202412' with value '0.5991091314031181' '{
    "idLigne": "324/202412",
    "idObjet": 6,
    "TBD": "BARO_ASIE",
    "PAGE": "3",
    "OBJET": "JAPON",
    "DAT_REF": "202412",
    "PERD": "[M-11]",
    "RA_CODE": 25,
    "COLS_CODE": "C005",
    "ROWS_CODE": "R001",
    "SQL_CODE_SRC": " ",
    "SQL_CODE_FINAL": " ",
    "PERIMETRE": "CALCUL",
    "DATE_TRT": "2024-07-09 11:28:56.008644",
    "VALEUR": 0.5991091314031181,
    "FORMULE": "POIDS",
    "MSG": "GOOD",
    "NIV": 1
}'
2024-07-09 11:28:56 DEBUG uploaded into database line '332/202412' with value '45393.0' '{
    "idLigne": "332/202412",
    "idObjet": 7,
    "TBD": "BARO_ASIE",
    "PAGE": "3",
    "OBJET": "COREE",
    "DAT_REF": "202412",
    "PERD": "[M-11]",
    "RA_CODE": 22,
    "COLS_CODE": "C002",
    "ROWS_CODE": "R000",
    "SQL_CODE_SRC": " ",
    "SQL_CODE_FINAL": " ",
    "PERIMETRE": "CALCUL",
    "DATE_TRT": "2024-07-09 11:28:56.015065",
    "VALEUR": "45393.0",
    "FORMULE": "MAX",
    "MSG": "GOOD",
    "NIV": 1
}'
2024-07-09 11:28:56 DEBUG uploaded into database line '333/202412' with value '45393.0' '{
    "idLigne": "333/202412",
    "idObjet": 7,
    "TBD": "BARO_ASIE",
    "PAGE": "3",
    "OBJET": "COREE",
    "DAT_REF": "202412",
    "PERD": "[M-11]",
    "RA_CODE": 22,
    "COLS_CODE": "C002",
    "ROWS_CODE": "R001",
    "SQL_CODE_SRC": " ",
    "SQL_CODE_FINAL": " ",
    "PERIMETRE": "CALCUL",
    "DATE_TRT": "2024-07-09 11:28:56.018889",
    "VALEUR": "45393.0",
    "FORMULE": "MAX",
    "MSG": "GOOD",
    "NIV": 1
}'
2024-07-09 11:28:56 DEBUG uploaded into database line '334/202412' with value '45393.0' '{
    "idLigne": "334/202412",
    "idObjet": 7,
    "TBD": "BARO_ASIE",
    "PAGE": "3",
    "OBJET": "COREE",
    "DAT_REF": "202412",
    "PERD": "[M-11]",
    "RA_CODE": 22,
    "COLS_CODE": "C002",
    "ROWS_CODE": "R002",
    "SQL_CODE_SRC": " ",
    "SQL_CODE_FINAL": " ",
    "PERIMETRE": "CALCUL",
    "DATE_TRT": "2024-07-09 11:28:56.024398",
    "VALEUR": "45393.0",
    "FORMULE": "MAX",
    "MSG": "GOOD",
    "NIV": 1
}'
2024-07-09 11:28:56 DEBUG uploaded into database line '335/202412' with value '30261.0' '{
    "idLigne": "335/202412",
    "idObjet": 7,
    "TBD": "BARO_ASIE",
    "PAGE": "3",
    "OBJET": "COREE",
    "DAT_REF": "202412",
    "PERD": "[M-11]",
    "RA_CODE": 23,
    "COLS_CODE": "C003",
    "ROWS_CODE": "R000",
    "SQL_CODE_SRC": " ",
    "SQL_CODE_FINAL": " ",
    "PERIMETRE": "CALCUL",
    "DATE_TRT": "2024-07-09 11:28:56.028637",
    "VALEUR": "30261.0",
    "FORMULE": "MIN",
    "MSG": "GOOD",
    "NIV": 1
}'
2024-07-09 11:28:56 DEBUG uploaded into database line '336/202412' with value '30261.0' '{
    "idLigne": "336/202412",
    "idObjet": 7,
    "TBD": "BARO_ASIE",
    "PAGE": "3",
    "OBJET": "COREE",
    "DAT_REF": "202412",
    "PERD": "[M-11]",
    "RA_CODE": 23,
    "COLS_CODE": "C003",
    "ROWS_CODE": "R001",
    "SQL_CODE_SRC": " ",
    "SQL_CODE_FINAL": " ",
    "PERIMETRE": "CALCUL",
    "DATE_TRT": "2024-07-09 11:28:56.032420",
    "VALEUR": "30261.0",
    "FORMULE": "MIN",
    "MSG": "GOOD",
    "NIV": 1
}'
2024-07-09 11:28:56 DEBUG uploaded into database line '337/202412' with value '30261.0' '{
    "idLigne": "337/202412",
    "idObjet": 7,
    "TBD": "BARO_ASIE",
    "PAGE": "3",
    "OBJET": "COREE",
    "DAT_REF": "202412",
    "PERD": "[M-11]",
    "RA_CODE": 23,
    "COLS_CODE": "C003",
    "ROWS_CODE": "R002",
    "SQL_CODE_SRC": " ",
    "SQL_CODE_FINAL": " ",
    "PERIMETRE": "CALCUL",
    "DATE_TRT": "2024-07-09 11:28:56.037201",
    "VALEUR": "30261.0",
    "FORMULE": "MIN",
    "MSG": "GOOD",
    "NIV": 1
}'
2024-07-09 11:28:56 DEBUG uploaded into database line '338/202412' with value '30261.0' '{
    "idLigne": "338/202412",
    "idObjet": 7,
    "TBD": "BARO_ASIE",
    "PAGE": "3",
    "OBJET": "COREE",
    "DAT_REF": "202412",
    "PERD": "[M-11]",
    "RA_CODE": 24,
    "COLS_CODE": "C004",
    "ROWS_CODE": "R000",
    "SQL_CODE_SRC": " ",
    "SQL_CODE_FINAL": " ",
    "PERIMETRE": "CALCUL",
    "DATE_TRT": "2024-07-09 11:28:56.042386",
    "VALEUR": "30261.0",
    "FORMULE": "RANG",
    "MSG": "GOOD",
    "NIV": 1
}'
2024-07-09 11:28:56 DEBUG uploaded into database line '339/202412' with value '30261.0' '{
    "idLigne": "339/202412",
    "idObjet": 7,
    "TBD": "BARO_ASIE",
    "PAGE": "3",
    "OBJET": "COREE",
    "DAT_REF": "202412",
    "PERD": "[M-11]",
    "RA_CODE": 24,
    "COLS_CODE": "C004",
    "ROWS_CODE": "R001",
    "SQL_CODE_SRC": " ",
    "SQL_CODE_FINAL": " ",
    "PERIMETRE": "CALCUL",
    "DATE_TRT": "2024-07-09 11:28:56.047842",
    "VALEUR": "30261.0",
    "FORMULE": "RANG",
    "MSG": "GOOD",
    "NIV": 1
}'
2024-07-09 11:28:56 DEBUG uploaded into database line '341/202412' with value '0.3999920691569514' '{
    "idLigne": "341/202412",
    "idObjet": 7,
    "TBD": "BARO_ASIE",
    "PAGE": "3",
    "OBJET": "COREE",
    "DAT_REF": "202412",
    "PERD": "[M-11]",
    "RA_CODE": 25,
    "COLS_CODE": "C005",
    "ROWS_CODE": "R000",
    "SQL_CODE_SRC": " ",
    "SQL_CODE_FINAL": " ",
    "PERIMETRE": "CALCUL",
    "DATE_TRT": "2024-07-09 11:28:56.055744",
    "VALEUR": 0.3999920691569514,
    "FORMULE": "POIDS",
    "MSG": "GOOD",
    "NIV": 1
}'
2024-07-09 11:28:56 DEBUG uploaded into database line '342/202412' with value '0.6000079308430486' '{
    "idLigne": "342/202412",
    "idObjet": 7,
    "TBD": "BARO_ASIE",
    "PAGE": "3",
    "OBJET": "COREE",
    "DAT_REF": "202412",
    "PERD": "[M-11]",
    "RA_CODE": 25,
    "COLS_CODE": "C005",
    "ROWS_CODE": "R001",
    "SQL_CODE_SRC": " ",
    "SQL_CODE_FINAL": " ",
    "PERIMETRE": "CALCUL",
    "DATE_TRT": "2024-07-09 11:28:56.059808",
    "VALEUR": 0.6000079308430486,
    "FORMULE": "POIDS",
    "MSG": "GOOD",
    "NIV": 1
}'
2024-07-09 11:28:56 DEBUG uploaded into database line '350/202412' with value '102135.0' '{
    "idLigne": "350/202412",
    "idObjet": 8,
    "TBD": "BARO_ASIE",
    "PAGE": "3",
    "OBJET": "CHINE",
    "DAT_REF": "202412",
    "PERD": "[M-11]",
    "RA_CODE": 22,
    "COLS_CODE": "C002",
    "ROWS_CODE": "R000",
    "SQL_CODE_SRC": " ",
    "SQL_CODE_FINAL": " ",
    "PERIMETRE": "CALCUL",
    "DATE_TRT": "2024-07-09 11:28:56.065577",
    "VALEUR": "102135.0",
    "FORMULE": "MAX",
    "MSG": "GOOD",
    "NIV": 1
}'
2024-07-09 11:28:56 DEBUG uploaded into database line '351/202412' with value '102135.0' '{
    "idLigne": "351/202412",
    "idObjet": 8,
    "TBD": "BARO_ASIE",
    "PAGE": "3",
    "OBJET": "CHINE",
    "DAT_REF": "202412",
    "PERD": "[M-11]",
    "RA_CODE": 22,
    "COLS_CODE": "C002",
    "ROWS_CODE": "R001",
    "SQL_CODE_SRC": " ",
    "SQL_CODE_FINAL": " ",
    "PERIMETRE": "CALCUL",
    "DATE_TRT": "2024-07-09 11:28:56.070350",
    "VALEUR": "102135.0",
    "FORMULE": "MAX",
    "MSG": "GOOD",
    "NIV": 1
}'
2024-07-09 11:28:56 DEBUG uploaded into database line '352/202412' with value '102135.0' '{
    "idLigne": "352/202412",
    "idObjet": 8,
    "TBD": "BARO_ASIE",
    "PAGE": "3",
    "OBJET": "CHINE",
    "DAT_REF": "202412",
    "PERD": "[M-11]",
    "RA_CODE": 22,
    "COLS_CODE": "C002",
    "ROWS_CODE": "R002",
    "SQL_CODE_SRC": " ",
    "SQL_CODE_FINAL": " ",
    "PERIMETRE": "CALCUL",
    "DATE_TRT": "2024-07-09 11:28:56.074113",
    "VALEUR": "102135.0",
    "FORMULE": "MAX",
    "MSG": "GOOD",
    "NIV": 1
}'
2024-07-09 11:28:56 DEBUG uploaded into database line '353/202412' with value '68088.0' '{
    "idLigne": "353/202412",
    "idObjet": 8,
    "TBD": "BARO_ASIE",
    "PAGE": "3",
    "OBJET": "CHINE",
    "DAT_REF": "202412",
    "PERD": "[M-11]",
    "RA_CODE": 23,
    "COLS_CODE": "C003",
    "ROWS_CODE": "R000",
    "SQL_CODE_SRC": " ",
    "SQL_CODE_FINAL": " ",
    "PERIMETRE": "CALCUL",
    "DATE_TRT": "2024-07-09 11:28:56.079044",
    "VALEUR": "68088.0",
    "FORMULE": "MIN",
    "MSG": "GOOD",
    "NIV": 1
}'
2024-07-09 11:28:56 DEBUG uploaded into database line '354/202412' with value '68088.0' '{
    "idLigne": "354/202412",
    "idObjet": 8,
    "TBD": "BARO_ASIE",
    "PAGE": "3",
    "OBJET": "CHINE",
    "DAT_REF": "202412",
    "PERD": "[M-11]",
    "RA_CODE": 23,
    "COLS_CODE": "C003",
    "ROWS_CODE": "R001",
    "SQL_CODE_SRC": " ",
    "SQL_CODE_FINAL": " ",
    "PERIMETRE": "CALCUL",
    "DATE_TRT": "2024-07-09 11:28:56.082877",
    "VALEUR": "68088.0",
    "FORMULE": "MIN",
    "MSG": "GOOD",
    "NIV": 1
}'
2024-07-09 11:28:56 DEBUG uploaded into database line '355/202412' with value '68088.0' '{
    "idLigne": "355/202412",
    "idObjet": 8,
    "TBD": "BARO_ASIE",
    "PAGE": "3",
    "OBJET": "CHINE",
    "DAT_REF": "202412",
    "PERD": "[M-11]",
    "RA_CODE": 23,
    "COLS_CODE": "C003",
    "ROWS_CODE": "R002",
    "SQL_CODE_SRC": " ",
    "SQL_CODE_FINAL": " ",
    "PERIMETRE": "CALCUL",
    "DATE_TRT": "2024-07-09 11:28:56.088032",
    "VALEUR": "68088.0",
    "FORMULE": "MIN",
    "MSG": "GOOD",
    "NIV": 1
}'
2024-07-09 11:28:56 DEBUG uploaded into database line '356/202412' with value '68088.0' '{
    "idLigne": "356/202412",
    "idObjet": 8,
    "TBD": "BARO_ASIE",
    "PAGE": "3",
    "OBJET": "CHINE",
    "DAT_REF": "202412",
    "PERD": "[M-11]",
    "RA_CODE": 24,
    "COLS_CODE": "C004",
    "ROWS_CODE": "R000",
    "SQL_CODE_SRC": " ",
    "SQL_CODE_FINAL": " ",
    "PERIMETRE": "CALCUL",
    "DATE_TRT": "2024-07-09 11:28:56.092685",
    "VALEUR": "68088.0",
    "FORMULE": "RANG",
    "MSG": "GOOD",
    "NIV": 1
}'
2024-07-09 11:28:56 DEBUG uploaded into database line '357/202412' with value '68088.0' '{
    "idLigne": "357/202412",
    "idObjet": 8,
    "TBD": "BARO_ASIE",
    "PAGE": "3",
    "OBJET": "CHINE",
    "DAT_REF": "202412",
    "PERD": "[M-11]",
    "RA_CODE": 24,
    "COLS_CODE": "C004",
    "ROWS_CODE": "R001",
    "SQL_CODE_SRC": " ",
    "SQL_CODE_FINAL": " ",
    "PERIMETRE": "CALCUL",
    "DATE_TRT": "2024-07-09 11:28:56.096944",
    "VALEUR": "68088.0",
    "FORMULE": "RANG",
    "MSG": "GOOD",
    "NIV": 1
}'
2024-07-09 11:28:56 DEBUG uploaded into database line '359/202412' with value '0.39999295042385574' '{
    "idLigne": "359/202412",
    "idObjet": 8,
    "TBD": "BARO_ASIE",
    "PAGE": "3",
    "OBJET": "CHINE",
    "DAT_REF": "202412",
    "PERD": "[M-11]",
    "RA_CODE": 25,
    "COLS_CODE": "C005",
    "ROWS_CODE": "R000",
    "SQL_CODE_SRC": " ",
    "SQL_CODE_FINAL": " ",
    "PERIMETRE": "CALCUL",
    "DATE_TRT": "2024-07-09 11:28:56.103080",
    "VALEUR": 0.39999295042385574,
    "FORMULE": "POIDS",
    "MSG": "GOOD",
    "NIV": 1
}'
2024-07-09 11:28:56 DEBUG uploaded into database line '360/202412' with value '0.6000070495761443' '{
    "idLigne": "360/202412",
    "idObjet": 8,
    "TBD": "BARO_ASIE",
    "PAGE": "3",
    "OBJET": "CHINE",
    "DAT_REF": "202412",
    "PERD": "[M-11]",
    "RA_CODE": 25,
    "COLS_CODE": "C005",
    "ROWS_CODE": "R001",
    "SQL_CODE_SRC": " ",
    "SQL_CODE_FINAL": " ",
    "PERIMETRE": "CALCUL",
    "DATE_TRT": "2024-07-09 11:28:56.107890",
    "VALEUR": 0.6000070495761443,
    "FORMULE": "POIDS",
    "MSG": "GOOD",
    "NIV": 1
}'
2024-07-09 11:28:56 DEBUG uploaded into database line '370/202412' with value '1500.0' '{
    "idLigne": "370/202412",
    "idObjet": 9,
    "TBD": "BARO_MONDE",
    "PAGE": "4",
    "OBJET": "AFRIQUE",
    "DAT_REF": "202412",
    "PERD": "[M-11]",
    "RA_CODE": 22,
    "COLS_CODE": "C002",
    "ROWS_CODE": "R000",
    "SQL_CODE_SRC": " ",
    "SQL_CODE_FINAL": " ",
    "PERIMETRE": "CALCUL",
    "DATE_TRT": "2024-07-09 11:28:56.121446",
    "VALEUR": "1500.0",
    "FORMULE": "MAX",
    "MSG": "GOOD",
    "NIV": 1
}'
2024-07-09 11:28:56 DEBUG uploaded into database line '371/202412' with value '1500.0' '{
    "idLigne": "371/202412",
    "idObjet": 9,
    "TBD": "BARO_MONDE",
    "PAGE": "4",
    "OBJET": "AFRIQUE",
    "DAT_REF": "202412",
    "PERD": "[M-11]",
    "RA_CODE": 23,
    "COLS_CODE": "C002",
    "ROWS_CODE": "R001",
    "SQL_CODE_SRC": " ",
    "SQL_CODE_FINAL": " ",
    "PERIMETRE": "CALCUL",
    "DATE_TRT": "2024-07-09 11:28:56.125433",
    "VALEUR": "1500.0",
    "FORMULE": "MAX",
    "MSG": "GOOD",
    "NIV": 1
}'
2024-07-09 11:28:56 DEBUG uploaded into database line '372/202412' with value '1500.0' '{
    "idLigne": "372/202412",
    "idObjet": 9,
    "TBD": "BARO_MONDE",
    "PAGE": "4",
    "OBJET": "AFRIQUE",
    "DAT_REF": "202412",
    "PERD": "[M-11]",
    "RA_CODE": 23,
    "COLS_CODE": "C002",
    "ROWS_CODE": "R002",
    "SQL_CODE_SRC": " ",
    "SQL_CODE_FINAL": " ",
    "PERIMETRE": "CALCUL",
    "DATE_TRT": "2024-07-09 11:28:56.130068",
    "VALEUR": "1500.0",
    "FORMULE": "MAX",
    "MSG": "GOOD",
    "NIV": 1
}'
2024-07-09 11:28:56 DEBUG uploaded into database line '373/202412' with value '1500.0' '{
    "idLigne": "373/202412",
    "idObjet": 9,
    "TBD": "BARO_MONDE",
    "PAGE": "4",
    "OBJET": "AFRIQUE",
    "DAT_REF": "202412",
    "PERD": "[M-11]",
    "RA_CODE": 23,
    "COLS_CODE": "C002",
    "ROWS_CODE": "R003",
    "SQL_CODE_SRC": " ",
    "SQL_CODE_FINAL": " ",
    "PERIMETRE": "CALCUL",
    "DATE_TRT": "2024-07-09 11:28:56.133098",
    "VALEUR": "1500.0",
    "FORMULE": "MAX",
    "MSG": "GOOD",
    "NIV": 1
}'
2024-07-09 11:28:56 DEBUG uploaded into database line '374/202412' with value '375.0' '{
    "idLigne": "374/202412",
    "idObjet": 9,
    "TBD": "BARO_MONDE",
    "PAGE": "4",
    "OBJET": "AFRIQUE",
    "DAT_REF": "202412",
    "PERD": "[M-11]",
    "RA_CODE": 24,
    "COLS_CODE": "C003",
    "ROWS_CODE": "R000",
    "SQL_CODE_SRC": " ",
    "SQL_CODE_FINAL": " ",
    "PERIMETRE": "CALCUL",
    "DATE_TRT": "2024-07-09 11:28:56.138710",
    "VALEUR": "375.0",
    "FORMULE": "MIN",
    "MSG": "GOOD",
    "NIV": 1
}'
2024-07-09 11:28:56 DEBUG uploaded into database line '375/202412' with value '375.0' '{
    "idLigne": "375/202412",
    "idObjet": 9,
    "TBD": "BARO_MONDE",
    "PAGE": "4",
    "OBJET": "AFRIQUE",
    "DAT_REF": "202412",
    "PERD": "[M-11]",
    "RA_CODE": 24,
    "COLS_CODE": "C003",
    "ROWS_CODE": "R001",
    "SQL_CODE_SRC": " ",
    "SQL_CODE_FINAL": " ",
    "PERIMETRE": "CALCUL",
    "DATE_TRT": "2024-07-09 11:28:56.143487",
    "VALEUR": "375.0",
    "FORMULE": "MIN",
    "MSG": "GOOD",
    "NIV": 1
}'
2024-07-09 11:28:56 DEBUG uploaded into database line '376/202412' with value '375.0' '{
    "idLigne": "376/202412",
    "idObjet": 9,
    "TBD": "BARO_MONDE",
    "PAGE": "4",
    "OBJET": "AFRIQUE",
    "DAT_REF": "202412",
    "PERD": "[M-11]",
    "RA_CODE": 24,
    "COLS_CODE": "C003",
    "ROWS_CODE": "R002",
    "SQL_CODE_SRC": " ",
    "SQL_CODE_FINAL": " ",
    "PERIMETRE": "CALCUL",
    "DATE_TRT": "2024-07-09 11:28:56.146335",
    "VALEUR": "375.0",
    "FORMULE": "MIN",
    "MSG": "GOOD",
    "NIV": 1
}'
2024-07-09 11:28:56 DEBUG uploaded into database line '377/202412' with value '375.0' '{
    "idLigne": "377/202412",
    "idObjet": 9,
    "TBD": "BARO_MONDE",
    "PAGE": "4",
    "OBJET": "AFRIQUE",
    "DAT_REF": "202412",
    "PERD": "[M-11]",
    "RA_CODE": 25,
    "COLS_CODE": "C003",
    "ROWS_CODE": "R003",
    "SQL_CODE_SRC": " ",
    "SQL_CODE_FINAL": " ",
    "PERIMETRE": "CALCUL",
    "DATE_TRT": "2024-07-09 11:28:56.150839",
    "VALEUR": "375.0",
    "FORMULE": "MIN",
    "MSG": "GOOD",
    "NIV": 1
}'
2024-07-09 11:28:56 DEBUG uploaded into database line '378/202412' with value '0.14285714285714285' '{
    "idLigne": "378/202412",
    "idObjet": 9,
    "TBD": "BARO_MONDE",
    "PAGE": "4",
    "OBJET": "AFRIQUE",
    "DAT_REF": "202412",
    "PERD": "[M-11]",
    "RA_CODE": 25,
    "COLS_CODE": "C004",
    "ROWS_CODE": "R000",
    "SQL_CODE_SRC": " ",
    "SQL_CODE_FINAL": " ",
    "PERIMETRE": "CALCUL",
    "DATE_TRT": "2024-07-09 11:28:56.155433",
    "VALEUR": 0.14285714285714285,
    "FORMULE": "POIDS",
    "MSG": "GOOD",
    "NIV": 1
}'
2024-07-09 11:28:56 DEBUG uploaded into database line '379/202412' with value '0.2857142857142857' '{
    "idLigne": "379/202412",
    "idObjet": 9,
    "TBD": "BARO_MONDE",
    "PAGE": "4",
    "OBJET": "AFRIQUE",
    "DAT_REF": "202412",
    "PERD": "[M-11]",
    "RA_CODE": 25,
    "COLS_CODE": "C004",
    "ROWS_CODE": "R001",
    "SQL_CODE_SRC": " ",
    "SQL_CODE_FINAL": " ",
    "PERIMETRE": "CALCUL",
    "DATE_TRT": "2024-07-09 11:28:56.159064",
    "VALEUR": 0.2857142857142857,
    "FORMULE": "POIDS",
    "MSG": "GOOD",
    "NIV": 1
}'
2024-07-09 11:28:56 DEBUG uploaded into database line '380/202412' with value '0.5714285714285714' '{
    "idLigne": "380/202412",
    "idObjet": 9,
    "TBD": "BARO_MONDE",
    "PAGE": "4",
    "OBJET": "AFRIQUE",
    "DAT_REF": "202412",
    "PERD": "[M-11]",
    "RA_CODE": 20,
    "COLS_CODE": "C004",
    "ROWS_CODE": "R002",
    "SQL_CODE_SRC": " ",
    "SQL_CODE_FINAL": " ",
    "PERIMETRE": "CALCUL",
    "DATE_TRT": "2024-07-09 11:28:56.164294",
    "VALEUR": 0.5714285714285714,
    "FORMULE": "POIDS",
    "MSG": "GOOD",
    "NIV": 1
}'
2024-07-09 11:28:56 DEBUG uploaded into database line '382/202412' with value '14.285714285714285' '{
    "idLigne": "382/202412",
    "idObjet": 9,
    "TBD": "BARO_MONDE",
    "PAGE": "4",
    "OBJET": "AFRIQUE",
    "DAT_REF": "202412",
    "PERD": "[M-11]",
    "RA_CODE": 20,
    "COLS_CODE": "C005",
    "ROWS_CODE": "R000",
    "SQL_CODE_SRC": " ",
    "SQL_CODE_FINAL": " ",
    "PERIMETRE": "CALCUL",
    "DATE_TRT": "2024-07-09 11:28:56.170900",
    "VALEUR": 14.285714285714285,
    "FORMULE": "",
    "MSG": "GOOD",
    "NIV": 1
}'
2024-07-09 11:28:56 DEBUG uploaded into database line '383/202412' with value '28.57142857142857' '{
    "idLigne": "383/202412",
    "idObjet": 9,
    "TBD": "BARO_MONDE",
    "PAGE": "4",
    "OBJET": "AFRIQUE",
    "DAT_REF": "202412",
    "PERD": "[M-11]",
    "RA_CODE": 21,
    "COLS_CODE": "C005",
    "ROWS_CODE": "R001",
    "SQL_CODE_SRC": " ",
    "SQL_CODE_FINAL": " ",
    "PERIMETRE": "CALCUL",
    "DATE_TRT": "2024-07-09 11:28:56.174645",
    "VALEUR": 28.57142857142857,
    "FORMULE": "",
    "MSG": "GOOD",
    "NIV": 1
}'
2024-07-09 11:28:56 DEBUG uploaded into database line '384/202412' with value '57.14285714285714' '{
    "idLigne": "384/202412",
    "idObjet": 9,
    "TBD": "BARO_MONDE",
    "PAGE": "4",
    "OBJET": "AFRIQUE",
    "DAT_REF": "202412",
    "PERD": "[M-11]",
    "RA_CODE": 21,
    "COLS_CODE": "C005",
    "ROWS_CODE": "R002",
    "SQL_CODE_SRC": " ",
    "SQL_CODE_FINAL": " ",
    "PERIMETRE": "CALCUL",
    "DATE_TRT": "2024-07-09 11:28:56.179121",
    "VALEUR": 57.14285714285714,
    "FORMULE": "",
    "MSG": "GOOD",
    "NIV": 1
}'
2024-07-09 11:28:56 ERROR Can not calculate value for line with id '385/202412''NoneType' object is not subscriptable
2024-07-09 11:28:56 DEBUG uploaded into database line '394/202412' with value '15000.0' '{
    "idLigne": "394/202412",
    "idObjet": 10,
    "TBD": "BARO_MONDE",
    "PAGE": "4",
    "OBJET": "EUROPE",
    "DAT_REF": "202412",
    "PERD": "[M-11]",
    "RA_CODE": 24,
    "COLS_CODE": "C002",
    "ROWS_CODE": "R000",
    "SQL_CODE_SRC": " ",
    "SQL_CODE_FINAL": " ",
    "PERIMETRE": "CALCUL",
    "DATE_TRT": "2024-07-09 11:28:56.185218",
    "VALEUR": "15000.0",
    "FORMULE": "MAX",
    "MSG": "GOOD",
    "NIV": 1
}'
2024-07-09 11:28:56 DEBUG uploaded into database line '395/202412' with value '15000.0' '{
    "idLigne": "395/202412",
    "idObjet": 10,
    "TBD": "BARO_MONDE",
    "PAGE": "4",
    "OBJET": "EUROPE",
    "DAT_REF": "202412",
    "PERD": "[M-11]",
    "RA_CODE": 25,
    "COLS_CODE": "C002",
    "ROWS_CODE": "R001",
    "SQL_CODE_SRC": " ",
    "SQL_CODE_FINAL": " ",
    "PERIMETRE": "CALCUL",
    "DATE_TRT": "2024-07-09 11:28:56.190244",
    "VALEUR": "15000.0",
    "FORMULE": "MAX",
    "MSG": "GOOD",
    "NIV": 1
}'
2024-07-09 11:28:56 DEBUG uploaded into database line '396/202412' with value '15000.0' '{
    "idLigne": "396/202412",
    "idObjet": 10,
    "TBD": "BARO_MONDE",
    "PAGE": "4",
    "OBJET": "EUROPE",
    "DAT_REF": "202412",
    "PERD": "[M-11]",
    "RA_CODE": 25,
    "COLS_CODE": "C002",
    "ROWS_CODE": "R002",
    "SQL_CODE_SRC": " ",
    "SQL_CODE_FINAL": " ",
    "PERIMETRE": "CALCUL",
    "DATE_TRT": "2024-07-09 11:28:56.194403",
    "VALEUR": "15000.0",
    "FORMULE": "MAX",
    "MSG": "GOOD",
    "NIV": 1
}'
2024-07-09 11:28:56 DEBUG uploaded into database line '397/202412' with value '15000.0' '{
    "idLigne": "397/202412",
    "idObjet": 10,
    "TBD": "BARO_MONDE",
    "PAGE": "4",
    "OBJET": "EUROPE",
    "DAT_REF": "202412",
    "PERD": "[M-11]",
    "RA_CODE": 25,
    "COLS_CODE": "C002",
    "ROWS_CODE": "R003",
    "SQL_CODE_SRC": " ",
    "SQL_CODE_FINAL": " ",
    "PERIMETRE": "CALCUL",
    "DATE_TRT": "2024-07-09 11:28:56.199157",
    "VALEUR": "15000.0",
    "FORMULE": "MAX",
    "MSG": "GOOD",
    "NIV": 1
}'
2024-07-09 11:28:56 DEBUG uploaded into database line '398/202412' with value '3750.0' '{
    "idLigne": "398/202412",
    "idObjet": 10,
    "TBD": "BARO_MONDE",
    "PAGE": "4",
    "OBJET": "EUROPE",
    "DAT_REF": "202412",
    "PERD": "[M-11]",
    "RA_CODE": 20,
    "COLS_CODE": "C003",
    "ROWS_CODE": "R000",
    "SQL_CODE_SRC": " ",
    "SQL_CODE_FINAL": " ",
    "PERIMETRE": "CALCUL",
    "DATE_TRT": "2024-07-09 11:28:56.202745",
    "VALEUR": "3750.0",
    "FORMULE": "MIN",
    "MSG": "GOOD",
    "NIV": 1
}'
2024-07-09 11:28:56 DEBUG uploaded into database line '399/202412' with value '3750.0' '{
    "idLigne": "399/202412",
    "idObjet": 10,
    "TBD": "BARO_MONDE",
    "PAGE": "4",
    "OBJET": "EUROPE",
    "DAT_REF": "202412",
    "PERD": "[M-11]",
    "RA_CODE": 20,
    "COLS_CODE": "C003",
    "ROWS_CODE": "R001",
    "SQL_CODE_SRC": " ",
    "SQL_CODE_FINAL": " ",
    "PERIMETRE": "CALCUL",
    "DATE_TRT": "2024-07-09 11:28:56.208011",
    "VALEUR": "3750.0",
    "FORMULE": "MIN",
    "MSG": "GOOD",
    "NIV": 1
}'
2024-07-09 11:28:56 DEBUG uploaded into database line '400/202412' with value '3750.0' '{
    "idLigne": "400/202412",
    "idObjet": 10,
    "TBD": "BARO_MONDE",
    "PAGE": "4",
    "OBJET": "EUROPE",
    "DAT_REF": "202412",
    "PERD": "[M-11]",
    "RA_CODE": 20,
    "COLS_CODE": "C003",
    "ROWS_CODE": "R002",
    "SQL_CODE_SRC": " ",
    "SQL_CODE_FINAL": " ",
    "PERIMETRE": "CALCUL",
    "DATE_TRT": "2024-07-09 11:28:56.211631",
    "VALEUR": "3750.0",
    "FORMULE": "MIN",
    "MSG": "GOOD",
    "NIV": 1
}'
2024-07-09 11:28:56 DEBUG uploaded into database line '401/202412' with value '3750.0' '{
    "idLigne": "401/202412",
    "idObjet": 10,
    "TBD": "BARO_MONDE",
    "PAGE": "4",
    "OBJET": "EUROPE",
    "DAT_REF": "202412",
    "PERD": "[M-11]",
    "RA_CODE": 21,
    "COLS_CODE": "C003",
    "ROWS_CODE": "R003",
    "SQL_CODE_SRC": " ",
    "SQL_CODE_FINAL": " ",
    "PERIMETRE": "CALCUL",
    "DATE_TRT": "2024-07-09 11:28:56.215203",
    "VALEUR": "3750.0",
    "FORMULE": "MIN",
    "MSG": "GOOD",
    "NIV": 1
}'
2024-07-09 11:28:56 DEBUG uploaded into database line '402/202412' with value '0.14285714285714285' '{
    "idLigne": "402/202412",
    "idObjet": 10,
    "TBD": "BARO_MONDE",
    "PAGE": "4",
    "OBJET": "EUROPE",
    "DAT_REF": "202412",
    "PERD": "[M-11]",
    "RA_CODE": 21,
    "COLS_CODE": "C004",
    "ROWS_CODE": "R000",
    "SQL_CODE_SRC": " ",
    "SQL_CODE_FINAL": " ",
    "PERIMETRE": "CALCUL",
    "DATE_TRT": "2024-07-09 11:28:56.219970",
    "VALEUR": 0.14285714285714285,
    "FORMULE": "POIDS",
    "MSG": "GOOD",
    "NIV": 1
}'
2024-07-09 11:28:56 DEBUG uploaded into database line '403/202412' with value '0.2857142857142857' '{
    "idLigne": "403/202412",
    "idObjet": 10,
    "TBD": "BARO_MONDE",
    "PAGE": "4",
    "OBJET": "EUROPE",
    "DAT_REF": "202412",
    "PERD": "[M-11]",
    "RA_CODE": 21,
    "COLS_CODE": "C004",
    "ROWS_CODE": "R001",
    "SQL_CODE_SRC": " ",
    "SQL_CODE_FINAL": " ",
    "PERIMETRE": "CALCUL",
    "DATE_TRT": "2024-07-09 11:28:56.224295",
    "VALEUR": 0.2857142857142857,
    "FORMULE": "POIDS",
    "MSG": "GOOD",
    "NIV": 1
}'
2024-07-09 11:28:56 DEBUG uploaded into database line '404/202412' with value '0.5714285714285714' '{
    "idLigne": "404/202412",
    "idObjet": 10,
    "TBD": "BARO_MONDE",
    "PAGE": "4",
    "OBJET": "EUROPE",
    "DAT_REF": "202412",
    "PERD": "[M-11]",
    "RA_CODE": 22,
    "COLS_CODE": "C004",
    "ROWS_CODE": "R002",
    "SQL_CODE_SRC": " ",
    "SQL_CODE_FINAL": " ",
    "PERIMETRE": "CALCUL",
    "DATE_TRT": "2024-07-09 11:28:56.229557",
    "VALEUR": 0.5714285714285714,
    "FORMULE": "POIDS",
    "MSG": "GOOD",
    "NIV": 1
}'
2024-07-09 11:28:56 DEBUG uploaded into database line '406/202412' with value '14.285714285714285' '{
    "idLigne": "406/202412",
    "idObjet": 10,
    "TBD": "BARO_MONDE",
    "PAGE": "4",
    "OBJET": "EUROPE",
    "DAT_REF": "202412",
    "PERD": "[M-11]",
    "RA_CODE": 22,
    "COLS_CODE": "C005",
    "ROWS_CODE": "R000",
    "SQL_CODE_SRC": " ",
    "SQL_CODE_FINAL": " ",
    "PERIMETRE": "CALCUL",
    "DATE_TRT": "2024-07-09 11:28:56.237148",
    "VALEUR": 14.285714285714285,
    "FORMULE": "",
    "MSG": "GOOD",
    "NIV": 1
}'
2024-07-09 11:28:56 DEBUG uploaded into database line '407/202412' with value '28.57142857142857' '{
    "idLigne": "407/202412",
    "idObjet": 10,
    "TBD": "BARO_MONDE",
    "PAGE": "4",
    "OBJET": "EUROPE",
    "DAT_REF": "202412",
    "PERD": "[M-11]",
    "RA_CODE": 23,
    "COLS_CODE": "C005",
    "ROWS_CODE": "R001",
    "SQL_CODE_SRC": " ",
    "SQL_CODE_FINAL": " ",
    "PERIMETRE": "CALCUL",
    "DATE_TRT": "2024-07-09 11:28:56.241340",
    "VALEUR": 28.57142857142857,
    "FORMULE": "",
    "MSG": "GOOD",
    "NIV": 1
}'
2024-07-09 11:28:56 DEBUG uploaded into database line '408/202412' with value '57.14285714285714' '{
    "idLigne": "408/202412",
    "idObjet": 10,
    "TBD": "BARO_MONDE",
    "PAGE": "4",
    "OBJET": "EUROPE",
    "DAT_REF": "202412",
    "PERD": "[M-11]",
    "RA_CODE": 23,
    "COLS_CODE": "C005",
    "ROWS_CODE": "R002",
    "SQL_CODE_SRC": " ",
    "SQL_CODE_FINAL": " ",
    "PERIMETRE": "CALCUL",
    "DATE_TRT": "2024-07-09 11:28:56.245129",
    "VALEUR": 57.14285714285714,
    "FORMULE": "",
    "MSG": "GOOD",
    "NIV": 1
}'
2024-07-09 11:28:56 ERROR Can not calculate value for line with id '409/202412''NoneType' object is not subscriptable
2024-07-09 11:28:56 DEBUG uploaded into database line '418/202412' with value '170223.0' '{
    "idLigne": "418/202412",
    "idObjet": 11,
    "TBD": "BARO_MONDE",
    "PAGE": "4",
    "OBJET": "ASIE",
    "DAT_REF": "202412",
    "PERD": "[M-11]",
    "RA_CODE": 20,
    "COLS_CODE": "C002",
    "ROWS_CODE": "R000",
    "SQL_CODE_SRC": " ",
    "SQL_CODE_FINAL": " ",
    "PERIMETRE": "CALCUL",
    "DATE_TRT": "2024-07-09 11:28:56.250286",
    "VALEUR": "170223.0",
    "FORMULE": "MAX",
    "MSG": "GOOD",
    "NIV": 1
}'
2024-07-09 11:28:56 DEBUG uploaded into database line '419/202412' with value '170223.0' '{
    "idLigne": "419/202412",
    "idObjet": 11,
    "TBD": "BARO_MONDE",
    "PAGE": "4",
    "OBJET": "ASIE",
    "DAT_REF": "202412",
    "PERD": "[M-11]",
    "RA_CODE": 21,
    "COLS_CODE": "C002",
    "ROWS_CODE": "R001",
    "SQL_CODE_SRC": " ",
    "SQL_CODE_FINAL": " ",
    "PERIMETRE": "CALCUL",
    "DATE_TRT": "2024-07-09 11:28:56.255993",
    "VALEUR": "170223.0",
    "FORMULE": "MAX",
    "MSG": "GOOD",
    "NIV": 1
}'
2024-07-09 11:28:56 DEBUG uploaded into database line '420/202412' with value '170223.0' '{
    "idLigne": "420/202412",
    "idObjet": 11,
    "TBD": "BARO_MONDE",
    "PAGE": "4",
    "OBJET": "ASIE",
    "DAT_REF": "202412",
    "PERD": "[M-11]",
    "RA_CODE": 21,
    "COLS_CODE": "C002",
    "ROWS_CODE": "R002",
    "SQL_CODE_SRC": " ",
    "SQL_CODE_FINAL": " ",
    "PERIMETRE": "CALCUL",
    "DATE_TRT": "2024-07-09 11:28:56.260346",
    "VALEUR": "170223.0",
    "FORMULE": "MAX",
    "MSG": "GOOD",
    "NIV": 1
}'
2024-07-09 11:28:56 DEBUG uploaded into database line '421/202412' with value '170223.0' '{
    "idLigne": "421/202412",
    "idObjet": 11,
    "TBD": "BARO_MONDE",
    "PAGE": "4",
    "OBJET": "ASIE",
    "DAT_REF": "202412",
    "PERD": "[M-11]",
    "RA_CODE": 21,
    "COLS_CODE": "C002",
    "ROWS_CODE": "R003",
    "SQL_CODE_SRC": " ",
    "SQL_CODE_FINAL": " ",
    "PERIMETRE": "CALCUL",
    "DATE_TRT": "2024-07-09 11:28:56.265288",
    "VALEUR": "170223.0",
    "FORMULE": "MAX",
    "MSG": "GOOD",
    "NIV": 1
}'
2024-07-09 11:28:56 DEBUG uploaded into database line '422/202412' with value '33675.0' '{
    "idLigne": "422/202412",
    "idObjet": 11,
    "TBD": "BARO_MONDE",
    "PAGE": "4",
    "OBJET": "ASIE",
    "DAT_REF": "202412",
    "PERD": "[M-11]",
    "RA_CODE": 22,
    "COLS_CODE": "C003",
    "ROWS_CODE": "R000",
    "SQL_CODE_SRC": " ",
    "SQL_CODE_FINAL": " ",
    "PERIMETRE": "CALCUL",
    "DATE_TRT": "2024-07-09 11:28:56.269288",
    "VALEUR": "33675.0",
    "FORMULE": "MIN",
    "MSG": "GOOD",
    "NIV": 1
}'
2024-07-09 11:28:56 DEBUG uploaded into database line '423/202412' with value '33675.0' '{
    "idLigne": "423/202412",
    "idObjet": 11,
    "TBD": "BARO_MONDE",
    "PAGE": "4",
    "OBJET": "ASIE",
    "DAT_REF": "202412",
    "PERD": "[M-11]",
    "RA_CODE": 22,
    "COLS_CODE": "C003",
    "ROWS_CODE": "R001",
    "SQL_CODE_SRC": " ",
    "SQL_CODE_FINAL": " ",
    "PERIMETRE": "CALCUL",
    "DATE_TRT": "2024-07-09 11:28:56.273910",
    "VALEUR": "33675.0",
    "FORMULE": "MIN",
    "MSG": "GOOD",
    "NIV": 1
}'
2024-07-09 11:28:56 DEBUG uploaded into database line '424/202412' with value '33675.0' '{
    "idLigne": "424/202412",
    "idObjet": 11,
    "TBD": "BARO_MONDE",
    "PAGE": "4",
    "OBJET": "ASIE",
    "DAT_REF": "202412",
    "PERD": "[M-11]",
    "RA_CODE": 22,
    "COLS_CODE": "C003",
    "ROWS_CODE": "R002",
    "SQL_CODE_SRC": " ",
    "SQL_CODE_FINAL": " ",
    "PERIMETRE": "CALCUL",
    "DATE_TRT": "2024-07-09 11:28:56.278081",
    "VALEUR": "33675.0",
    "FORMULE": "MIN",
    "MSG": "GOOD",
    "NIV": 1
}'
2024-07-09 11:28:56 DEBUG uploaded into database line '425/202412' with value '33675.0' '{
    "idLigne": "425/202412",
    "idObjet": 11,
    "TBD": "BARO_MONDE",
    "PAGE": "4",
    "OBJET": "ASIE",
    "DAT_REF": "202412",
    "PERD": "[M-11]",
    "RA_CODE": 23,
    "COLS_CODE": "C003",
    "ROWS_CODE": "R003",
    "SQL_CODE_SRC": " ",
    "SQL_CODE_FINAL": " ",
    "PERIMETRE": "CALCUL",
    "DATE_TRT": "2024-07-09 11:28:56.282440",
    "VALEUR": "33675.0",
    "FORMULE": "MIN",
    "MSG": "GOOD",
    "NIV": 1
}'
2024-07-09 11:28:56 DEBUG uploaded into database line '426/202412' with value '0.12046059409340659' '{
    "idLigne": "426/202412",
    "idObjet": 11,
    "TBD": "BARO_MONDE",
    "PAGE": "4",
    "OBJET": "ASIE",
    "DAT_REF": "202412",
    "PERD": "[M-11]",
    "RA_CODE": 23,
    "COLS_CODE": "C004",
    "ROWS_CODE": "R000",
    "SQL_CODE_SRC": " ",
    "SQL_CODE_FINAL": " ",
    "PERIMETRE": "CALCUL",
    "DATE_TRT": "2024-07-09 11:28:56.286437",
    "VALEUR": 0.12046059409340659,
    "FORMULE": "POIDS",
    "MSG": "GOOD",
    "NIV": 1
}'
2024-07-09 11:28:56 DEBUG uploaded into database line '427/202412' with value '0.2706258585164835' '{
    "idLigne": "427/202412",
    "idObjet": 11,
    "TBD": "BARO_MONDE",
    "PAGE": "4",
    "OBJET": "ASIE",
    "DAT_REF": "202412",
    "PERD": "[M-11]",
    "RA_CODE": 23,
    "COLS_CODE": "C004",
    "ROWS_CODE": "R001",
    "SQL_CODE_SRC": " ",
    "SQL_CODE_FINAL": " ",
    "PERIMETRE": "CALCUL",
    "DATE_TRT": "2024-07-09 11:28:56.292683",
    "VALEUR": 0.2706258585164835,
    "FORMULE": "POIDS",
    "MSG": "GOOD",
    "NIV": 1
}'
2024-07-09 11:28:56 DEBUG uploaded into database line '428/202412' with value '0.6089135473901099' '{
    "idLigne": "428/202412",
    "idObjet": 11,
    "TBD": "BARO_MONDE",
    "PAGE": "4",
    "OBJET": "ASIE",
    "DAT_REF": "202412",
    "PERD": "[M-11]",
    "RA_CODE": 24,
    "COLS_CODE": "C004",
    "ROWS_CODE": "R002",
    "SQL_CODE_SRC": " ",
    "SQL_CODE_FINAL": " ",
    "PERIMETRE": "CALCUL",
    "DATE_TRT": "2024-07-09 11:28:56.297809",
    "VALEUR": 0.6089135473901099,
    "FORMULE": "POIDS",
    "MSG": "GOOD",
    "NIV": 1
}'
2024-07-09 11:28:56 DEBUG uploaded into database line '430/202412' with value '12.046059409340659' '{
    "idLigne": "430/202412",
    "idObjet": 11,
    "TBD": "BARO_MONDE",
    "PAGE": "4",
    "OBJET": "ASIE",
    "DAT_REF": "202412",
    "PERD": "[M-11]",
    "RA_CODE": 24,
    "COLS_CODE": "C005",
    "ROWS_CODE": "R000",
    "SQL_CODE_SRC": " ",
    "SQL_CODE_FINAL": " ",
    "PERIMETRE": "CALCUL",
    "DATE_TRT": "2024-07-09 11:28:56.304766",
    "VALEUR": 12.046059409340659,
    "FORMULE": "",
    "MSG": "GOOD",
    "NIV": 1
}'
2024-07-09 11:28:56 DEBUG uploaded into database line '431/202412' with value '27.06258585164835' '{
    "idLigne": "431/202412",
    "idObjet": 11,
    "TBD": "BARO_MONDE",
    "PAGE": "4",
    "OBJET": "ASIE",
    "DAT_REF": "202412",
    "PERD": "[M-11]",
    "RA_CODE": 25,
    "COLS_CODE": "C005",
    "ROWS_CODE": "R001",
    "SQL_CODE_SRC": " ",
    "SQL_CODE_FINAL": " ",
    "PERIMETRE": "CALCUL",
    "DATE_TRT": "2024-07-09 11:28:56.307057",
    "VALEUR": 27.06258585164835,
    "FORMULE": "",
    "MSG": "GOOD",
    "NIV": 1
}'
2024-07-09 11:28:56 DEBUG uploaded into database line '432/202412' with value '60.89135473901099' '{
    "idLigne": "432/202412",
    "idObjet": 11,
    "TBD": "BARO_MONDE",
    "PAGE": "4",
    "OBJET": "ASIE",
    "DAT_REF": "202412",
    "PERD": "[M-11]",
    "RA_CODE": 25,
    "COLS_CODE": "C005",
    "ROWS_CODE": "R002",
    "SQL_CODE_SRC": " ",
    "SQL_CODE_FINAL": " ",
    "PERIMETRE": "CALCUL",
    "DATE_TRT": "2024-07-09 11:28:56.313297",
    "VALEUR": 60.89135473901099,
    "FORMULE": "",
    "MSG": "GOOD",
    "NIV": 1
}'
2024-07-09 11:28:56 ERROR Can not calculate value for line with id '433/202412''NoneType' object is not subscriptable
2024-07-09 11:28:56 DEBUG uploaded into database line '442/202412' with value '1500.0' '{
    "idLigne": "442/202412",
    "idObjet": 12,
    "TBD": "BARO_MONDE",
    "PAGE": "5",
    "OBJET": "GLOBAL",
    "DAT_REF": "202412",
    "PERD": "[M-11]",
    "RA_CODE": 22,
    "COLS_CODE": "C002",
    "ROWS_CODE": "R000",
    "SQL_CODE_SRC": " ",
    "SQL_CODE_FINAL": " ",
    "PERIMETRE": "CALCUL",
    "DATE_TRT": "2024-07-09 11:28:56.318456",
    "VALEUR": "1500.0",
    "FORMULE": "MAX",
    "MSG": "GOOD",
    "NIV": 1
}'
2024-07-09 11:28:56 DEBUG uploaded into database line '443/202412' with value '1500.0' '{
    "idLigne": "443/202412",
    "idObjet": 12,
    "TBD": "BARO_MONDE",
    "PAGE": "5",
    "OBJET": "GLOBAL",
    "DAT_REF": "202412",
    "PERD": "[M-11]",
    "RA_CODE": 23,
    "COLS_CODE": "C002",
    "ROWS_CODE": "R001",
    "SQL_CODE_SRC": " ",
    "SQL_CODE_FINAL": " ",
    "PERIMETRE": "CALCUL",
    "DATE_TRT": "2024-07-09 11:28:56.322387",
    "VALEUR": "1500.0",
    "FORMULE": "MAX",
    "MSG": "GOOD",
    "NIV": 1
}'
2024-07-09 11:28:56 DEBUG uploaded into database line '444/202412' with value '1500.0' '{
    "idLigne": "444/202412",
    "idObjet": 12,
    "TBD": "BARO_MONDE",
    "PAGE": "5",
    "OBJET": "GLOBAL",
    "DAT_REF": "202412",
    "PERD": "[M-11]",
    "RA_CODE": 23,
    "COLS_CODE": "C002",
    "ROWS_CODE": "R002",
    "SQL_CODE_SRC": " ",
    "SQL_CODE_FINAL": " ",
    "PERIMETRE": "CALCUL",
    "DATE_TRT": "2024-07-09 11:28:56.326380",
    "VALEUR": "1500.0",
    "FORMULE": "MAX",
    "MSG": "GOOD",
    "NIV": 1
}'
2024-07-09 11:28:56 DEBUG uploaded into database line '445/202412' with value '1500.0' '{
    "idLigne": "445/202412",
    "idObjet": 12,
    "TBD": "BARO_MONDE",
    "PAGE": "5",
    "OBJET": "GLOBAL",
    "DAT_REF": "202412",
    "PERD": "[M-11]",
    "RA_CODE": 23,
    "COLS_CODE": "C002",
    "ROWS_CODE": "R003",
    "SQL_CODE_SRC": " ",
    "SQL_CODE_FINAL": " ",
    "PERIMETRE": "CALCUL",
    "DATE_TRT": "2024-07-09 11:28:56.331106",
    "VALEUR": "1500.0",
    "FORMULE": "MAX",
    "MSG": "GOOD",
    "NIV": 1
}'
2024-07-09 11:28:56 DEBUG uploaded into database line '446/202412' with value '375.0' '{
    "idLigne": "446/202412",
    "idObjet": 12,
    "TBD": "BARO_MONDE",
    "PAGE": "5",
    "OBJET": "GLOBAL",
    "DAT_REF": "202412",
    "PERD": "[M-11]",
    "RA_CODE": 24,
    "COLS_CODE": "C003",
    "ROWS_CODE": "R000",
    "SQL_CODE_SRC": " ",
    "SQL_CODE_FINAL": " ",
    "PERIMETRE": "CALCUL",
    "DATE_TRT": "2024-07-09 11:28:56.335579",
    "VALEUR": "375.0",
    "FORMULE": "MIN",
    "MSG": "GOOD",
    "NIV": 1
}'
2024-07-09 11:28:56 DEBUG uploaded into database line '447/202412' with value '375.0' '{
    "idLigne": "447/202412",
    "idObjet": 12,
    "TBD": "BARO_MONDE",
    "PAGE": "5",
    "OBJET": "GLOBAL",
    "DAT_REF": "202412",
    "PERD": "[M-11]",
    "RA_CODE": 24,
    "COLS_CODE": "C003",
    "ROWS_CODE": "R001",
    "SQL_CODE_SRC": " ",
    "SQL_CODE_FINAL": " ",
    "PERIMETRE": "CALCUL",
    "DATE_TRT": "2024-07-09 11:28:56.341716",
    "VALEUR": "375.0",
    "FORMULE": "MIN",
    "MSG": "GOOD",
    "NIV": 1
}'
2024-07-09 11:28:56 DEBUG uploaded into database line '448/202412' with value '375.0' '{
    "idLigne": "448/202412",
    "idObjet": 12,
    "TBD": "BARO_MONDE",
    "PAGE": "5",
    "OBJET": "GLOBAL",
    "DAT_REF": "202412",
    "PERD": "[M-11]",
    "RA_CODE": 24,
    "COLS_CODE": "C003",
    "ROWS_CODE": "R002",
    "SQL_CODE_SRC": " ",
    "SQL_CODE_FINAL": " ",
    "PERIMETRE": "CALCUL",
    "DATE_TRT": "2024-07-09 11:28:56.344996",
    "VALEUR": "375.0",
    "FORMULE": "MIN",
    "MSG": "GOOD",
    "NIV": 1
}'
2024-07-09 11:28:56 DEBUG uploaded into database line '449/202412' with value '375.0' '{
    "idLigne": "449/202412",
    "idObjet": 12,
    "TBD": "BARO_MONDE",
    "PAGE": "5",
    "OBJET": "GLOBAL",
    "DAT_REF": "202412",
    "PERD": "[M-11]",
    "RA_CODE": 25,
    "COLS_CODE": "C003",
    "ROWS_CODE": "R003",
    "SQL_CODE_SRC": " ",
    "SQL_CODE_FINAL": " ",
    "PERIMETRE": "CALCUL",
    "DATE_TRT": "2024-07-09 11:28:56.350277",
    "VALEUR": "375.0",
    "FORMULE": "MIN",
    "MSG": "GOOD",
    "NIV": 1
}'
2024-07-09 11:28:56 DEBUG uploaded into database line '450/202412' with value '0.14285714285714285' '{
    "idLigne": "450/202412",
    "idObjet": 12,
    "TBD": "BARO_MONDE",
    "PAGE": "5",
    "OBJET": "GLOBAL",
    "DAT_REF": "202412",
    "PERD": "[M-11]",
    "RA_CODE": 25,
    "COLS_CODE": "C004",
    "ROWS_CODE": "R000",
    "SQL_CODE_SRC": " ",
    "SQL_CODE_FINAL": " ",
    "PERIMETRE": "CALCUL",
    "DATE_TRT": "2024-07-09 11:28:56.354795",
    "VALEUR": 0.14285714285714285,
    "FORMULE": "POIDS",
    "MSG": "GOOD",
    "NIV": 1
}'
2024-07-09 11:28:56 DEBUG uploaded into database line '451/202412' with value '0.2857142857142857' '{
    "idLigne": "451/202412",
    "idObjet": 12,
    "TBD": "BARO_MONDE",
    "PAGE": "5",
    "OBJET": "GLOBAL",
    "DAT_REF": "202412",
    "PERD": "[M-11]",
    "RA_CODE": 25,
    "COLS_CODE": "C004",
    "ROWS_CODE": "R001",
    "SQL_CODE_SRC": " ",
    "SQL_CODE_FINAL": " ",
    "PERIMETRE": "CALCUL",
    "DATE_TRT": "2024-07-09 11:28:56.358866",
    "VALEUR": 0.2857142857142857,
    "FORMULE": "POIDS",
    "MSG": "GOOD",
    "NIV": 1
}'
2024-07-09 11:28:56 DEBUG uploaded into database line '452/202412' with value '0.5714285714285714' '{
    "idLigne": "452/202412",
    "idObjet": 12,
    "TBD": "BARO_MONDE",
    "PAGE": "5",
    "OBJET": "GLOBAL",
    "DAT_REF": "202412",
    "PERD": "[M-11]",
    "RA_CODE": 20,
    "COLS_CODE": "C004",
    "ROWS_CODE": "R002",
    "SQL_CODE_SRC": " ",
    "SQL_CODE_FINAL": " ",
    "PERIMETRE": "CALCUL",
    "DATE_TRT": "2024-07-09 11:28:56.364052",
    "VALEUR": 0.5714285714285714,
    "FORMULE": "POIDS",
    "MSG": "GOOD",
    "NIV": 1
}'
2024-07-09 11:28:56 DEBUG uploaded into database line '454/202412' with value '14.285714285714285' '{
    "idLigne": "454/202412",
    "idObjet": 12,
    "TBD": "BARO_MONDE",
    "PAGE": "5",
    "OBJET": "GLOBAL",
    "DAT_REF": "202412",
    "PERD": "[M-11]",
    "RA_CODE": 20,
    "COLS_CODE": "C005",
    "ROWS_CODE": "R000",
    "SQL_CODE_SRC": " ",
    "SQL_CODE_FINAL": " ",
    "PERIMETRE": "CALCUL",
    "DATE_TRT": "2024-07-09 11:28:56.370559",
    "VALEUR": 14.285714285714285,
    "FORMULE": "",
    "MSG": "GOOD",
    "NIV": 1
}'
2024-07-09 11:28:56 DEBUG uploaded into database line '455/202412' with value '28.57142857142857' '{
    "idLigne": "455/202412",
    "idObjet": 12,
    "TBD": "BARO_MONDE",
    "PAGE": "5",
    "OBJET": "GLOBAL",
    "DAT_REF": "202412",
    "PERD": "[M-11]",
    "RA_CODE": 21,
    "COLS_CODE": "C005",
    "ROWS_CODE": "R001",
    "SQL_CODE_SRC": " ",
    "SQL_CODE_FINAL": " ",
    "PERIMETRE": "CALCUL",
    "DATE_TRT": "2024-07-09 11:28:56.374784",
    "VALEUR": 28.57142857142857,
    "FORMULE": "",
    "MSG": "GOOD",
    "NIV": 1
}'
2024-07-09 11:28:56 DEBUG uploaded into database line '456/202412' with value '57.14285714285714' '{
    "idLigne": "456/202412",
    "idObjet": 12,
    "TBD": "BARO_MONDE",
    "PAGE": "5",
    "OBJET": "GLOBAL",
    "DAT_REF": "202412",
    "PERD": "[M-11]",
    "RA_CODE": 20,
    "COLS_CODE": "C005",
    "ROWS_CODE": "R002",
    "SQL_CODE_SRC": " ",
    "SQL_CODE_FINAL": " ",
    "PERIMETRE": "CALCUL",
    "DATE_TRT": "2024-07-09 11:28:56.379691",
    "VALEUR": 57.14285714285714,
    "FORMULE": "",
    "MSG": "GOOD",
    "NIV": 1
}'
2024-07-09 11:28:56 ERROR Can not calculate value for line with id '457/202412''NoneType' object is not subscriptable
