2024-06-18 15:07:07 DEBUG populating 'AGADIR' schema's refsql  with dateref '202405'
2024-06-18 15:07:07 DEBUG Building SSL context
2024-06-18 15:07:07 DEBUG Switching to SSL
2024-06-18 15:07:07 DEBUG SSL has been enabled
2024-06-18 15:07:07 DEBUG Starting authorization phase
2024-06-18 15:07:07 DEBUG The provided initial strategy is caching_sha2_password
2024-06-18 15:07:07 INFO package: mysql.connector.plugins
2024-06-18 15:07:07 INFO plugin_name: caching_sha2_password
2024-06-18 15:07:07 INFO AUTHENTICATION_PLUGIN_CLASS: MySQLCachingSHA2PasswordAuthPlugin
2024-06-18 15:07:07 DEBUG Exchanging further packets
2024-06-18 15:07:07 DEBUG caching_sha2_password completed succesfully
2024-06-18 15:07:07 DEBUG uploaded into database'{
    "idLigne": 202,
    "idObjet": 0,
    "TBD": "BARO_BDD_CE_TEST_MODIF",
    "PAGE": "Page 1",
    "OBJET": "tb1",
    "DAT_REF": "202405",
    "PERD": "[M12N1]",
    "RA_CODE": "ra20",
    "COLS_CODE": "C000",
    "ROWS_CODE": "R002",
    "SQL_CODE_SRC": "SELECT '[p_DAR_REF]' AS DAR,'[p_objet]' AS idObjet,'[p_RA]' AS RA,'[p_COL]' AS COL,'[p_ROW]' AS `ROW`,'[p_PERD]' AS PERD,Sum([p_INDI]) AS VAL FROM [p_CUBE] WHERE TRUE GROUP BY '[p_DAR_REF]','[p_objet]','[p_RA]','[p_COL]' ,'[p_ROW]' ,'[p_PERD]'",
    "SQL_CODE_FINAL": "SELECT '202405' AS DAR,'0' AS idObjet,'ra20' AS RA,'C000' AS COL,'R002' AS `ROW`,'[M12N1]' AS PERD,Sum(MT_COMM) AS VAL FROM vw_CUBE_DPLT_ICARE_BPCE_ENCR WHERE TRUE  AND PERD_ARRT_INFO = 202312 AND CODE_NIV3_ICARE IN ('3_EPAR_SAL','3_EPAR_BIL','3_EQUIP','3_ETU','3_CONSO') AND CODE_ORGN_FINN IN ('33333') GROUP BY '202405','0','ra20','C000' ,'R002' ,'[M12N1]'",
    "PERIMETRE": "SOURCE",
    "DATE_TRT": "2024-06-18 15:07:07.821381"
}'
2024-06-18 15:07:07 DEBUG uploaded into database'{
    "idLigne": 201,
    "idObjet": 0,
    "TBD": "BARO_BDD_CE_TEST_MODIF",
    "PAGE": "Page 1",
    "OBJET": "tb1",
    "DAT_REF": "202405",
    "PERD": "[M12N1]",
    "RA_CODE": "ra20",
    "COLS_CODE": "C000",
    "ROWS_CODE": "R001",
    "SQL_CODE_SRC": "SELECT '[p_DAR_REF]' AS DAR,'[p_objet]' AS idObjet,'[p_RA]' AS RA,'[p_COL]' AS COL,'[p_ROW]' AS `ROW`,'[p_PERD]' AS PERD,Sum([p_INDI]) AS VAL FROM [p_CUBE] WHERE TRUE GROUP BY '[p_DAR_REF]','[p_objet]','[p_RA]','[p_COL]' ,'[p_ROW]' ,'[p_PERD]'",
    "SQL_CODE_FINAL": "SELECT '202405' AS DAR,'0' AS idObjet,'ra20' AS RA,'C000' AS COL,'R001' AS `ROW`,'[M12N1]' AS PERD,Sum(MT_COMM) AS VAL FROM vw_CUBE_DPLT_ICARE_BPCE_ENCR WHERE TRUE  AND PERD_ARRT_INFO = 202312 AND CODE_NIV3_ICARE IN ('3_EPAR_SAL','3_EPAR_BIL','3_EQUIP','3_ETU','3_CONSO') AND CODE_ORGN_FINN IN ('22222') GROUP BY '202405','0','ra20','C000' ,'R001' ,'[M12N1]'",
    "PERIMETRE": "SOURCE",
    "DATE_TRT": "2024-06-18 15:07:07.836467"
}'
2024-06-18 15:07:07 DEBUG uploaded into database'{
    "idLigne": 200,
    "idObjet": 0,
    "TBD": "BARO_BDD_CE_TEST_MODIF",
    "PAGE": "Page 1",
    "OBJET": "tb1",
    "DAT_REF": "202405",
    "PERD": "[M12N1]",
    "RA_CODE": "ra20",
    "COLS_CODE": "C000",
    "ROWS_CODE": "R000",
    "SQL_CODE_SRC": "SELECT '[p_DAR_REF]' AS DAR,'[p_objet]' AS idObjet,'[p_RA]' AS RA,'[p_COL]' AS COL,'[p_ROW]' AS `ROW`,'[p_PERD]' AS PERD,Sum([p_INDI]) AS VAL FROM [p_CUBE] WHERE TRUE GROUP BY '[p_DAR_REF]','[p_objet]','[p_RA]','[p_COL]' ,'[p_ROW]' ,'[p_PERD]'",
    "SQL_CODE_FINAL": "SELECT '202405' AS DAR,'0' AS idObjet,'ra20' AS RA,'C000' AS COL,'R000' AS `ROW`,'[M12N1]' AS PERD,Sum(MT_COMM) AS VAL FROM vw_CUBE_DPLT_ICARE_BPCE_ENCR WHERE TRUE  AND PERD_ARRT_INFO = 202312 AND CODE_NIV3_ICARE IN ('3_EPAR_SAL','3_EPAR_BIL','3_EQUIP','3_ETU','3_CONSO') AND CODE_ORGN_FINN IN ('11111') GROUP BY '202405','0','ra20','C000' ,'R000' ,'[M12N1]'",
    "PERIMETRE": "SOURCE",
    "DATE_TRT": "2024-06-18 15:07:07.846125"
}'
2024-06-18 15:07:07 DEBUG uploaded into database'{
    "idLigne": 205,
    "idObjet": 0,
    "TBD": "BARO_BDD_CE_TEST_MODIF",
    "PAGE": "Page 1",
    "OBJET": "tb1",
    "DAT_REF": "202405",
    "PERD": "[M12N1]",
    "RA_CODE": "ra21",
    "COLS_CODE": "C001",
    "ROWS_CODE": "R002",
    "SQL_CODE_SRC": "SELECT '[p_DAR_REF]' AS DAR,'[p_objet]' AS idObjet,'[p_RA]' AS RA,'[p_COL]' AS COL,'[p_ROW]' AS `ROW`,'[p_PERD]' AS PERD,Sum([p_INDI]) AS VAL FROM [p_CUBE] WHERE TRUE GROUP BY '[p_DAR_REF]','[p_objet]','[p_RA]','[p_COL]' ,'[p_ROW]' ,'[p_PERD]'",
    "SQL_CODE_FINAL": "SELECT '202405' AS DAR,'0' AS idObjet,'ra21' AS RA,'C001' AS COL,'R002' AS `ROW`,'[M12N1]' AS PERD,Sum(MT_VERST) AS VAL FROM vw_CUBE_DPLT_ICARE_BPCE_ENCR WHERE TRUE  AND PERD_ARRT_INFO = 202312 AND CODE_NIV3_ICARE IN ('3_EPAR_SAL','3_EPAR_BIL','3_EQUIP','3_CONSO','3_ETU') AND CODE_ORGN_FINN IN ('33333') GROUP BY '202405','0','ra21','C001' ,'R002' ,'[M12N1]'",
    "PERIMETRE": "SOURCE",
    "DATE_TRT": "2024-06-18 15:07:07.855079"
}'
2024-06-18 15:07:07 DEBUG uploaded into database'{
    "idLigne": 204,
    "idObjet": 0,
    "TBD": "BARO_BDD_CE_TEST_MODIF",
    "PAGE": "Page 1",
    "OBJET": "tb1",
    "DAT_REF": "202405",
    "PERD": "[M12N1]",
    "RA_CODE": "ra21",
    "COLS_CODE": "C001",
    "ROWS_CODE": "R001",
    "SQL_CODE_SRC": "SELECT '[p_DAR_REF]' AS DAR,'[p_objet]' AS idObjet,'[p_RA]' AS RA,'[p_COL]' AS COL,'[p_ROW]' AS `ROW`,'[p_PERD]' AS PERD,Sum([p_INDI]) AS VAL FROM [p_CUBE] WHERE TRUE GROUP BY '[p_DAR_REF]','[p_objet]','[p_RA]','[p_COL]' ,'[p_ROW]' ,'[p_PERD]'",
    "SQL_CODE_FINAL": "SELECT '202405' AS DAR,'0' AS idObjet,'ra21' AS RA,'C001' AS COL,'R001' AS `ROW`,'[M12N1]' AS PERD,Sum(MT_VERST) AS VAL FROM vw_CUBE_DPLT_ICARE_BPCE_ENCR WHERE TRUE  AND PERD_ARRT_INFO = 202312 AND CODE_NIV3_ICARE IN ('3_EPAR_SAL','3_EPAR_BIL','3_EQUIP','3_CONSO','3_ETU') AND CODE_ORGN_FINN IN ('22222') GROUP BY '202405','0','ra21','C001' ,'R001' ,'[M12N1]'",
    "PERIMETRE": "SOURCE",
    "DATE_TRT": "2024-06-18 15:07:07.864264"
}'
2024-06-18 15:07:07 DEBUG uploaded into database'{
    "idLigne": 203,
    "idObjet": 0,
    "TBD": "BARO_BDD_CE_TEST_MODIF",
    "PAGE": "Page 1",
    "OBJET": "tb1",
    "DAT_REF": "202405",
    "PERD": "[M12N1]",
    "RA_CODE": "ra21",
    "COLS_CODE": "C001",
    "ROWS_CODE": "R000",
    "SQL_CODE_SRC": "SELECT '[p_DAR_REF]' AS DAR,'[p_objet]' AS idObjet,'[p_RA]' AS RA,'[p_COL]' AS COL,'[p_ROW]' AS `ROW`,'[p_PERD]' AS PERD,Sum([p_INDI]) AS VAL FROM [p_CUBE] WHERE TRUE GROUP BY '[p_DAR_REF]','[p_objet]','[p_RA]','[p_COL]' ,'[p_ROW]' ,'[p_PERD]'",
    "SQL_CODE_FINAL": "SELECT '202405' AS DAR,'0' AS idObjet,'ra21' AS RA,'C001' AS COL,'R000' AS `ROW`,'[M12N1]' AS PERD,Sum(MT_VERST) AS VAL FROM vw_CUBE_DPLT_ICARE_BPCE_ENCR WHERE TRUE  AND PERD_ARRT_INFO = 202312 AND CODE_NIV3_ICARE IN ('3_EPAR_SAL','3_EPAR_BIL','3_EQUIP','3_CONSO','3_ETU') AND CODE_ORGN_FINN IN ('11111') GROUP BY '202405','0','ra21','C001' ,'R000' ,'[M12N1]'",
    "PERIMETRE": "SOURCE",
    "DATE_TRT": "2024-06-18 15:07:07.892338"
}'
2024-06-18 15:07:07 DEBUG uploaded into database'{
    "idLigne": 211,
    "idObjet": 1,
    "TBD": "BARO_BDD_CE",
    "PAGE": "Page 1",
    "OBJET": "tb2",
    "DAT_REF": "202405",
    "PERD": "[M-7]",
    "RA_CODE": "ra23",
    "COLS_CODE": "C000",
    "ROWS_CODE": "R002",
    "SQL_CODE_SRC": "SELECT '[p_DAR_REF]' AS DAR,'[p_objet]' AS idObjet,'[p_RA]' AS RA,'[p_COL]' AS COL,'[p_ROW]' AS `ROW`,'[p_PERD]' AS PERD,Sum(VALR_INDC) AS VAL FROM [p_CUBE] WHERE CODE_INDC = '[p_INDI]' GROUP BY '[p_DAR_REF]','[p_objet]','[p_RA]','[p_COL]' ,'[p_ROW]' ,'[p_PERD]'",
    "SQL_CODE_FINAL": "SELECT '202405' AS DAR,'1' AS idObjet,'ra23' AS RA,'C000' AS COL,'R002' AS `ROW`,'[M-7]' AS PERD,Sum(VALR_INDC) AS VAL FROM vw_CUBE_VBPCE_APC_FAITS WHERE CODE_INDC = 'MT_FAITS_1'  AND PERD_ARRT_INFO = 202310 AND CODE_NIV3_APC IN ('3_EPAR_SAL','3_EPAR_BIL','3_EQUIP','3_CONSO','3_ETU') AND CODE_ORGN_FINN IN ('33333') GROUP BY '202405','1','ra23','C000' ,'R002' ,'[M-7]'",
    "PERIMETRE": "SOURCE",
    "DATE_TRT": "2024-06-18 15:07:07.900017"
}'
2024-06-18 15:07:07 DEBUG uploaded into database'{
    "idLigne": 210,
    "idObjet": 1,
    "TBD": "BARO_BDD_CE",
    "PAGE": "Page 1",
    "OBJET": "tb2",
    "DAT_REF": "202405",
    "PERD": "[M-7]",
    "RA_CODE": "ra23",
    "COLS_CODE": "C000",
    "ROWS_CODE": "R001",
    "SQL_CODE_SRC": "SELECT '[p_DAR_REF]' AS DAR,'[p_objet]' AS idObjet,'[p_RA]' AS RA,'[p_COL]' AS COL,'[p_ROW]' AS `ROW`,'[p_PERD]' AS PERD,Sum(VALR_INDC) AS VAL FROM [p_CUBE] WHERE CODE_INDC = '[p_INDI]' GROUP BY '[p_DAR_REF]','[p_objet]','[p_RA]','[p_COL]' ,'[p_ROW]' ,'[p_PERD]'",
    "SQL_CODE_FINAL": "SELECT '202405' AS DAR,'1' AS idObjet,'ra23' AS RA,'C000' AS COL,'R001' AS `ROW`,'[M-7]' AS PERD,Sum(VALR_INDC) AS VAL FROM vw_CUBE_VBPCE_APC_FAITS WHERE CODE_INDC = 'MT_FAITS_1'  AND PERD_ARRT_INFO = 202310 AND CODE_NIV3_APC IN ('3_EPAR_SAL','3_EPAR_BIL','3_EQUIP','3_CONSO','3_ETU') AND CODE_ORGN_FINN IN ('22222') GROUP BY '202405','1','ra23','C000' ,'R001' ,'[M-7]'",
    "PERIMETRE": "SOURCE",
    "DATE_TRT": "2024-06-18 15:07:07.908925"
}'
2024-06-18 15:07:07 DEBUG uploaded into database'{
    "idLigne": 209,
    "idObjet": 1,
    "TBD": "BARO_BDD_CE",
    "PAGE": "Page 1",
    "OBJET": "tb2",
    "DAT_REF": "202405",
    "PERD": "[M-7]",
    "RA_CODE": "ra23",
    "COLS_CODE": "C000",
    "ROWS_CODE": "R000",
    "SQL_CODE_SRC": "SELECT '[p_DAR_REF]' AS DAR,'[p_objet]' AS idObjet,'[p_RA]' AS RA,'[p_COL]' AS COL,'[p_ROW]' AS `ROW`,'[p_PERD]' AS PERD,Sum(VALR_INDC) AS VAL FROM [p_CUBE] WHERE CODE_INDC = '[p_INDI]' GROUP BY '[p_DAR_REF]','[p_objet]','[p_RA]','[p_COL]' ,'[p_ROW]' ,'[p_PERD]'",
    "SQL_CODE_FINAL": "SELECT '202405' AS DAR,'1' AS idObjet,'ra23' AS RA,'C000' AS COL,'R000' AS `ROW`,'[M-7]' AS PERD,Sum(VALR_INDC) AS VAL FROM vw_CUBE_VBPCE_APC_FAITS WHERE CODE_INDC = 'MT_FAITS_1'  AND PERD_ARRT_INFO = 202310 AND CODE_NIV3_APC IN ('3_EPAR_SAL','3_EPAR_BIL','3_EQUIP','3_CONSO','3_ETU') AND CODE_ORGN_FINN IN ('11111') GROUP BY '202405','1','ra23','C000' ,'R000' ,'[M-7]'",
    "PERIMETRE": "SOURCE",
    "DATE_TRT": "2024-06-18 15:07:07.918134"
}'
2024-06-18 15:07:07 DEBUG uploaded into database'{
    "idLigne": 214,
    "idObjet": 1,
    "TBD": "BARO_BDD_CE",
    "PAGE": "Page 1",
    "OBJET": "tb2",
    "DAT_REF": "202405",
    "PERD": "[M-7]",
    "RA_CODE": "ra24",
    "COLS_CODE": "C001",
    "ROWS_CODE": "R002",
    "SQL_CODE_SRC": "SELECT '[p_DAR_REF]' AS DAR,'[p_objet]' AS idObjet,'[p_RA]' AS RA,'[p_COL]' AS COL,'[p_ROW]' AS `ROW`,'[p_PERD]' AS PERD,Sum(VALR_INDC) AS VAL FROM [p_CUBE] WHERE CODE_INDC = '[p_INDI]' GROUP BY '[p_DAR_REF]','[p_objet]','[p_RA]','[p_COL]' ,'[p_ROW]' ,'[p_PERD]'",
    "SQL_CODE_FINAL": "SELECT '202405' AS DAR,'1' AS idObjet,'ra24' AS RA,'C001' AS COL,'R002' AS `ROW`,'[M-7]' AS PERD,Sum(VALR_INDC) AS VAL FROM vw_CUBE_VBPCE_APC_FAITS WHERE CODE_INDC = 'MT_FAITS_2'  AND PERD_ARRT_INFO = 202310 AND CODE_NIV3_APC IN ('3_EPAR_SAL','3_EPAR_BIL','3_EQUIP','3_CONSO','3_ETU') AND CODE_ORGN_FINN IN ('33333') GROUP BY '202405','1','ra24','C001' ,'R002' ,'[M-7]'",
    "PERIMETRE": "SOURCE",
    "DATE_TRT": "2024-06-18 15:07:07.925686"
}'
2024-06-18 15:07:07 DEBUG uploaded into database'{
    "idLigne": 213,
    "idObjet": 1,
    "TBD": "BARO_BDD_CE",
    "PAGE": "Page 1",
    "OBJET": "tb2",
    "DAT_REF": "202405",
    "PERD": "[M-7]",
    "RA_CODE": "ra24",
    "COLS_CODE": "C001",
    "ROWS_CODE": "R001",
    "SQL_CODE_SRC": "SELECT '[p_DAR_REF]' AS DAR,'[p_objet]' AS idObjet,'[p_RA]' AS RA,'[p_COL]' AS COL,'[p_ROW]' AS `ROW`,'[p_PERD]' AS PERD,Sum(VALR_INDC) AS VAL FROM [p_CUBE] WHERE CODE_INDC = '[p_INDI]' GROUP BY '[p_DAR_REF]','[p_objet]','[p_RA]','[p_COL]' ,'[p_ROW]' ,'[p_PERD]'",
    "SQL_CODE_FINAL": "SELECT '202405' AS DAR,'1' AS idObjet,'ra24' AS RA,'C001' AS COL,'R001' AS `ROW`,'[M-7]' AS PERD,Sum(VALR_INDC) AS VAL FROM vw_CUBE_VBPCE_APC_FAITS WHERE CODE_INDC = 'MT_FAITS_2'  AND PERD_ARRT_INFO = 202310 AND CODE_NIV3_APC IN ('3_EPAR_SAL','3_EPAR_BIL','3_EQUIP','3_CONSO','3_ETU') AND CODE_ORGN_FINN IN ('22222') GROUP BY '202405','1','ra24','C001' ,'R001' ,'[M-7]'",
    "PERIMETRE": "SOURCE",
    "DATE_TRT": "2024-06-18 15:07:07.934033"
}'
2024-06-18 15:07:07 DEBUG uploaded into database'{
    "idLigne": 212,
    "idObjet": 1,
    "TBD": "BARO_BDD_CE",
    "PAGE": "Page 1",
    "OBJET": "tb2",
    "DAT_REF": "202405",
    "PERD": "[M-7]",
    "RA_CODE": "ra24",
    "COLS_CODE": "C001",
    "ROWS_CODE": "R000",
    "SQL_CODE_SRC": "SELECT '[p_DAR_REF]' AS DAR,'[p_objet]' AS idObjet,'[p_RA]' AS RA,'[p_COL]' AS COL,'[p_ROW]' AS `ROW`,'[p_PERD]' AS PERD,Sum(VALR_INDC) AS VAL FROM [p_CUBE] WHERE CODE_INDC = '[p_INDI]' GROUP BY '[p_DAR_REF]','[p_objet]','[p_RA]','[p_COL]' ,'[p_ROW]' ,'[p_PERD]'",
    "SQL_CODE_FINAL": "SELECT '202405' AS DAR,'1' AS idObjet,'ra24' AS RA,'C001' AS COL,'R000' AS `ROW`,'[M-7]' AS PERD,Sum(VALR_INDC) AS VAL FROM vw_CUBE_VBPCE_APC_FAITS WHERE CODE_INDC = 'MT_FAITS_2'  AND PERD_ARRT_INFO = 202310 AND CODE_NIV3_APC IN ('3_EPAR_SAL','3_EPAR_BIL','3_EQUIP','3_CONSO','3_ETU') AND CODE_ORGN_FINN IN ('11111') GROUP BY '202405','1','ra24','C001' ,'R000' ,'[M-7]'",
    "PERIMETRE": "SOURCE",
    "DATE_TRT": "2024-06-18 15:07:07.942362"
}'
2024-06-18 15:07:07 DEBUG uploaded into database'{
    "idLigne": 227,
    "idObjet": 2,
    "TBD": "BARO_BDD_CE",
    "PAGE": "Page 2",
    "OBJET": "tb1",
    "DAT_REF": "202405",
    "PERD": "[M-7]",
    "RA_CODE": "ra29",
    "COLS_CODE": "C000",
    "ROWS_CODE": "R003",
    "SQL_CODE_SRC": "SELECT '[p_DAR_REF]' AS DAR,'[p_objet]' AS idObjet,'[p_RA]' AS RA,'[p_COL]' AS COL,'[p_ROW]' AS `ROW`,'[p_PERD]' AS PERD,Sum(VALR_INDC) AS VAL FROM [p_CUBE] WHERE CODE_INDC = '[p_INDI]' GROUP BY '[p_DAR_REF]','[p_objet]','[p_RA]','[p_COL]' ,'[p_ROW]' ,'[p_PERD]'",
    "SQL_CODE_FINAL": "SELECT '202405' AS DAR,'2' AS idObjet,'ra29' AS RA,'C000' AS COL,'R003' AS `ROW`,'[M-7]' AS PERD,Sum(VALR_INDC) AS VAL FROM vw_CUBE_VBPCE_APC_FAITS WHERE CODE_INDC = 'MT_FAITS_1'  AND PERD_ARRT_INFO = 202310 AND CODE_NIV3_APC IN ('3_EPAR_SAL','3_EPAR_BIL','3_EQUIP','3_CONSO','3_ETU') AND CODE_ORGN_FINN IN ('11111','22222','33333') GROUP BY '202405','2','ra29','C000' ,'R003' ,'[M-7]'",
    "PERIMETRE": "SOURCE",
    "DATE_TRT": "2024-06-18 15:07:07.948586"
}'
2024-06-18 15:07:07 DEBUG uploaded into database'{
    "idLigne": 220,
    "idObjet": 2,
    "TBD": "BARO_BDD_CE",
    "PAGE": "Page 2",
    "OBJET": "tb1",
    "DAT_REF": "202405",
    "PERD": "[M-7]",
    "RA_CODE": "ra26",
    "COLS_CODE": "C000",
    "ROWS_CODE": "R002",
    "SQL_CODE_SRC": "SELECT '[p_DAR_REF]' AS DAR,'[p_objet]' AS idObjet,'[p_RA]' AS RA,'[p_COL]' AS COL,'[p_ROW]' AS `ROW`,'[p_PERD]' AS PERD,Sum(VALR_INDC) AS VAL FROM [p_CUBE] WHERE CODE_INDC = '[p_INDI]' GROUP BY '[p_DAR_REF]','[p_objet]','[p_RA]','[p_COL]' ,'[p_ROW]' ,'[p_PERD]'",
    "SQL_CODE_FINAL": "SELECT '202405' AS DAR,'2' AS idObjet,'ra26' AS RA,'C000' AS COL,'R002' AS `ROW`,'[M-7]' AS PERD,Sum(VALR_INDC) AS VAL FROM vw_CUBE_VBPCE_APC_FAITS WHERE CODE_INDC = 'MT_FAITS_1'  AND PERD_ARRT_INFO = 202310 AND CODE_NIV3_APC IN ('3_EPAR_SAL','3_EPAR_BIL','3_EQUIP','3_CONSO','3_ETU') AND CODE_ORGN_FINN IN ('33333') GROUP BY '202405','2','ra26','C000' ,'R002' ,'[M-7]'",
    "PERIMETRE": "SOURCE",
    "DATE_TRT": "2024-06-18 15:07:07.955479"
}'
2024-06-18 15:07:07 DEBUG uploaded into database'{
    "idLigne": 219,
    "idObjet": 2,
    "TBD": "BARO_BDD_CE",
    "PAGE": "Page 2",
    "OBJET": "tb1",
    "DAT_REF": "202405",
    "PERD": "[M-7]",
    "RA_CODE": "ra26",
    "COLS_CODE": "C000",
    "ROWS_CODE": "R001",
    "SQL_CODE_SRC": "SELECT '[p_DAR_REF]' AS DAR,'[p_objet]' AS idObjet,'[p_RA]' AS RA,'[p_COL]' AS COL,'[p_ROW]' AS `ROW`,'[p_PERD]' AS PERD,Sum(VALR_INDC) AS VAL FROM [p_CUBE] WHERE CODE_INDC = '[p_INDI]' GROUP BY '[p_DAR_REF]','[p_objet]','[p_RA]','[p_COL]' ,'[p_ROW]' ,'[p_PERD]'",
    "SQL_CODE_FINAL": "SELECT '202405' AS DAR,'2' AS idObjet,'ra26' AS RA,'C000' AS COL,'R001' AS `ROW`,'[M-7]' AS PERD,Sum(VALR_INDC) AS VAL FROM vw_CUBE_VBPCE_APC_FAITS WHERE CODE_INDC = 'MT_FAITS_1'  AND PERD_ARRT_INFO = 202310 AND CODE_NIV3_APC IN ('3_EPAR_SAL','3_EPAR_BIL','3_EQUIP','3_CONSO','3_ETU') AND CODE_ORGN_FINN IN ('22222') GROUP BY '202405','2','ra26','C000' ,'R001' ,'[M-7]'",
    "PERIMETRE": "SOURCE",
    "DATE_TRT": "2024-06-18 15:07:07.962031"
}'
2024-06-18 15:07:07 DEBUG uploaded into database'{
    "idLigne": 218,
    "idObjet": 2,
    "TBD": "BARO_BDD_CE",
    "PAGE": "Page 2",
    "OBJET": "tb1",
    "DAT_REF": "202405",
    "PERD": "[M-7]",
    "RA_CODE": "ra26",
    "COLS_CODE": "C000",
    "ROWS_CODE": "R000",
    "SQL_CODE_SRC": "SELECT '[p_DAR_REF]' AS DAR,'[p_objet]' AS idObjet,'[p_RA]' AS RA,'[p_COL]' AS COL,'[p_ROW]' AS `ROW`,'[p_PERD]' AS PERD,Sum(VALR_INDC) AS VAL FROM [p_CUBE] WHERE CODE_INDC = '[p_INDI]' GROUP BY '[p_DAR_REF]','[p_objet]','[p_RA]','[p_COL]' ,'[p_ROW]' ,'[p_PERD]'",
    "SQL_CODE_FINAL": "SELECT '202405' AS DAR,'2' AS idObjet,'ra26' AS RA,'C000' AS COL,'R000' AS `ROW`,'[M-7]' AS PERD,Sum(VALR_INDC) AS VAL FROM vw_CUBE_VBPCE_APC_FAITS WHERE CODE_INDC = 'MT_FAITS_1'  AND PERD_ARRT_INFO = 202310 AND CODE_NIV3_APC IN ('3_EPAR_SAL','3_EPAR_BIL','3_EQUIP','3_CONSO','3_ETU') AND CODE_ORGN_FINN IN ('11111') GROUP BY '202405','2','ra26','C000' ,'R000' ,'[M-7]'",
    "PERIMETRE": "SOURCE",
    "DATE_TRT": "2024-06-18 15:07:07.971641"
}'
2024-06-18 15:07:07 DEBUG uploaded into database'{
    "idLigne": 228,
    "idObjet": 2,
    "TBD": "BARO_BDD_CE",
    "PAGE": "Page 2",
    "OBJET": "tb1",
    "DAT_REF": "202405",
    "PERD": "[M12N1]",
    "RA_CODE": "ra30",
    "COLS_CODE": "C001",
    "ROWS_CODE": "R003",
    "SQL_CODE_SRC": "SELECT '[p_DAR_REF]' AS DAR,'[p_objet]' AS idObjet,'[p_RA]' AS RA,'[p_COL]' AS COL,'[p_ROW]' AS `ROW`,'[p_PERD]' AS PERD,Sum([p_INDI]) AS VAL FROM [p_CUBE] WHERE TRUE GROUP BY '[p_DAR_REF]','[p_objet]','[p_RA]','[p_COL]' ,'[p_ROW]' ,'[p_PERD]'",
    "SQL_CODE_FINAL": "SELECT '202405' AS DAR,'2' AS idObjet,'ra30' AS RA,'C001' AS COL,'R003' AS `ROW`,'[M12N1]' AS PERD,Sum(MT_COMM) AS VAL FROM vw_CUBE_DPLT_ICARE_BPCE_ENCR WHERE TRUE  AND PERD_ARRT_INFO = 202312 AND CODE_NIV3_ICARE IN ('3_EPAR_SAL','3_EPAR_BIL','3_EQUIP','3_CONSO','3_ETU') AND CODE_ORGN_FINN IN ('11111','22222','33333') GROUP BY '202405','2','ra30','C001' ,'R003' ,'[M12N1]'",
    "PERIMETRE": "SOURCE",
    "DATE_TRT": "2024-06-18 15:07:07.978520"
}'
2024-06-18 15:07:07 DEBUG uploaded into database'{
    "idLigne": 223,
    "idObjet": 2,
    "TBD": "BARO_BDD_CE",
    "PAGE": "Page 2",
    "OBJET": "tb1",
    "DAT_REF": "202405",
    "PERD": "[M12N1]",
    "RA_CODE": "ra27",
    "COLS_CODE": "C001",
    "ROWS_CODE": "R002",
    "SQL_CODE_SRC": "SELECT '[p_DAR_REF]' AS DAR,'[p_objet]' AS idObjet,'[p_RA]' AS RA,'[p_COL]' AS COL,'[p_ROW]' AS `ROW`,'[p_PERD]' AS PERD,Sum([p_INDI]) AS VAL FROM [p_CUBE] WHERE TRUE GROUP BY '[p_DAR_REF]','[p_objet]','[p_RA]','[p_COL]' ,'[p_ROW]' ,'[p_PERD]'",
    "SQL_CODE_FINAL": "SELECT '202405' AS DAR,'2' AS idObjet,'ra27' AS RA,'C001' AS COL,'R002' AS `ROW`,'[M12N1]' AS PERD,Sum(MT_COMM) AS VAL FROM vw_CUBE_DPLT_ICARE_BPCE_ENCR WHERE TRUE  AND PERD_ARRT_INFO = 202312 AND CODE_NIV3_ICARE IN ('3_EPAR_SAL','3_EPAR_BIL','3_EQUIP','3_CONSO','3_ETU') AND CODE_ORGN_FINN IN ('33333') GROUP BY '202405','2','ra27','C001' ,'R002' ,'[M12N1]'",
    "PERIMETRE": "SOURCE",
    "DATE_TRT": "2024-06-18 15:07:07.986323"
}'
2024-06-18 15:07:08 DEBUG uploaded into database'{
    "idLigne": 222,
    "idObjet": 2,
    "TBD": "BARO_BDD_CE",
    "PAGE": "Page 2",
    "OBJET": "tb1",
    "DAT_REF": "202405",
    "PERD": "[M12N1]",
    "RA_CODE": "ra27",
    "COLS_CODE": "C001",
    "ROWS_CODE": "R001",
    "SQL_CODE_SRC": "SELECT '[p_DAR_REF]' AS DAR,'[p_objet]' AS idObjet,'[p_RA]' AS RA,'[p_COL]' AS COL,'[p_ROW]' AS `ROW`,'[p_PERD]' AS PERD,Sum([p_INDI]) AS VAL FROM [p_CUBE] WHERE TRUE GROUP BY '[p_DAR_REF]','[p_objet]','[p_RA]','[p_COL]' ,'[p_ROW]' ,'[p_PERD]'",
    "SQL_CODE_FINAL": "SELECT '202405' AS DAR,'2' AS idObjet,'ra27' AS RA,'C001' AS COL,'R001' AS `ROW`,'[M12N1]' AS PERD,Sum(MT_COMM) AS VAL FROM vw_CUBE_DPLT_ICARE_BPCE_ENCR WHERE TRUE  AND PERD_ARRT_INFO = 202312 AND CODE_NIV3_ICARE IN ('3_EPAR_SAL','3_EPAR_BIL','3_EQUIP','3_CONSO','3_ETU') AND CODE_ORGN_FINN IN ('22222') GROUP BY '202405','2','ra27','C001' ,'R001' ,'[M12N1]'",
    "PERIMETRE": "SOURCE",
    "DATE_TRT": "2024-06-18 15:07:07.993326"
}'
2024-06-18 15:07:08 DEBUG uploaded into database'{
    "idLigne": 221,
    "idObjet": 2,
    "TBD": "BARO_BDD_CE",
    "PAGE": "Page 2",
    "OBJET": "tb1",
    "DAT_REF": "202405",
    "PERD": "[M12N1]",
    "RA_CODE": "ra27",
    "COLS_CODE": "C001",
    "ROWS_CODE": "R000",
    "SQL_CODE_SRC": "SELECT '[p_DAR_REF]' AS DAR,'[p_objet]' AS idObjet,'[p_RA]' AS RA,'[p_COL]' AS COL,'[p_ROW]' AS `ROW`,'[p_PERD]' AS PERD,Sum([p_INDI]) AS VAL FROM [p_CUBE] WHERE TRUE GROUP BY '[p_DAR_REF]','[p_objet]','[p_RA]','[p_COL]' ,'[p_ROW]' ,'[p_PERD]'",
    "SQL_CODE_FINAL": "SELECT '202405' AS DAR,'2' AS idObjet,'ra27' AS RA,'C001' AS COL,'R000' AS `ROW`,'[M12N1]' AS PERD,Sum(MT_COMM) AS VAL FROM vw_CUBE_DPLT_ICARE_BPCE_ENCR WHERE TRUE  AND PERD_ARRT_INFO = 202312 AND CODE_NIV3_ICARE IN ('3_EPAR_SAL','3_EPAR_BIL','3_EQUIP','3_CONSO','3_ETU') AND CODE_ORGN_FINN IN ('11111') GROUP BY '202405','2','ra27','C001' ,'R000' ,'[M12N1]'",
    "PERIMETRE": "SOURCE",
    "DATE_TRT": "2024-06-18 15:07:08.000276"
}'
2024-06-18 15:07:16 DEBUG populating 'AGADIR' schema's refsql  with dateref '202405'
2024-06-18 15:07:16 DEBUG Building SSL context
2024-06-18 15:07:16 DEBUG Switching to SSL
2024-06-18 15:07:16 DEBUG SSL has been enabled
2024-06-18 15:07:16 DEBUG Starting authorization phase
2024-06-18 15:07:16 DEBUG The provided initial strategy is caching_sha2_password
2024-06-18 15:07:16 INFO package: mysql.connector.plugins
2024-06-18 15:07:16 INFO plugin_name: caching_sha2_password
2024-06-18 15:07:16 INFO AUTHENTICATION_PLUGIN_CLASS: MySQLCachingSHA2PasswordAuthPlugin
2024-06-18 15:07:16 DEBUG Exchanging further packets
2024-06-18 15:07:16 DEBUG caching_sha2_password completed succesfully
2024-06-18 15:07:16 DEBUG uploaded into database'{
    "idLigne": 202,
    "idObjet": 0,
    "TBD": "BARO_BDD_CE_TEST_MODIF",
    "PAGE": "Page 1",
    "OBJET": "tb1",
    "DAT_REF": "202405",
    "PERD": "[M12N1]",
    "RA_CODE": "ra20",
    "COLS_CODE": "C000",
    "ROWS_CODE": "R002",
    "SQL_CODE_SRC": "SELECT '[p_DAR_REF]' AS DAR,'[p_objet]' AS idObjet,'[p_RA]' AS RA,'[p_COL]' AS COL,'[p_ROW]' AS `ROW`,'[p_PERD]' AS PERD,Sum([p_INDI]) AS VAL FROM [p_CUBE] WHERE TRUE GROUP BY '[p_DAR_REF]','[p_objet]','[p_RA]','[p_COL]' ,'[p_ROW]' ,'[p_PERD]'",
    "SQL_CODE_FINAL": "SELECT '202405' AS DAR,'0' AS idObjet,'ra20' AS RA,'C000' AS COL,'R002' AS `ROW`,'[M12N1]' AS PERD,Sum(MT_COMM) AS VAL FROM vw_CUBE_DPLT_ICARE_BPCE_ENCR WHERE TRUE  AND PERD_ARRT_INFO = 202312 AND CODE_NIV3_ICARE IN ('3_EPAR_SAL','3_EPAR_BIL','3_EQUIP','3_ETU','3_CONSO') AND CODE_ORGN_FINN IN ('33333') GROUP BY '202405','0','ra20','C000' ,'R002' ,'[M12N1]'",
    "PERIMETRE": "SOURCE",
    "DATE_TRT": "2024-06-18 15:07:16.145181"
}'
2024-06-18 15:07:16 DEBUG uploaded into database'{
    "idLigne": 201,
    "idObjet": 0,
    "TBD": "BARO_BDD_CE_TEST_MODIF",
    "PAGE": "Page 1",
    "OBJET": "tb1",
    "DAT_REF": "202405",
    "PERD": "[M12N1]",
    "RA_CODE": "ra20",
    "COLS_CODE": "C000",
    "ROWS_CODE": "R001",
    "SQL_CODE_SRC": "SELECT '[p_DAR_REF]' AS DAR,'[p_objet]' AS idObjet,'[p_RA]' AS RA,'[p_COL]' AS COL,'[p_ROW]' AS `ROW`,'[p_PERD]' AS PERD,Sum([p_INDI]) AS VAL FROM [p_CUBE] WHERE TRUE GROUP BY '[p_DAR_REF]','[p_objet]','[p_RA]','[p_COL]' ,'[p_ROW]' ,'[p_PERD]'",
    "SQL_CODE_FINAL": "SELECT '202405' AS DAR,'0' AS idObjet,'ra20' AS RA,'C000' AS COL,'R001' AS `ROW`,'[M12N1]' AS PERD,Sum(MT_COMM) AS VAL FROM vw_CUBE_DPLT_ICARE_BPCE_ENCR WHERE TRUE  AND PERD_ARRT_INFO = 202312 AND CODE_NIV3_ICARE IN ('3_EPAR_SAL','3_EPAR_BIL','3_EQUIP','3_ETU','3_CONSO') AND CODE_ORGN_FINN IN ('22222') GROUP BY '202405','0','ra20','C000' ,'R001' ,'[M12N1]'",
    "PERIMETRE": "SOURCE",
    "DATE_TRT": "2024-06-18 15:07:16.158588"
}'
2024-06-18 15:07:16 DEBUG uploaded into database'{
    "idLigne": 200,
    "idObjet": 0,
    "TBD": "BARO_BDD_CE_TEST_MODIF",
    "PAGE": "Page 1",
    "OBJET": "tb1",
    "DAT_REF": "202405",
    "PERD": "[M12N1]",
    "RA_CODE": "ra20",
    "COLS_CODE": "C000",
    "ROWS_CODE": "R000",
    "SQL_CODE_SRC": "SELECT '[p_DAR_REF]' AS DAR,'[p_objet]' AS idObjet,'[p_RA]' AS RA,'[p_COL]' AS COL,'[p_ROW]' AS `ROW`,'[p_PERD]' AS PERD,Sum([p_INDI]) AS VAL FROM [p_CUBE] WHERE TRUE GROUP BY '[p_DAR_REF]','[p_objet]','[p_RA]','[p_COL]' ,'[p_ROW]' ,'[p_PERD]'",
    "SQL_CODE_FINAL": "SELECT '202405' AS DAR,'0' AS idObjet,'ra20' AS RA,'C000' AS COL,'R000' AS `ROW`,'[M12N1]' AS PERD,Sum(MT_COMM) AS VAL FROM vw_CUBE_DPLT_ICARE_BPCE_ENCR WHERE TRUE  AND PERD_ARRT_INFO = 202312 AND CODE_NIV3_ICARE IN ('3_EPAR_SAL','3_EPAR_BIL','3_EQUIP','3_ETU','3_CONSO') AND CODE_ORGN_FINN IN ('11111') GROUP BY '202405','0','ra20','C000' ,'R000' ,'[M12N1]'",
    "PERIMETRE": "SOURCE",
    "DATE_TRT": "2024-06-18 15:07:16.168301"
}'
2024-06-18 15:07:16 DEBUG uploaded into database'{
    "idLigne": 205,
    "idObjet": 0,
    "TBD": "BARO_BDD_CE_TEST_MODIF",
    "PAGE": "Page 1",
    "OBJET": "tb1",
    "DAT_REF": "202405",
    "PERD": "[M12N1]",
    "RA_CODE": "ra21",
    "COLS_CODE": "C001",
    "ROWS_CODE": "R002",
    "SQL_CODE_SRC": "SELECT '[p_DAR_REF]' AS DAR,'[p_objet]' AS idObjet,'[p_RA]' AS RA,'[p_COL]' AS COL,'[p_ROW]' AS `ROW`,'[p_PERD]' AS PERD,Sum([p_INDI]) AS VAL FROM [p_CUBE] WHERE TRUE GROUP BY '[p_DAR_REF]','[p_objet]','[p_RA]','[p_COL]' ,'[p_ROW]' ,'[p_PERD]'",
    "SQL_CODE_FINAL": "SELECT '202405' AS DAR,'0' AS idObjet,'ra21' AS RA,'C001' AS COL,'R002' AS `ROW`,'[M12N1]' AS PERD,Sum(MT_VERST) AS VAL FROM vw_CUBE_DPLT_ICARE_BPCE_ENCR WHERE TRUE  AND PERD_ARRT_INFO = 202312 AND CODE_NIV3_ICARE IN ('3_EPAR_SAL','3_EPAR_BIL','3_EQUIP','3_CONSO','3_ETU') AND CODE_ORGN_FINN IN ('33333') GROUP BY '202405','0','ra21','C001' ,'R002' ,'[M12N1]'",
    "PERIMETRE": "SOURCE",
    "DATE_TRT": "2024-06-18 15:07:16.175263"
}'
2024-06-18 15:07:16 DEBUG uploaded into database'{
    "idLigne": 204,
    "idObjet": 0,
    "TBD": "BARO_BDD_CE_TEST_MODIF",
    "PAGE": "Page 1",
    "OBJET": "tb1",
    "DAT_REF": "202405",
    "PERD": "[M12N1]",
    "RA_CODE": "ra21",
    "COLS_CODE": "C001",
    "ROWS_CODE": "R001",
    "SQL_CODE_SRC": "SELECT '[p_DAR_REF]' AS DAR,'[p_objet]' AS idObjet,'[p_RA]' AS RA,'[p_COL]' AS COL,'[p_ROW]' AS `ROW`,'[p_PERD]' AS PERD,Sum([p_INDI]) AS VAL FROM [p_CUBE] WHERE TRUE GROUP BY '[p_DAR_REF]','[p_objet]','[p_RA]','[p_COL]' ,'[p_ROW]' ,'[p_PERD]'",
    "SQL_CODE_FINAL": "SELECT '202405' AS DAR,'0' AS idObjet,'ra21' AS RA,'C001' AS COL,'R001' AS `ROW`,'[M12N1]' AS PERD,Sum(MT_VERST) AS VAL FROM vw_CUBE_DPLT_ICARE_BPCE_ENCR WHERE TRUE  AND PERD_ARRT_INFO = 202312 AND CODE_NIV3_ICARE IN ('3_EPAR_SAL','3_EPAR_BIL','3_EQUIP','3_CONSO','3_ETU') AND CODE_ORGN_FINN IN ('22222') GROUP BY '202405','0','ra21','C001' ,'R001' ,'[M12N1]'",
    "PERIMETRE": "SOURCE",
    "DATE_TRT": "2024-06-18 15:07:16.185080"
}'
2024-06-18 15:07:16 DEBUG uploaded into database'{
    "idLigne": 203,
    "idObjet": 0,
    "TBD": "BARO_BDD_CE_TEST_MODIF",
    "PAGE": "Page 1",
    "OBJET": "tb1",
    "DAT_REF": "202405",
    "PERD": "[M12N1]",
    "RA_CODE": "ra21",
    "COLS_CODE": "C001",
    "ROWS_CODE": "R000",
    "SQL_CODE_SRC": "SELECT '[p_DAR_REF]' AS DAR,'[p_objet]' AS idObjet,'[p_RA]' AS RA,'[p_COL]' AS COL,'[p_ROW]' AS `ROW`,'[p_PERD]' AS PERD,Sum([p_INDI]) AS VAL FROM [p_CUBE] WHERE TRUE GROUP BY '[p_DAR_REF]','[p_objet]','[p_RA]','[p_COL]' ,'[p_ROW]' ,'[p_PERD]'",
    "SQL_CODE_FINAL": "SELECT '202405' AS DAR,'0' AS idObjet,'ra21' AS RA,'C001' AS COL,'R000' AS `ROW`,'[M12N1]' AS PERD,Sum(MT_VERST) AS VAL FROM vw_CUBE_DPLT_ICARE_BPCE_ENCR WHERE TRUE  AND PERD_ARRT_INFO = 202312 AND CODE_NIV3_ICARE IN ('3_EPAR_SAL','3_EPAR_BIL','3_EQUIP','3_CONSO','3_ETU') AND CODE_ORGN_FINN IN ('11111') GROUP BY '202405','0','ra21','C001' ,'R000' ,'[M12N1]'",
    "PERIMETRE": "SOURCE",
    "DATE_TRT": "2024-06-18 15:07:16.189129"
}'
2024-06-18 15:07:16 DEBUG uploaded into database'{
    "idLigne": 211,
    "idObjet": 1,
    "TBD": "BARO_BDD_CE",
    "PAGE": "Page 1",
    "OBJET": "tb2",
    "DAT_REF": "202405",
    "PERD": "[M-7]",
    "RA_CODE": "ra23",
    "COLS_CODE": "C000",
    "ROWS_CODE": "R002",
    "SQL_CODE_SRC": "SELECT '[p_DAR_REF]' AS DAR,'[p_objet]' AS idObjet,'[p_RA]' AS RA,'[p_COL]' AS COL,'[p_ROW]' AS `ROW`,'[p_PERD]' AS PERD,Sum(VALR_INDC) AS VAL FROM [p_CUBE] WHERE CODE_INDC = '[p_INDI]' GROUP BY '[p_DAR_REF]','[p_objet]','[p_RA]','[p_COL]' ,'[p_ROW]' ,'[p_PERD]'",
    "SQL_CODE_FINAL": "SELECT '202405' AS DAR,'1' AS idObjet,'ra23' AS RA,'C000' AS COL,'R002' AS `ROW`,'[M-7]' AS PERD,Sum(VALR_INDC) AS VAL FROM vw_CUBE_VBPCE_APC_FAITS WHERE CODE_INDC = 'MT_FAITS_1'  AND PERD_ARRT_INFO = 202310 AND CODE_NIV3_APC IN ('3_EPAR_SAL','3_EPAR_BIL','3_EQUIP','3_CONSO','3_ETU') AND CODE_ORGN_FINN IN ('33333') GROUP BY '202405','1','ra23','C000' ,'R002' ,'[M-7]'",
    "PERIMETRE": "SOURCE",
    "DATE_TRT": "2024-06-18 15:07:16.202347"
}'
2024-06-18 15:07:16 DEBUG uploaded into database'{
    "idLigne": 210,
    "idObjet": 1,
    "TBD": "BARO_BDD_CE",
    "PAGE": "Page 1",
    "OBJET": "tb2",
    "DAT_REF": "202405",
    "PERD": "[M-7]",
    "RA_CODE": "ra23",
    "COLS_CODE": "C000",
    "ROWS_CODE": "R001",
    "SQL_CODE_SRC": "SELECT '[p_DAR_REF]' AS DAR,'[p_objet]' AS idObjet,'[p_RA]' AS RA,'[p_COL]' AS COL,'[p_ROW]' AS `ROW`,'[p_PERD]' AS PERD,Sum(VALR_INDC) AS VAL FROM [p_CUBE] WHERE CODE_INDC = '[p_INDI]' GROUP BY '[p_DAR_REF]','[p_objet]','[p_RA]','[p_COL]' ,'[p_ROW]' ,'[p_PERD]'",
    "SQL_CODE_FINAL": "SELECT '202405' AS DAR,'1' AS idObjet,'ra23' AS RA,'C000' AS COL,'R001' AS `ROW`,'[M-7]' AS PERD,Sum(VALR_INDC) AS VAL FROM vw_CUBE_VBPCE_APC_FAITS WHERE CODE_INDC = 'MT_FAITS_1'  AND PERD_ARRT_INFO = 202310 AND CODE_NIV3_APC IN ('3_EPAR_SAL','3_EPAR_BIL','3_EQUIP','3_CONSO','3_ETU') AND CODE_ORGN_FINN IN ('22222') GROUP BY '202405','1','ra23','C000' ,'R001' ,'[M-7]'",
    "PERIMETRE": "SOURCE",
    "DATE_TRT": "2024-06-18 15:07:16.210830"
}'
2024-06-18 15:07:16 DEBUG uploaded into database'{
    "idLigne": 209,
    "idObjet": 1,
    "TBD": "BARO_BDD_CE",
    "PAGE": "Page 1",
    "OBJET": "tb2",
    "DAT_REF": "202405",
    "PERD": "[M-7]",
    "RA_CODE": "ra23",
    "COLS_CODE": "C000",
    "ROWS_CODE": "R000",
    "SQL_CODE_SRC": "SELECT '[p_DAR_REF]' AS DAR,'[p_objet]' AS idObjet,'[p_RA]' AS RA,'[p_COL]' AS COL,'[p_ROW]' AS `ROW`,'[p_PERD]' AS PERD,Sum(VALR_INDC) AS VAL FROM [p_CUBE] WHERE CODE_INDC = '[p_INDI]' GROUP BY '[p_DAR_REF]','[p_objet]','[p_RA]','[p_COL]' ,'[p_ROW]' ,'[p_PERD]'",
    "SQL_CODE_FINAL": "SELECT '202405' AS DAR,'1' AS idObjet,'ra23' AS RA,'C000' AS COL,'R000' AS `ROW`,'[M-7]' AS PERD,Sum(VALR_INDC) AS VAL FROM vw_CUBE_VBPCE_APC_FAITS WHERE CODE_INDC = 'MT_FAITS_1'  AND PERD_ARRT_INFO = 202310 AND CODE_NIV3_APC IN ('3_EPAR_SAL','3_EPAR_BIL','3_EQUIP','3_CONSO','3_ETU') AND CODE_ORGN_FINN IN ('11111') GROUP BY '202405','1','ra23','C000' ,'R000' ,'[M-7]'",
    "PERIMETRE": "SOURCE",
    "DATE_TRT": "2024-06-18 15:07:16.218784"
}'
2024-06-18 15:07:16 DEBUG uploaded into database'{
    "idLigne": 214,
    "idObjet": 1,
    "TBD": "BARO_BDD_CE",
    "PAGE": "Page 1",
    "OBJET": "tb2",
    "DAT_REF": "202405",
    "PERD": "[M-7]",
    "RA_CODE": "ra24",
    "COLS_CODE": "C001",
    "ROWS_CODE": "R002",
    "SQL_CODE_SRC": "SELECT '[p_DAR_REF]' AS DAR,'[p_objet]' AS idObjet,'[p_RA]' AS RA,'[p_COL]' AS COL,'[p_ROW]' AS `ROW`,'[p_PERD]' AS PERD,Sum(VALR_INDC) AS VAL FROM [p_CUBE] WHERE CODE_INDC = '[p_INDI]' GROUP BY '[p_DAR_REF]','[p_objet]','[p_RA]','[p_COL]' ,'[p_ROW]' ,'[p_PERD]'",
    "SQL_CODE_FINAL": "SELECT '202405' AS DAR,'1' AS idObjet,'ra24' AS RA,'C001' AS COL,'R002' AS `ROW`,'[M-7]' AS PERD,Sum(VALR_INDC) AS VAL FROM vw_CUBE_VBPCE_APC_FAITS WHERE CODE_INDC = 'MT_FAITS_2'  AND PERD_ARRT_INFO = 202310 AND CODE_NIV3_APC IN ('3_EPAR_SAL','3_EPAR_BIL','3_EQUIP','3_CONSO','3_ETU') AND CODE_ORGN_FINN IN ('33333') GROUP BY '202405','1','ra24','C001' ,'R002' ,'[M-7]'",
    "PERIMETRE": "SOURCE",
    "DATE_TRT": "2024-06-18 15:07:16.223925"
}'
2024-06-18 15:07:16 DEBUG uploaded into database'{
    "idLigne": 213,
    "idObjet": 1,
    "TBD": "BARO_BDD_CE",
    "PAGE": "Page 1",
    "OBJET": "tb2",
    "DAT_REF": "202405",
    "PERD": "[M-7]",
    "RA_CODE": "ra24",
    "COLS_CODE": "C001",
    "ROWS_CODE": "R001",
    "SQL_CODE_SRC": "SELECT '[p_DAR_REF]' AS DAR,'[p_objet]' AS idObjet,'[p_RA]' AS RA,'[p_COL]' AS COL,'[p_ROW]' AS `ROW`,'[p_PERD]' AS PERD,Sum(VALR_INDC) AS VAL FROM [p_CUBE] WHERE CODE_INDC = '[p_INDI]' GROUP BY '[p_DAR_REF]','[p_objet]','[p_RA]','[p_COL]' ,'[p_ROW]' ,'[p_PERD]'",
    "SQL_CODE_FINAL": "SELECT '202405' AS DAR,'1' AS idObjet,'ra24' AS RA,'C001' AS COL,'R001' AS `ROW`,'[M-7]' AS PERD,Sum(VALR_INDC) AS VAL FROM vw_CUBE_VBPCE_APC_FAITS WHERE CODE_INDC = 'MT_FAITS_2'  AND PERD_ARRT_INFO = 202310 AND CODE_NIV3_APC IN ('3_EPAR_SAL','3_EPAR_BIL','3_EQUIP','3_CONSO','3_ETU') AND CODE_ORGN_FINN IN ('22222') GROUP BY '202405','1','ra24','C001' ,'R001' ,'[M-7]'",
    "PERIMETRE": "SOURCE",
    "DATE_TRT": "2024-06-18 15:07:16.234398"
}'
2024-06-18 15:07:16 DEBUG uploaded into database'{
    "idLigne": 212,
    "idObjet": 1,
    "TBD": "BARO_BDD_CE",
    "PAGE": "Page 1",
    "OBJET": "tb2",
    "DAT_REF": "202405",
    "PERD": "[M-7]",
    "RA_CODE": "ra24",
    "COLS_CODE": "C001",
    "ROWS_CODE": "R000",
    "SQL_CODE_SRC": "SELECT '[p_DAR_REF]' AS DAR,'[p_objet]' AS idObjet,'[p_RA]' AS RA,'[p_COL]' AS COL,'[p_ROW]' AS `ROW`,'[p_PERD]' AS PERD,Sum(VALR_INDC) AS VAL FROM [p_CUBE] WHERE CODE_INDC = '[p_INDI]' GROUP BY '[p_DAR_REF]','[p_objet]','[p_RA]','[p_COL]' ,'[p_ROW]' ,'[p_PERD]'",
    "SQL_CODE_FINAL": "SELECT '202405' AS DAR,'1' AS idObjet,'ra24' AS RA,'C001' AS COL,'R000' AS `ROW`,'[M-7]' AS PERD,Sum(VALR_INDC) AS VAL FROM vw_CUBE_VBPCE_APC_FAITS WHERE CODE_INDC = 'MT_FAITS_2'  AND PERD_ARRT_INFO = 202310 AND CODE_NIV3_APC IN ('3_EPAR_SAL','3_EPAR_BIL','3_EQUIP','3_CONSO','3_ETU') AND CODE_ORGN_FINN IN ('11111') GROUP BY '202405','1','ra24','C001' ,'R000' ,'[M-7]'",
    "PERIMETRE": "SOURCE",
    "DATE_TRT": "2024-06-18 15:07:16.237429"
}'
2024-06-18 15:07:16 DEBUG uploaded into database'{
    "idLigne": 227,
    "idObjet": 2,
    "TBD": "BARO_BDD_CE",
    "PAGE": "Page 2",
    "OBJET": "tb1",
    "DAT_REF": "202405",
    "PERD": "[M-7]",
    "RA_CODE": "ra29",
    "COLS_CODE": "C000",
    "ROWS_CODE": "R003",
    "SQL_CODE_SRC": "SELECT '[p_DAR_REF]' AS DAR,'[p_objet]' AS idObjet,'[p_RA]' AS RA,'[p_COL]' AS COL,'[p_ROW]' AS `ROW`,'[p_PERD]' AS PERD,Sum(VALR_INDC) AS VAL FROM [p_CUBE] WHERE CODE_INDC = '[p_INDI]' GROUP BY '[p_DAR_REF]','[p_objet]','[p_RA]','[p_COL]' ,'[p_ROW]' ,'[p_PERD]'",
    "SQL_CODE_FINAL": "SELECT '202405' AS DAR,'2' AS idObjet,'ra29' AS RA,'C000' AS COL,'R003' AS `ROW`,'[M-7]' AS PERD,Sum(VALR_INDC) AS VAL FROM vw_CUBE_VBPCE_APC_FAITS WHERE CODE_INDC = 'MT_FAITS_1'  AND PERD_ARRT_INFO = 202310 AND CODE_NIV3_APC IN ('3_EPAR_SAL','3_EPAR_BIL','3_EQUIP','3_CONSO','3_ETU') AND CODE_ORGN_FINN IN ('11111','22222','33333') GROUP BY '202405','2','ra29','C000' ,'R003' ,'[M-7]'",
    "PERIMETRE": "SOURCE",
    "DATE_TRT": "2024-06-18 15:07:16.246505"
}'
2024-06-18 15:07:16 DEBUG uploaded into database'{
    "idLigne": 220,
    "idObjet": 2,
    "TBD": "BARO_BDD_CE",
    "PAGE": "Page 2",
    "OBJET": "tb1",
    "DAT_REF": "202405",
    "PERD": "[M-7]",
    "RA_CODE": "ra26",
    "COLS_CODE": "C000",
    "ROWS_CODE": "R002",
    "SQL_CODE_SRC": "SELECT '[p_DAR_REF]' AS DAR,'[p_objet]' AS idObjet,'[p_RA]' AS RA,'[p_COL]' AS COL,'[p_ROW]' AS `ROW`,'[p_PERD]' AS PERD,Sum(VALR_INDC) AS VAL FROM [p_CUBE] WHERE CODE_INDC = '[p_INDI]' GROUP BY '[p_DAR_REF]','[p_objet]','[p_RA]','[p_COL]' ,'[p_ROW]' ,'[p_PERD]'",
    "SQL_CODE_FINAL": "SELECT '202405' AS DAR,'2' AS idObjet,'ra26' AS RA,'C000' AS COL,'R002' AS `ROW`,'[M-7]' AS PERD,Sum(VALR_INDC) AS VAL FROM vw_CUBE_VBPCE_APC_FAITS WHERE CODE_INDC = 'MT_FAITS_1'  AND PERD_ARRT_INFO = 202310 AND CODE_NIV3_APC IN ('3_EPAR_SAL','3_EPAR_BIL','3_EQUIP','3_CONSO','3_ETU') AND CODE_ORGN_FINN IN ('33333') GROUP BY '202405','2','ra26','C000' ,'R002' ,'[M-7]'",
    "PERIMETRE": "SOURCE",
    "DATE_TRT": "2024-06-18 15:07:16.254338"
}'
2024-06-18 15:07:16 DEBUG uploaded into database'{
    "idLigne": 219,
    "idObjet": 2,
    "TBD": "BARO_BDD_CE",
    "PAGE": "Page 2",
    "OBJET": "tb1",
    "DAT_REF": "202405",
    "PERD": "[M-7]",
    "RA_CODE": "ra26",
    "COLS_CODE": "C000",
    "ROWS_CODE": "R001",
    "SQL_CODE_SRC": "SELECT '[p_DAR_REF]' AS DAR,'[p_objet]' AS idObjet,'[p_RA]' AS RA,'[p_COL]' AS COL,'[p_ROW]' AS `ROW`,'[p_PERD]' AS PERD,Sum(VALR_INDC) AS VAL FROM [p_CUBE] WHERE CODE_INDC = '[p_INDI]' GROUP BY '[p_DAR_REF]','[p_objet]','[p_RA]','[p_COL]' ,'[p_ROW]' ,'[p_PERD]'",
    "SQL_CODE_FINAL": "SELECT '202405' AS DAR,'2' AS idObjet,'ra26' AS RA,'C000' AS COL,'R001' AS `ROW`,'[M-7]' AS PERD,Sum(VALR_INDC) AS VAL FROM vw_CUBE_VBPCE_APC_FAITS WHERE CODE_INDC = 'MT_FAITS_1'  AND PERD_ARRT_INFO = 202310 AND CODE_NIV3_APC IN ('3_EPAR_SAL','3_EPAR_BIL','3_EQUIP','3_CONSO','3_ETU') AND CODE_ORGN_FINN IN ('22222') GROUP BY '202405','2','ra26','C000' ,'R001' ,'[M-7]'",
    "PERIMETRE": "SOURCE",
    "DATE_TRT": "2024-06-18 15:07:16.264237"
}'
2024-06-18 15:07:16 DEBUG uploaded into database'{
    "idLigne": 218,
    "idObjet": 2,
    "TBD": "BARO_BDD_CE",
    "PAGE": "Page 2",
    "OBJET": "tb1",
    "DAT_REF": "202405",
    "PERD": "[M-7]",
    "RA_CODE": "ra26",
    "COLS_CODE": "C000",
    "ROWS_CODE": "R000",
    "SQL_CODE_SRC": "SELECT '[p_DAR_REF]' AS DAR,'[p_objet]' AS idObjet,'[p_RA]' AS RA,'[p_COL]' AS COL,'[p_ROW]' AS `ROW`,'[p_PERD]' AS PERD,Sum(VALR_INDC) AS VAL FROM [p_CUBE] WHERE CODE_INDC = '[p_INDI]' GROUP BY '[p_DAR_REF]','[p_objet]','[p_RA]','[p_COL]' ,'[p_ROW]' ,'[p_PERD]'",
    "SQL_CODE_FINAL": "SELECT '202405' AS DAR,'2' AS idObjet,'ra26' AS RA,'C000' AS COL,'R000' AS `ROW`,'[M-7]' AS PERD,Sum(VALR_INDC) AS VAL FROM vw_CUBE_VBPCE_APC_FAITS WHERE CODE_INDC = 'MT_FAITS_1'  AND PERD_ARRT_INFO = 202310 AND CODE_NIV3_APC IN ('3_EPAR_SAL','3_EPAR_BIL','3_EQUIP','3_CONSO','3_ETU') AND CODE_ORGN_FINN IN ('11111') GROUP BY '202405','2','ra26','C000' ,'R000' ,'[M-7]'",
    "PERIMETRE": "SOURCE",
    "DATE_TRT": "2024-06-18 15:07:16.270306"
}'
2024-06-18 15:07:16 DEBUG uploaded into database'{
    "idLigne": 228,
    "idObjet": 2,
    "TBD": "BARO_BDD_CE",
    "PAGE": "Page 2",
    "OBJET": "tb1",
    "DAT_REF": "202405",
    "PERD": "[M12N1]",
    "RA_CODE": "ra30",
    "COLS_CODE": "C001",
    "ROWS_CODE": "R003",
    "SQL_CODE_SRC": "SELECT '[p_DAR_REF]' AS DAR,'[p_objet]' AS idObjet,'[p_RA]' AS RA,'[p_COL]' AS COL,'[p_ROW]' AS `ROW`,'[p_PERD]' AS PERD,Sum([p_INDI]) AS VAL FROM [p_CUBE] WHERE TRUE GROUP BY '[p_DAR_REF]','[p_objet]','[p_RA]','[p_COL]' ,'[p_ROW]' ,'[p_PERD]'",
    "SQL_CODE_FINAL": "SELECT '202405' AS DAR,'2' AS idObjet,'ra30' AS RA,'C001' AS COL,'R003' AS `ROW`,'[M12N1]' AS PERD,Sum(MT_COMM) AS VAL FROM vw_CUBE_DPLT_ICARE_BPCE_ENCR WHERE TRUE  AND PERD_ARRT_INFO = 202312 AND CODE_NIV3_ICARE IN ('3_EPAR_SAL','3_EPAR_BIL','3_EQUIP','3_CONSO','3_ETU') AND CODE_ORGN_FINN IN ('11111','22222','33333') GROUP BY '202405','2','ra30','C001' ,'R003' ,'[M12N1]'",
    "PERIMETRE": "SOURCE",
    "DATE_TRT": "2024-06-18 15:07:16.275358"
}'
2024-06-18 15:07:16 DEBUG uploaded into database'{
    "idLigne": 223,
    "idObjet": 2,
    "TBD": "BARO_BDD_CE",
    "PAGE": "Page 2",
    "OBJET": "tb1",
    "DAT_REF": "202405",
    "PERD": "[M12N1]",
    "RA_CODE": "ra27",
    "COLS_CODE": "C001",
    "ROWS_CODE": "R002",
    "SQL_CODE_SRC": "SELECT '[p_DAR_REF]' AS DAR,'[p_objet]' AS idObjet,'[p_RA]' AS RA,'[p_COL]' AS COL,'[p_ROW]' AS `ROW`,'[p_PERD]' AS PERD,Sum([p_INDI]) AS VAL FROM [p_CUBE] WHERE TRUE GROUP BY '[p_DAR_REF]','[p_objet]','[p_RA]','[p_COL]' ,'[p_ROW]' ,'[p_PERD]'",
    "SQL_CODE_FINAL": "SELECT '202405' AS DAR,'2' AS idObjet,'ra27' AS RA,'C001' AS COL,'R002' AS `ROW`,'[M12N1]' AS PERD,Sum(MT_COMM) AS VAL FROM vw_CUBE_DPLT_ICARE_BPCE_ENCR WHERE TRUE  AND PERD_ARRT_INFO = 202312 AND CODE_NIV3_ICARE IN ('3_EPAR_SAL','3_EPAR_BIL','3_EQUIP','3_CONSO','3_ETU') AND CODE_ORGN_FINN IN ('33333') GROUP BY '202405','2','ra27','C001' ,'R002' ,'[M12N1]'",
    "PERIMETRE": "SOURCE",
    "DATE_TRT": "2024-06-18 15:07:16.284381"
}'
2024-06-18 15:07:16 DEBUG uploaded into database'{
    "idLigne": 222,
    "idObjet": 2,
    "TBD": "BARO_BDD_CE",
    "PAGE": "Page 2",
    "OBJET": "tb1",
    "DAT_REF": "202405",
    "PERD": "[M12N1]",
    "RA_CODE": "ra27",
    "COLS_CODE": "C001",
    "ROWS_CODE": "R001",
    "SQL_CODE_SRC": "SELECT '[p_DAR_REF]' AS DAR,'[p_objet]' AS idObjet,'[p_RA]' AS RA,'[p_COL]' AS COL,'[p_ROW]' AS `ROW`,'[p_PERD]' AS PERD,Sum([p_INDI]) AS VAL FROM [p_CUBE] WHERE TRUE GROUP BY '[p_DAR_REF]','[p_objet]','[p_RA]','[p_COL]' ,'[p_ROW]' ,'[p_PERD]'",
    "SQL_CODE_FINAL": "SELECT '202405' AS DAR,'2' AS idObjet,'ra27' AS RA,'C001' AS COL,'R001' AS `ROW`,'[M12N1]' AS PERD,Sum(MT_COMM) AS VAL FROM vw_CUBE_DPLT_ICARE_BPCE_ENCR WHERE TRUE  AND PERD_ARRT_INFO = 202312 AND CODE_NIV3_ICARE IN ('3_EPAR_SAL','3_EPAR_BIL','3_EQUIP','3_CONSO','3_ETU') AND CODE_ORGN_FINN IN ('22222') GROUP BY '202405','2','ra27','C001' ,'R001' ,'[M12N1]'",
    "PERIMETRE": "SOURCE",
    "DATE_TRT": "2024-06-18 15:07:16.287711"
}'
2024-06-18 15:07:16 DEBUG uploaded into database'{
    "idLigne": 221,
    "idObjet": 2,
    "TBD": "BARO_BDD_CE",
    "PAGE": "Page 2",
    "OBJET": "tb1",
    "DAT_REF": "202405",
    "PERD": "[M12N1]",
    "RA_CODE": "ra27",
    "COLS_CODE": "C001",
    "ROWS_CODE": "R000",
    "SQL_CODE_SRC": "SELECT '[p_DAR_REF]' AS DAR,'[p_objet]' AS idObjet,'[p_RA]' AS RA,'[p_COL]' AS COL,'[p_ROW]' AS `ROW`,'[p_PERD]' AS PERD,Sum([p_INDI]) AS VAL FROM [p_CUBE] WHERE TRUE GROUP BY '[p_DAR_REF]','[p_objet]','[p_RA]','[p_COL]' ,'[p_ROW]' ,'[p_PERD]'",
    "SQL_CODE_FINAL": "SELECT '202405' AS DAR,'2' AS idObjet,'ra27' AS RA,'C001' AS COL,'R000' AS `ROW`,'[M12N1]' AS PERD,Sum(MT_COMM) AS VAL FROM vw_CUBE_DPLT_ICARE_BPCE_ENCR WHERE TRUE  AND PERD_ARRT_INFO = 202312 AND CODE_NIV3_ICARE IN ('3_EPAR_SAL','3_EPAR_BIL','3_EQUIP','3_CONSO','3_ETU') AND CODE_ORGN_FINN IN ('11111') GROUP BY '202405','2','ra27','C001' ,'R000' ,'[M12N1]'",
    "PERIMETRE": "SOURCE",
    "DATE_TRT": "2024-06-18 15:07:16.294218"
}'
2024-06-18 15:08:20 DEBUG populating 'AGADIR' schema's refsql  with dateref '202405'
2024-06-18 15:08:20 DEBUG Building SSL context
2024-06-18 15:08:20 DEBUG Switching to SSL
2024-06-18 15:08:20 DEBUG SSL has been enabled
2024-06-18 15:08:20 DEBUG Starting authorization phase
2024-06-18 15:08:20 DEBUG The provided initial strategy is caching_sha2_password
2024-06-18 15:08:20 INFO package: mysql.connector.plugins
2024-06-18 15:08:20 INFO plugin_name: caching_sha2_password
2024-06-18 15:08:20 INFO AUTHENTICATION_PLUGIN_CLASS: MySQLCachingSHA2PasswordAuthPlugin
2024-06-18 15:08:20 DEBUG Exchanging further packets
2024-06-18 15:08:20 DEBUG caching_sha2_password completed succesfully
2024-06-18 15:08:20 DEBUG uploaded into database'{
    "idLigne": 202,
    "idObjet": 0,
    "TBD": "BARO_BDD_CE_TEST_MODIF",
    "PAGE": "Page 1",
    "OBJET": "tb1",
    "DAT_REF": "202405",
    "PERD": "[M12N1]",
    "RA_CODE": "ra20",
    "COLS_CODE": "C000",
    "ROWS_CODE": "R002",
    "SQL_CODE_SRC": "SELECT '[p_DAR_REF]' AS DAR,'[p_objet]' AS idObjet,'[p_RA]' AS RA,'[p_COL]' AS COL,'[p_ROW]' AS `ROW`,'[p_PERD]' AS PERD,Sum([p_INDI]) AS VAL FROM [p_CUBE] WHERE TRUE GROUP BY '[p_DAR_REF]','[p_objet]','[p_RA]','[p_COL]' ,'[p_ROW]' ,'[p_PERD]'",
    "SQL_CODE_FINAL": "SELECT '202405' AS DAR,'0' AS idObjet,'ra20' AS RA,'C000' AS COL,'R002' AS `ROW`,'[M12N1]' AS PERD,Sum(MT_COMM) AS VAL FROM vw_CUBE_DPLT_ICARE_BPCE_ENCR WHERE TRUE  AND PERD_ARRT_INFO = 202312 AND CODE_NIV3_ICARE IN ('3_EPAR_SAL','3_EPAR_BIL','3_EQUIP','3_ETU','3_CONSO') AND CODE_ORGN_FINN IN ('33333') GROUP BY '202405','0','ra20','C000' ,'R002' ,'[M12N1]'",
    "PERIMETRE": "SOURCE",
    "DATE_TRT": "2024-06-18 15:08:20.683920"
}'
2024-06-18 15:08:20 DEBUG uploaded into database'{
    "idLigne": 201,
    "idObjet": 0,
    "TBD": "BARO_BDD_CE_TEST_MODIF",
    "PAGE": "Page 1",
    "OBJET": "tb1",
    "DAT_REF": "202405",
    "PERD": "[M12N1]",
    "RA_CODE": "ra20",
    "COLS_CODE": "C000",
    "ROWS_CODE": "R001",
    "SQL_CODE_SRC": "SELECT '[p_DAR_REF]' AS DAR,'[p_objet]' AS idObjet,'[p_RA]' AS RA,'[p_COL]' AS COL,'[p_ROW]' AS `ROW`,'[p_PERD]' AS PERD,Sum([p_INDI]) AS VAL FROM [p_CUBE] WHERE TRUE GROUP BY '[p_DAR_REF]','[p_objet]','[p_RA]','[p_COL]' ,'[p_ROW]' ,'[p_PERD]'",
    "SQL_CODE_FINAL": "SELECT '202405' AS DAR,'0' AS idObjet,'ra20' AS RA,'C000' AS COL,'R001' AS `ROW`,'[M12N1]' AS PERD,Sum(MT_COMM) AS VAL FROM vw_CUBE_DPLT_ICARE_BPCE_ENCR WHERE TRUE  AND PERD_ARRT_INFO = 202312 AND CODE_NIV3_ICARE IN ('3_EPAR_SAL','3_EPAR_BIL','3_EQUIP','3_ETU','3_CONSO') AND CODE_ORGN_FINN IN ('22222') GROUP BY '202405','0','ra20','C000' ,'R001' ,'[M12N1]'",
    "PERIMETRE": "SOURCE",
    "DATE_TRT": "2024-06-18 15:08:20.698540"
}'
2024-06-18 15:08:20 DEBUG uploaded into database'{
    "idLigne": 200,
    "idObjet": 0,
    "TBD": "BARO_BDD_CE_TEST_MODIF",
    "PAGE": "Page 1",
    "OBJET": "tb1",
    "DAT_REF": "202405",
    "PERD": "[M12N1]",
    "RA_CODE": "ra20",
    "COLS_CODE": "C000",
    "ROWS_CODE": "R000",
    "SQL_CODE_SRC": "SELECT '[p_DAR_REF]' AS DAR,'[p_objet]' AS idObjet,'[p_RA]' AS RA,'[p_COL]' AS COL,'[p_ROW]' AS `ROW`,'[p_PERD]' AS PERD,Sum([p_INDI]) AS VAL FROM [p_CUBE] WHERE TRUE GROUP BY '[p_DAR_REF]','[p_objet]','[p_RA]','[p_COL]' ,'[p_ROW]' ,'[p_PERD]'",
    "SQL_CODE_FINAL": "SELECT '202405' AS DAR,'0' AS idObjet,'ra20' AS RA,'C000' AS COL,'R000' AS `ROW`,'[M12N1]' AS PERD,Sum(MT_COMM) AS VAL FROM vw_CUBE_DPLT_ICARE_BPCE_ENCR WHERE TRUE  AND PERD_ARRT_INFO = 202312 AND CODE_NIV3_ICARE IN ('3_EPAR_SAL','3_EPAR_BIL','3_EQUIP','3_ETU','3_CONSO') AND CODE_ORGN_FINN IN ('11111') GROUP BY '202405','0','ra20','C000' ,'R000' ,'[M12N1]'",
    "PERIMETRE": "SOURCE",
    "DATE_TRT": "2024-06-18 15:08:20.707860"
}'
2024-06-18 15:08:20 DEBUG uploaded into database'{
    "idLigne": 205,
    "idObjet": 0,
    "TBD": "BARO_BDD_CE_TEST_MODIF",
    "PAGE": "Page 1",
    "OBJET": "tb1",
    "DAT_REF": "202405",
    "PERD": "[M12N1]",
    "RA_CODE": "ra21",
    "COLS_CODE": "C001",
    "ROWS_CODE": "R002",
    "SQL_CODE_SRC": "SELECT '[p_DAR_REF]' AS DAR,'[p_objet]' AS idObjet,'[p_RA]' AS RA,'[p_COL]' AS COL,'[p_ROW]' AS `ROW`,'[p_PERD]' AS PERD,Sum([p_INDI]) AS VAL FROM [p_CUBE] WHERE TRUE GROUP BY '[p_DAR_REF]','[p_objet]','[p_RA]','[p_COL]' ,'[p_ROW]' ,'[p_PERD]'",
    "SQL_CODE_FINAL": "SELECT '202405' AS DAR,'0' AS idObjet,'ra21' AS RA,'C001' AS COL,'R002' AS `ROW`,'[M12N1]' AS PERD,Sum(MT_VERST) AS VAL FROM vw_CUBE_DPLT_ICARE_BPCE_ENCR WHERE TRUE  AND PERD_ARRT_INFO = 202312 AND CODE_NIV3_ICARE IN ('3_EPAR_SAL','3_EPAR_BIL','3_EQUIP','3_CONSO','3_ETU') AND CODE_ORGN_FINN IN ('33333') GROUP BY '202405','0','ra21','C001' ,'R002' ,'[M12N1]'",
    "PERIMETRE": "SOURCE",
    "DATE_TRT": "2024-06-18 15:08:20.715195"
}'
2024-06-18 15:08:20 DEBUG uploaded into database'{
    "idLigne": 204,
    "idObjet": 0,
    "TBD": "BARO_BDD_CE_TEST_MODIF",
    "PAGE": "Page 1",
    "OBJET": "tb1",
    "DAT_REF": "202405",
    "PERD": "[M12N1]",
    "RA_CODE": "ra21",
    "COLS_CODE": "C001",
    "ROWS_CODE": "R001",
    "SQL_CODE_SRC": "SELECT '[p_DAR_REF]' AS DAR,'[p_objet]' AS idObjet,'[p_RA]' AS RA,'[p_COL]' AS COL,'[p_ROW]' AS `ROW`,'[p_PERD]' AS PERD,Sum([p_INDI]) AS VAL FROM [p_CUBE] WHERE TRUE GROUP BY '[p_DAR_REF]','[p_objet]','[p_RA]','[p_COL]' ,'[p_ROW]' ,'[p_PERD]'",
    "SQL_CODE_FINAL": "SELECT '202405' AS DAR,'0' AS idObjet,'ra21' AS RA,'C001' AS COL,'R001' AS `ROW`,'[M12N1]' AS PERD,Sum(MT_VERST) AS VAL FROM vw_CUBE_DPLT_ICARE_BPCE_ENCR WHERE TRUE  AND PERD_ARRT_INFO = 202312 AND CODE_NIV3_ICARE IN ('3_EPAR_SAL','3_EPAR_BIL','3_EQUIP','3_CONSO','3_ETU') AND CODE_ORGN_FINN IN ('22222') GROUP BY '202405','0','ra21','C001' ,'R001' ,'[M12N1]'",
    "PERIMETRE": "SOURCE",
    "DATE_TRT": "2024-06-18 15:08:20.727456"
}'
2024-06-18 15:08:20 DEBUG uploaded into database'{
    "idLigne": 203,
    "idObjet": 0,
    "TBD": "BARO_BDD_CE_TEST_MODIF",
    "PAGE": "Page 1",
    "OBJET": "tb1",
    "DAT_REF": "202405",
    "PERD": "[M12N1]",
    "RA_CODE": "ra21",
    "COLS_CODE": "C001",
    "ROWS_CODE": "R000",
    "SQL_CODE_SRC": "SELECT '[p_DAR_REF]' AS DAR,'[p_objet]' AS idObjet,'[p_RA]' AS RA,'[p_COL]' AS COL,'[p_ROW]' AS `ROW`,'[p_PERD]' AS PERD,Sum([p_INDI]) AS VAL FROM [p_CUBE] WHERE TRUE GROUP BY '[p_DAR_REF]','[p_objet]','[p_RA]','[p_COL]' ,'[p_ROW]' ,'[p_PERD]'",
    "SQL_CODE_FINAL": "SELECT '202405' AS DAR,'0' AS idObjet,'ra21' AS RA,'C001' AS COL,'R000' AS `ROW`,'[M12N1]' AS PERD,Sum(MT_VERST) AS VAL FROM vw_CUBE_DPLT_ICARE_BPCE_ENCR WHERE TRUE  AND PERD_ARRT_INFO = 202312 AND CODE_NIV3_ICARE IN ('3_EPAR_SAL','3_EPAR_BIL','3_EQUIP','3_CONSO','3_ETU') AND CODE_ORGN_FINN IN ('11111') GROUP BY '202405','0','ra21','C001' ,'R000' ,'[M12N1]'",
    "PERIMETRE": "SOURCE",
    "DATE_TRT": "2024-06-18 15:08:20.734103"
}'
2024-06-18 15:08:20 DEBUG uploaded into database'{
    "idLigne": 211,
    "idObjet": 1,
    "TBD": "BARO_BDD_CE",
    "PAGE": "Page 1",
    "OBJET": "tb2",
    "DAT_REF": "202405",
    "PERD": "[M-7]",
    "RA_CODE": "ra23",
    "COLS_CODE": "C000",
    "ROWS_CODE": "R002",
    "SQL_CODE_SRC": "SELECT '[p_DAR_REF]' AS DAR,'[p_objet]' AS idObjet,'[p_RA]' AS RA,'[p_COL]' AS COL,'[p_ROW]' AS `ROW`,'[p_PERD]' AS PERD,Sum(VALR_INDC) AS VAL FROM [p_CUBE] WHERE CODE_INDC = '[p_INDI]' GROUP BY '[p_DAR_REF]','[p_objet]','[p_RA]','[p_COL]' ,'[p_ROW]' ,'[p_PERD]'",
    "SQL_CODE_FINAL": "SELECT '202405' AS DAR,'1' AS idObjet,'ra23' AS RA,'C000' AS COL,'R002' AS `ROW`,'[M-7]' AS PERD,Sum(VALR_INDC) AS VAL FROM vw_CUBE_VBPCE_APC_FAITS WHERE CODE_INDC = 'MT_FAITS_1'  AND PERD_ARRT_INFO = 202310 AND CODE_NIV3_APC IN ('3_EPAR_SAL','3_EPAR_BIL','3_EQUIP','3_CONSO','3_ETU') AND CODE_ORGN_FINN IN ('33333') GROUP BY '202405','1','ra23','C000' ,'R002' ,'[M-7]'",
    "PERIMETRE": "SOURCE",
    "DATE_TRT": "2024-06-18 15:08:20.744899"
}'
2024-06-18 15:08:20 DEBUG uploaded into database'{
    "idLigne": 210,
    "idObjet": 1,
    "TBD": "BARO_BDD_CE",
    "PAGE": "Page 1",
    "OBJET": "tb2",
    "DAT_REF": "202405",
    "PERD": "[M-7]",
    "RA_CODE": "ra23",
    "COLS_CODE": "C000",
    "ROWS_CODE": "R001",
    "SQL_CODE_SRC": "SELECT '[p_DAR_REF]' AS DAR,'[p_objet]' AS idObjet,'[p_RA]' AS RA,'[p_COL]' AS COL,'[p_ROW]' AS `ROW`,'[p_PERD]' AS PERD,Sum(VALR_INDC) AS VAL FROM [p_CUBE] WHERE CODE_INDC = '[p_INDI]' GROUP BY '[p_DAR_REF]','[p_objet]','[p_RA]','[p_COL]' ,'[p_ROW]' ,'[p_PERD]'",
    "SQL_CODE_FINAL": "SELECT '202405' AS DAR,'1' AS idObjet,'ra23' AS RA,'C000' AS COL,'R001' AS `ROW`,'[M-7]' AS PERD,Sum(VALR_INDC) AS VAL FROM vw_CUBE_VBPCE_APC_FAITS WHERE CODE_INDC = 'MT_FAITS_1'  AND PERD_ARRT_INFO = 202310 AND CODE_NIV3_APC IN ('3_EPAR_SAL','3_EPAR_BIL','3_EQUIP','3_CONSO','3_ETU') AND CODE_ORGN_FINN IN ('22222') GROUP BY '202405','1','ra23','C000' ,'R001' ,'[M-7]'",
    "PERIMETRE": "SOURCE",
    "DATE_TRT": "2024-06-18 15:08:20.753867"
}'
2024-06-18 15:08:20 DEBUG uploaded into database'{
    "idLigne": 209,
    "idObjet": 1,
    "TBD": "BARO_BDD_CE",
    "PAGE": "Page 1",
    "OBJET": "tb2",
    "DAT_REF": "202405",
    "PERD": "[M-7]",
    "RA_CODE": "ra23",
    "COLS_CODE": "C000",
    "ROWS_CODE": "R000",
    "SQL_CODE_SRC": "SELECT '[p_DAR_REF]' AS DAR,'[p_objet]' AS idObjet,'[p_RA]' AS RA,'[p_COL]' AS COL,'[p_ROW]' AS `ROW`,'[p_PERD]' AS PERD,Sum(VALR_INDC) AS VAL FROM [p_CUBE] WHERE CODE_INDC = '[p_INDI]' GROUP BY '[p_DAR_REF]','[p_objet]','[p_RA]','[p_COL]' ,'[p_ROW]' ,'[p_PERD]'",
    "SQL_CODE_FINAL": "SELECT '202405' AS DAR,'1' AS idObjet,'ra23' AS RA,'C000' AS COL,'R000' AS `ROW`,'[M-7]' AS PERD,Sum(VALR_INDC) AS VAL FROM vw_CUBE_VBPCE_APC_FAITS WHERE CODE_INDC = 'MT_FAITS_1'  AND PERD_ARRT_INFO = 202310 AND CODE_NIV3_APC IN ('3_EPAR_SAL','3_EPAR_BIL','3_EQUIP','3_CONSO','3_ETU') AND CODE_ORGN_FINN IN ('11111') GROUP BY '202405','1','ra23','C000' ,'R000' ,'[M-7]'",
    "PERIMETRE": "SOURCE",
    "DATE_TRT": "2024-06-18 15:08:20.757870"
}'
2024-06-18 15:08:20 DEBUG uploaded into database'{
    "idLigne": 214,
    "idObjet": 1,
    "TBD": "BARO_BDD_CE",
    "PAGE": "Page 1",
    "OBJET": "tb2",
    "DAT_REF": "202405",
    "PERD": "[M-7]",
    "RA_CODE": "ra24",
    "COLS_CODE": "C001",
    "ROWS_CODE": "R002",
    "SQL_CODE_SRC": "SELECT '[p_DAR_REF]' AS DAR,'[p_objet]' AS idObjet,'[p_RA]' AS RA,'[p_COL]' AS COL,'[p_ROW]' AS `ROW`,'[p_PERD]' AS PERD,Sum(VALR_INDC) AS VAL FROM [p_CUBE] WHERE CODE_INDC = '[p_INDI]' GROUP BY '[p_DAR_REF]','[p_objet]','[p_RA]','[p_COL]' ,'[p_ROW]' ,'[p_PERD]'",
    "SQL_CODE_FINAL": "SELECT '202405' AS DAR,'1' AS idObjet,'ra24' AS RA,'C001' AS COL,'R002' AS `ROW`,'[M-7]' AS PERD,Sum(VALR_INDC) AS VAL FROM vw_CUBE_VBPCE_APC_FAITS WHERE CODE_INDC = 'MT_FAITS_2'  AND PERD_ARRT_INFO = 202310 AND CODE_NIV3_APC IN ('3_EPAR_SAL','3_EPAR_BIL','3_EQUIP','3_CONSO','3_ETU') AND CODE_ORGN_FINN IN ('33333') GROUP BY '202405','1','ra24','C001' ,'R002' ,'[M-7]'",
    "PERIMETRE": "SOURCE",
    "DATE_TRT": "2024-06-18 15:08:20.767668"
}'
2024-06-18 15:08:20 DEBUG uploaded into database'{
    "idLigne": 213,
    "idObjet": 1,
    "TBD": "BARO_BDD_CE",
    "PAGE": "Page 1",
    "OBJET": "tb2",
    "DAT_REF": "202405",
    "PERD": "[M-7]",
    "RA_CODE": "ra24",
    "COLS_CODE": "C001",
    "ROWS_CODE": "R001",
    "SQL_CODE_SRC": "SELECT '[p_DAR_REF]' AS DAR,'[p_objet]' AS idObjet,'[p_RA]' AS RA,'[p_COL]' AS COL,'[p_ROW]' AS `ROW`,'[p_PERD]' AS PERD,Sum(VALR_INDC) AS VAL FROM [p_CUBE] WHERE CODE_INDC = '[p_INDI]' GROUP BY '[p_DAR_REF]','[p_objet]','[p_RA]','[p_COL]' ,'[p_ROW]' ,'[p_PERD]'",
    "SQL_CODE_FINAL": "SELECT '202405' AS DAR,'1' AS idObjet,'ra24' AS RA,'C001' AS COL,'R001' AS `ROW`,'[M-7]' AS PERD,Sum(VALR_INDC) AS VAL FROM vw_CUBE_VBPCE_APC_FAITS WHERE CODE_INDC = 'MT_FAITS_2'  AND PERD_ARRT_INFO = 202310 AND CODE_NIV3_APC IN ('3_EPAR_SAL','3_EPAR_BIL','3_EQUIP','3_CONSO','3_ETU') AND CODE_ORGN_FINN IN ('22222') GROUP BY '202405','1','ra24','C001' ,'R001' ,'[M-7]'",
    "PERIMETRE": "SOURCE",
    "DATE_TRT": "2024-06-18 15:08:20.773912"
}'
2024-06-18 15:08:20 DEBUG uploaded into database'{
    "idLigne": 212,
    "idObjet": 1,
    "TBD": "BARO_BDD_CE",
    "PAGE": "Page 1",
    "OBJET": "tb2",
    "DAT_REF": "202405",
    "PERD": "[M-7]",
    "RA_CODE": "ra24",
    "COLS_CODE": "C001",
    "ROWS_CODE": "R000",
    "SQL_CODE_SRC": "SELECT '[p_DAR_REF]' AS DAR,'[p_objet]' AS idObjet,'[p_RA]' AS RA,'[p_COL]' AS COL,'[p_ROW]' AS `ROW`,'[p_PERD]' AS PERD,Sum(VALR_INDC) AS VAL FROM [p_CUBE] WHERE CODE_INDC = '[p_INDI]' GROUP BY '[p_DAR_REF]','[p_objet]','[p_RA]','[p_COL]' ,'[p_ROW]' ,'[p_PERD]'",
    "SQL_CODE_FINAL": "SELECT '202405' AS DAR,'1' AS idObjet,'ra24' AS RA,'C001' AS COL,'R000' AS `ROW`,'[M-7]' AS PERD,Sum(VALR_INDC) AS VAL FROM vw_CUBE_VBPCE_APC_FAITS WHERE CODE_INDC = 'MT_FAITS_2'  AND PERD_ARRT_INFO = 202310 AND CODE_NIV3_APC IN ('3_EPAR_SAL','3_EPAR_BIL','3_EQUIP','3_CONSO','3_ETU') AND CODE_ORGN_FINN IN ('11111') GROUP BY '202405','1','ra24','C001' ,'R000' ,'[M-7]'",
    "PERIMETRE": "SOURCE",
    "DATE_TRT": "2024-06-18 15:08:20.778947"
}'
2024-06-18 15:08:20 DEBUG uploaded into database'{
    "idLigne": 227,
    "idObjet": 2,
    "TBD": "BARO_BDD_CE",
    "PAGE": "Page 2",
    "OBJET": "tb1",
    "DAT_REF": "202405",
    "PERD": "[M-7]",
    "RA_CODE": "ra29",
    "COLS_CODE": "C000",
    "ROWS_CODE": "R003",
    "SQL_CODE_SRC": "SELECT '[p_DAR_REF]' AS DAR,'[p_objet]' AS idObjet,'[p_RA]' AS RA,'[p_COL]' AS COL,'[p_ROW]' AS `ROW`,'[p_PERD]' AS PERD,Sum(VALR_INDC) AS VAL FROM [p_CUBE] WHERE CODE_INDC = '[p_INDI]' GROUP BY '[p_DAR_REF]','[p_objet]','[p_RA]','[p_COL]' ,'[p_ROW]' ,'[p_PERD]'",
    "SQL_CODE_FINAL": "SELECT '202405' AS DAR,'2' AS idObjet,'ra29' AS RA,'C000' AS COL,'R003' AS `ROW`,'[M-7]' AS PERD,Sum(VALR_INDC) AS VAL FROM vw_CUBE_VBPCE_APC_FAITS WHERE CODE_INDC = 'MT_FAITS_1'  AND PERD_ARRT_INFO = 202310 AND CODE_NIV3_APC IN ('3_EPAR_SAL','3_EPAR_BIL','3_EQUIP','3_CONSO','3_ETU') AND CODE_ORGN_FINN IN ('11111','22222','33333') GROUP BY '202405','2','ra29','C000' ,'R003' ,'[M-7]'",
    "PERIMETRE": "SOURCE",
    "DATE_TRT": "2024-06-18 15:08:20.787039"
}'
2024-06-18 15:08:20 DEBUG uploaded into database'{
    "idLigne": 220,
    "idObjet": 2,
    "TBD": "BARO_BDD_CE",
    "PAGE": "Page 2",
    "OBJET": "tb1",
    "DAT_REF": "202405",
    "PERD": "[M-7]",
    "RA_CODE": "ra26",
    "COLS_CODE": "C000",
    "ROWS_CODE": "R002",
    "SQL_CODE_SRC": "SELECT '[p_DAR_REF]' AS DAR,'[p_objet]' AS idObjet,'[p_RA]' AS RA,'[p_COL]' AS COL,'[p_ROW]' AS `ROW`,'[p_PERD]' AS PERD,Sum(VALR_INDC) AS VAL FROM [p_CUBE] WHERE CODE_INDC = '[p_INDI]' GROUP BY '[p_DAR_REF]','[p_objet]','[p_RA]','[p_COL]' ,'[p_ROW]' ,'[p_PERD]'",
    "SQL_CODE_FINAL": "SELECT '202405' AS DAR,'2' AS idObjet,'ra26' AS RA,'C000' AS COL,'R002' AS `ROW`,'[M-7]' AS PERD,Sum(VALR_INDC) AS VAL FROM vw_CUBE_VBPCE_APC_FAITS WHERE CODE_INDC = 'MT_FAITS_1'  AND PERD_ARRT_INFO = 202310 AND CODE_NIV3_APC IN ('3_EPAR_SAL','3_EPAR_BIL','3_EQUIP','3_CONSO','3_ETU') AND CODE_ORGN_FINN IN ('33333') GROUP BY '202405','2','ra26','C000' ,'R002' ,'[M-7]'",
    "PERIMETRE": "SOURCE",
    "DATE_TRT": "2024-06-18 15:08:20.795591"
}'
2024-06-18 15:08:20 DEBUG uploaded into database'{
    "idLigne": 219,
    "idObjet": 2,
    "TBD": "BARO_BDD_CE",
    "PAGE": "Page 2",
    "OBJET": "tb1",
    "DAT_REF": "202405",
    "PERD": "[M-7]",
    "RA_CODE": "ra26",
    "COLS_CODE": "C000",
    "ROWS_CODE": "R001",
    "SQL_CODE_SRC": "SELECT '[p_DAR_REF]' AS DAR,'[p_objet]' AS idObjet,'[p_RA]' AS RA,'[p_COL]' AS COL,'[p_ROW]' AS `ROW`,'[p_PERD]' AS PERD,Sum(VALR_INDC) AS VAL FROM [p_CUBE] WHERE CODE_INDC = '[p_INDI]' GROUP BY '[p_DAR_REF]','[p_objet]','[p_RA]','[p_COL]' ,'[p_ROW]' ,'[p_PERD]'",
    "SQL_CODE_FINAL": "SELECT '202405' AS DAR,'2' AS idObjet,'ra26' AS RA,'C000' AS COL,'R001' AS `ROW`,'[M-7]' AS PERD,Sum(VALR_INDC) AS VAL FROM vw_CUBE_VBPCE_APC_FAITS WHERE CODE_INDC = 'MT_FAITS_1'  AND PERD_ARRT_INFO = 202310 AND CODE_NIV3_APC IN ('3_EPAR_SAL','3_EPAR_BIL','3_EQUIP','3_CONSO','3_ETU') AND CODE_ORGN_FINN IN ('22222') GROUP BY '202405','2','ra26','C000' ,'R001' ,'[M-7]'",
    "PERIMETRE": "SOURCE",
    "DATE_TRT": "2024-06-18 15:08:20.804125"
}'
2024-06-18 15:08:20 DEBUG uploaded into database'{
    "idLigne": 218,
    "idObjet": 2,
    "TBD": "BARO_BDD_CE",
    "PAGE": "Page 2",
    "OBJET": "tb1",
    "DAT_REF": "202405",
    "PERD": "[M-7]",
    "RA_CODE": "ra26",
    "COLS_CODE": "C000",
    "ROWS_CODE": "R000",
    "SQL_CODE_SRC": "SELECT '[p_DAR_REF]' AS DAR,'[p_objet]' AS idObjet,'[p_RA]' AS RA,'[p_COL]' AS COL,'[p_ROW]' AS `ROW`,'[p_PERD]' AS PERD,Sum(VALR_INDC) AS VAL FROM [p_CUBE] WHERE CODE_INDC = '[p_INDI]' GROUP BY '[p_DAR_REF]','[p_objet]','[p_RA]','[p_COL]' ,'[p_ROW]' ,'[p_PERD]'",
    "SQL_CODE_FINAL": "SELECT '202405' AS DAR,'2' AS idObjet,'ra26' AS RA,'C000' AS COL,'R000' AS `ROW`,'[M-7]' AS PERD,Sum(VALR_INDC) AS VAL FROM vw_CUBE_VBPCE_APC_FAITS WHERE CODE_INDC = 'MT_FAITS_1'  AND PERD_ARRT_INFO = 202310 AND CODE_NIV3_APC IN ('3_EPAR_SAL','3_EPAR_BIL','3_EQUIP','3_CONSO','3_ETU') AND CODE_ORGN_FINN IN ('11111') GROUP BY '202405','2','ra26','C000' ,'R000' ,'[M-7]'",
    "PERIMETRE": "SOURCE",
    "DATE_TRT": "2024-06-18 15:08:20.814308"
}'
2024-06-18 15:08:20 DEBUG uploaded into database'{
    "idLigne": 228,
    "idObjet": 2,
    "TBD": "BARO_BDD_CE",
    "PAGE": "Page 2",
    "OBJET": "tb1",
    "DAT_REF": "202405",
    "PERD": "[M12N1]",
    "RA_CODE": "ra30",
    "COLS_CODE": "C001",
    "ROWS_CODE": "R003",
    "SQL_CODE_SRC": "SELECT '[p_DAR_REF]' AS DAR,'[p_objet]' AS idObjet,'[p_RA]' AS RA,'[p_COL]' AS COL,'[p_ROW]' AS `ROW`,'[p_PERD]' AS PERD,Sum([p_INDI]) AS VAL FROM [p_CUBE] WHERE TRUE GROUP BY '[p_DAR_REF]','[p_objet]','[p_RA]','[p_COL]' ,'[p_ROW]' ,'[p_PERD]'",
    "SQL_CODE_FINAL": "SELECT '202405' AS DAR,'2' AS idObjet,'ra30' AS RA,'C001' AS COL,'R003' AS `ROW`,'[M12N1]' AS PERD,Sum(MT_COMM) AS VAL FROM vw_CUBE_DPLT_ICARE_BPCE_ENCR WHERE TRUE  AND PERD_ARRT_INFO = 202312 AND CODE_NIV3_ICARE IN ('3_EPAR_SAL','3_EPAR_BIL','3_EQUIP','3_CONSO','3_ETU') AND CODE_ORGN_FINN IN ('11111','22222','33333') GROUP BY '202405','2','ra30','C001' ,'R003' ,'[M12N1]'",
    "PERIMETRE": "SOURCE",
    "DATE_TRT": "2024-06-18 15:08:20.823861"
}'
2024-06-18 15:08:20 DEBUG uploaded into database'{
    "idLigne": 223,
    "idObjet": 2,
    "TBD": "BARO_BDD_CE",
    "PAGE": "Page 2",
    "OBJET": "tb1",
    "DAT_REF": "202405",
    "PERD": "[M12N1]",
    "RA_CODE": "ra27",
    "COLS_CODE": "C001",
    "ROWS_CODE": "R002",
    "SQL_CODE_SRC": "SELECT '[p_DAR_REF]' AS DAR,'[p_objet]' AS idObjet,'[p_RA]' AS RA,'[p_COL]' AS COL,'[p_ROW]' AS `ROW`,'[p_PERD]' AS PERD,Sum([p_INDI]) AS VAL FROM [p_CUBE] WHERE TRUE GROUP BY '[p_DAR_REF]','[p_objet]','[p_RA]','[p_COL]' ,'[p_ROW]' ,'[p_PERD]'",
    "SQL_CODE_FINAL": "SELECT '202405' AS DAR,'2' AS idObjet,'ra27' AS RA,'C001' AS COL,'R002' AS `ROW`,'[M12N1]' AS PERD,Sum(MT_COMM) AS VAL FROM vw_CUBE_DPLT_ICARE_BPCE_ENCR WHERE TRUE  AND PERD_ARRT_INFO = 202312 AND CODE_NIV3_ICARE IN ('3_EPAR_SAL','3_EPAR_BIL','3_EQUIP','3_CONSO','3_ETU') AND CODE_ORGN_FINN IN ('33333') GROUP BY '202405','2','ra27','C001' ,'R002' ,'[M12N1]'",
    "PERIMETRE": "SOURCE",
    "DATE_TRT": "2024-06-18 15:08:20.828910"
}'
2024-06-18 15:08:20 DEBUG uploaded into database'{
    "idLigne": 222,
    "idObjet": 2,
    "TBD": "BARO_BDD_CE",
    "PAGE": "Page 2",
    "OBJET": "tb1",
    "DAT_REF": "202405",
    "PERD": "[M12N1]",
    "RA_CODE": "ra27",
    "COLS_CODE": "C001",
    "ROWS_CODE": "R001",
    "SQL_CODE_SRC": "SELECT '[p_DAR_REF]' AS DAR,'[p_objet]' AS idObjet,'[p_RA]' AS RA,'[p_COL]' AS COL,'[p_ROW]' AS `ROW`,'[p_PERD]' AS PERD,Sum([p_INDI]) AS VAL FROM [p_CUBE] WHERE TRUE GROUP BY '[p_DAR_REF]','[p_objet]','[p_RA]','[p_COL]' ,'[p_ROW]' ,'[p_PERD]'",
    "SQL_CODE_FINAL": "SELECT '202405' AS DAR,'2' AS idObjet,'ra27' AS RA,'C001' AS COL,'R001' AS `ROW`,'[M12N1]' AS PERD,Sum(MT_COMM) AS VAL FROM vw_CUBE_DPLT_ICARE_BPCE_ENCR WHERE TRUE  AND PERD_ARRT_INFO = 202312 AND CODE_NIV3_ICARE IN ('3_EPAR_SAL','3_EPAR_BIL','3_EQUIP','3_CONSO','3_ETU') AND CODE_ORGN_FINN IN ('22222') GROUP BY '202405','2','ra27','C001' ,'R001' ,'[M12N1]'",
    "PERIMETRE": "SOURCE",
    "DATE_TRT": "2024-06-18 15:08:20.835470"
}'
2024-06-18 15:08:20 DEBUG uploaded into database'{
    "idLigne": 221,
    "idObjet": 2,
    "TBD": "BARO_BDD_CE",
    "PAGE": "Page 2",
    "OBJET": "tb1",
    "DAT_REF": "202405",
    "PERD": "[M12N1]",
    "RA_CODE": "ra27",
    "COLS_CODE": "C001",
    "ROWS_CODE": "R000",
    "SQL_CODE_SRC": "SELECT '[p_DAR_REF]' AS DAR,'[p_objet]' AS idObjet,'[p_RA]' AS RA,'[p_COL]' AS COL,'[p_ROW]' AS `ROW`,'[p_PERD]' AS PERD,Sum([p_INDI]) AS VAL FROM [p_CUBE] WHERE TRUE GROUP BY '[p_DAR_REF]','[p_objet]','[p_RA]','[p_COL]' ,'[p_ROW]' ,'[p_PERD]'",
    "SQL_CODE_FINAL": "SELECT '202405' AS DAR,'2' AS idObjet,'ra27' AS RA,'C001' AS COL,'R000' AS `ROW`,'[M12N1]' AS PERD,Sum(MT_COMM) AS VAL FROM vw_CUBE_DPLT_ICARE_BPCE_ENCR WHERE TRUE  AND PERD_ARRT_INFO = 202312 AND CODE_NIV3_ICARE IN ('3_EPAR_SAL','3_EPAR_BIL','3_EQUIP','3_CONSO','3_ETU') AND CODE_ORGN_FINN IN ('11111') GROUP BY '202405','2','ra27','C001' ,'R000' ,'[M12N1]'",
    "PERIMETRE": "SOURCE",
    "DATE_TRT": "2024-06-18 15:08:20.844280"
}'
